ARM GAS  C:\Users\KEVIN-~1\AppData\Local\Temp\ccGiVjO3.s 			page 1


   1              		.syntax unified
   2              		.cpu cortex-m3
   3              		.fpu softvfp
   4              		.eabi_attribute 20, 1
   5              		.eabi_attribute 21, 1
   6              		.eabi_attribute 23, 3
   7              		.eabi_attribute 24, 1
   8              		.eabi_attribute 25, 1
   9              		.eabi_attribute 26, 1
  10              		.eabi_attribute 30, 6
  11              		.eabi_attribute 18, 4
  12              		.thumb
  13              		.file	"main.c"
  14              		.section	.debug_abbrev,"",%progbits
  15              	.Ldebug_abbrev0:
  16              		.section	.debug_info,"",%progbits
  17              	.Ldebug_info0:
  18              		.section	.debug_line,"",%progbits
  19              	.Ldebug_line0:
  20 0000 07010000 		.text
  20      02005300 
  20      00000201 
  20      FB0E0D00 
  20      01010101 
  21              	.Ltext0:
  22              		.cfi_sections	.debug_frame
  23              		.global	Mux_cycle
  24              		.bss
  25              		.type	Mux_cycle, %object
  26              		.size	Mux_cycle, 1
  27              	Mux_cycle:
  28 0000 00       		.space	1
  29              		.comm	IN_Data_Buffer,16,4
  30              		.comm	OUT_Data_Buffer,16,4
  31              		.comm	ADC_Display_Data,10,4
  32              		.comm	PWM_Duty_Display_Data,5,4
  33              		.comm	ADC_Result,4,4
  34              		.comm	PWM_DutyCycle,1,1
  35              		.comm	OUT_COUNT,1,1
  36              		.global	LCD_Update_Timer
  37 0001 00       		.align	1
  38              		.type	LCD_Update_Timer, %object
  39              		.size	LCD_Update_Timer, 2
  40              	LCD_Update_Timer:
  41 0002 0000     		.space	2
  42              		.global	ValHoldF11
  43              		.type	ValHoldF11, %object
  44              		.size	ValHoldF11, 1
  45              	ValHoldF11:
  46 0004 00       		.space	1
  47              		.global	ValHoldF12
  48              		.type	ValHoldF12, %object
  49              		.size	ValHoldF12, 1
  50              	ValHoldF12:
  51 0005 00       		.space	1
  52              		.global	ValHoldF21
  53              		.type	ValHoldF21, %object
ARM GAS  C:\Users\KEVIN-~1\AppData\Local\Temp\ccGiVjO3.s 			page 2


  54              		.size	ValHoldF21, 1
  55              	ValHoldF21:
  56 0006 00       		.space	1
  57              		.global	ValHoldF22
  58              		.type	ValHoldF22, %object
  59              		.size	ValHoldF22, 1
  60              	ValHoldF22:
  61 0007 00       		.space	1
  62              		.global	ValHoldF31
  63              		.type	ValHoldF31, %object
  64              		.size	ValHoldF31, 1
  65              	ValHoldF31:
  66 0008 00       		.space	1
  67              		.global	ValHoldF32
  68              		.type	ValHoldF32, %object
  69              		.size	ValHoldF32, 1
  70              	ValHoldF32:
  71 0009 00       		.space	1
  72              		.global	ValHoldF41
  73              		.type	ValHoldF41, %object
  74              		.size	ValHoldF41, 1
  75              	ValHoldF41:
  76 000a 00       		.space	1
  77              		.global	ValHoldF42
  78              		.type	ValHoldF42, %object
  79              		.size	ValHoldF42, 1
  80              	ValHoldF42:
  81 000b 00       		.space	1
  82              		.comm	Finger1Array,40,4
  83              		.comm	Finger2Array,40,4
  84              		.comm	Finger3Array,40,4
  85              		.comm	Finger4Array,40,4
  86              		.global	finger1_cnt
  87              		.align	2
  88              		.type	finger1_cnt, %object
  89              		.size	finger1_cnt, 4
  90              	finger1_cnt:
  91 000c 00000000 		.space	4
  92              		.global	finger2_cnt
  93              		.align	2
  94              		.type	finger2_cnt, %object
  95              		.size	finger2_cnt, 4
  96              	finger2_cnt:
  97 0010 00000000 		.space	4
  98              		.global	finger3_cnt
  99              		.align	2
 100              		.type	finger3_cnt, %object
 101              		.size	finger3_cnt, 4
 102              	finger3_cnt:
 103 0014 00000000 		.space	4
 104              		.global	finger4_cnt
 105              		.align	2
 106              		.type	finger4_cnt, %object
 107              		.size	finger4_cnt, 4
 108              	finger4_cnt:
 109 0018 00000000 		.space	4
 110              		.section	.rodata
ARM GAS  C:\Users\KEVIN-~1\AppData\Local\Temp\ccGiVjO3.s 			page 3


 111              		.align	2
 112              	.LC0:
 113 0000 50536F43 		.ascii	"PSoC Generic HID\000"
 113      2047656E 
 113      65726963 
 113      20484944 
 113      00
 114 0011 000000   		.align	2
 115              	.LC1:
 116 0014 41443A00 		.ascii	"AD:\000"
 117              		.align	2
 118              	.LC2:
 119 0018 443A00   		.ascii	"D:\000"
 120              		.section	.text.main,"ax",%progbits
 121              		.align	2
 122              		.global	main
 123              		.thumb
 124              		.thumb_func
 125              		.type	main, %function
 126              	main:
 127              	.LFB29:
 128              		.file 1 ".\\main.c"
   1:.\main.c      **** /*****************************************************************************
   2:.\main.c      **** * File Name: main.c
   3:.\main.c      **** *
   4:.\main.c      **** * Version: 1.1
   5:.\main.c      **** *
   6:.\main.c      **** * Description:
   7:.\main.c      **** * The example project will include a full speed USB component configured to enumerate 
   8:.\main.c      **** * as a HID. The project will read a value from an ADC and monitor the status of a push
   9:.\main.c      **** * button on a DVK board. This collected information will be transfered to the host via an
  10:.\main.c      **** * IN tranfser. An interface application will be used in conjunction to allow the user to adjust the
  11:.\main.c      **** * Duty Cycle of a PWM and control the On/Off state of an LED. This information will be transfered t
  12:.\main.c      **** * the PSoC via an OUT transfer.
  13:.\main.c      **** *
  14:.\main.c      **** * Owner:
  15:.\main.c      **** * Robert Murphy (RLRM)
  16:.\main.c      **** *
  17:.\main.c      **** * Hardware Dependency:
  18:.\main.c      **** * CY8CKIT-001
  19:.\main.c      **** * CY8CKIT-030
  20:.\main.c      **** * CY8CKIT-050
  21:.\main.c      **** *
  22:.\main.c      **** * Code Tested With:
  23:.\main.c      **** * 1. PSoC Creator 2.0
  24:.\main.c      **** * 2. DP8051-Keil Generic Compiler
  25:.\main.c      **** * 3. ARM GCC Compiler
  26:.\main.c      **** ******************************************************************************
  27:.\main.c      **** * Copyright (2011), Cypress Semiconductor Corporation.
  28:.\main.c      **** ******************************************************************************
  29:.\main.c      **** * This software is owned by Cypress Semiconductor Corporation (Cypress) and is
  30:.\main.c      **** * protected by and subject to worldwide patent protection (United States and
  31:.\main.c      **** * foreign), United States copyright laws and international treaty provisions.
  32:.\main.c      **** * Cypress hereby grants to licensee a personal, non-exclusive, non-transferable
  33:.\main.c      **** * license to copy, use, modify, create derivative works of, and compile the
  34:.\main.c      **** * Cypress Source Code and derivative works for the sole purpose of creating
  35:.\main.c      **** * custom software in support of licensee product to be used only in conjunction
ARM GAS  C:\Users\KEVIN-~1\AppData\Local\Temp\ccGiVjO3.s 			page 4


  36:.\main.c      **** * with a Cypress integrated circuit as specified in the applicable agreement.
  37:.\main.c      **** * Any reproduction, modification, translation, compilation, or representation of
  38:.\main.c      **** * this software except as specified above is prohibited without the express
  39:.\main.c      **** * written permission of Cypress.
  40:.\main.c      **** *
  41:.\main.c      **** * Disclaimer: CYPRESS MAKES NO WARRANTY OF ANY KIND, EXPRESS OR IMPLIED, WITH
  42:.\main.c      **** * REGARD TO THIS MATERIAL, INCLUDING, BUT NOT LIMITED TO, THE IMPLIED
  43:.\main.c      **** * WARRANTIES OF MERCHANTABILITY AND FITNESS FOR A PARTICULAR PURPOSE.
  44:.\main.c      **** *
  45:.\main.c      **** * Cypress reserves the right to make changes without further notice to the
  46:.\main.c      **** * materials described herein. Cypress does not assume any liability arising out
  47:.\main.c      **** * of the application or use of any product or circuit described herein. Cypress
  48:.\main.c      **** * does not authorize its products for use as critical components in life-support
  49:.\main.c      **** * systems where a malfunction or failure may reasonably be expected to result in
  50:.\main.c      **** * significant injury to the user. The inclusion of Cypress' product in a life-
  51:.\main.c      **** * support systems application implies that the manufacturer assumes all risk of
  52:.\main.c      **** * such use and in doing so indemnifies Cypress against all charges. Use may be
  53:.\main.c      **** * limited by and subject to the applicable Cypress software license agreement.
  54:.\main.c      **** *****************************************************************************/
  55:.\main.c      **** 
  56:.\main.c      **** #include <device.h>
  57:.\main.c      **** #include <stdio.h>
  58:.\main.c      **** 
  59:.\main.c      **** /* Declare defines for constant variables */
  60:.\main.c      **** #define DEVICE_ID 0
  61:.\main.c      **** #define IN_ENDPOINT 0x01
  62:.\main.c      **** #define OUT_ENDPOINT 0x02
  63:.\main.c      **** #define MAX_NUM_BYTES  8
  64:.\main.c      **** #define UnassignedAddress 0
  65:.\main.c      **** 
  66:.\main.c      **** /* Array Positioning for IN Data */
  67:.\main.c      **** #define ADC_Pos_1 0
  68:.\main.c      **** #define ADC_Pos_2 1
  69:.\main.c      **** #define ADC_Pos_3 2
  70:.\main.c      **** #define ADC_Pos_4 3
  71:.\main.c      **** #define ADC_Pos_5 4
  72:.\main.c      **** #define ADC_Pos_6 5
  73:.\main.c      **** #define ADC_Pos_7 6
  74:.\main.c      **** #define ADC_Pos_8 7
  75:.\main.c      **** 
  76:.\main.c      **** uint8 Mux_cycle = 0;
  77:.\main.c      **** 
  78:.\main.c      **** /* Array Positioning for OUT Data */
  79:.\main.c      **** #define LED_State_Pos 0
  80:.\main.c      **** #define PWM_DC_Pos 1
  81:.\main.c      **** 
  82:.\main.c      **** /* Input and Output Data Buffers */
  83:.\main.c      **** uint8 IN_Data_Buffer[16];  /* [0] = Button Status, [1..4] = ADC Result, [5..7] = Unused */
  84:.\main.c      **** uint8 OUT_Data_Buffer[16]; /* [0] = LED State, [1] = PWM Duty Cycle, [2..7] = Unused */
  85:.\main.c      **** 
  86:.\main.c      **** /* Display buffer for Character LCD */
  87:.\main.c      **** char ADC_Display_Data[10];
  88:.\main.c      **** char PWM_Duty_Display_Data[5];
  89:.\main.c      **** 
  90:.\main.c      **** /* Various Application Variables */
  91:.\main.c      **** int32 ADC_Result;
  92:.\main.c      **** int8 PWM_DutyCycle;
ARM GAS  C:\Users\KEVIN-~1\AppData\Local\Temp\ccGiVjO3.s 			page 5


  93:.\main.c      **** uint8 OUT_COUNT;
  94:.\main.c      **** uint16 LCD_Update_Timer = 0x00;
  95:.\main.c      **** 
  96:.\main.c      **** /* Function Prototypes */
  97:.\main.c      **** void Process_EP2 (void);
  98:.\main.c      **** void Process_EP1 (void);
  99:.\main.c      **** void Update_LCD (void); 
 100:.\main.c      **** 
 101:.\main.c      **** int8 ValHoldF11 = 0;
 102:.\main.c      **** int8 ValHoldF12 = 0;
 103:.\main.c      **** int8 ValHoldF21 = 0;
 104:.\main.c      **** int8 ValHoldF22 = 0;
 105:.\main.c      **** int8 ValHoldF31 = 0;
 106:.\main.c      **** int8 ValHoldF32 = 0;
 107:.\main.c      **** int8 ValHoldF41 = 0;
 108:.\main.c      **** int8 ValHoldF42 = 0;
 109:.\main.c      **** 
 110:.\main.c      **** int32 Finger1Array[10];
 111:.\main.c      **** int32 Finger2Array[10];
 112:.\main.c      **** int32 Finger3Array[10];
 113:.\main.c      **** int32 Finger4Array[10];
 114:.\main.c      **** 
 115:.\main.c      **** int finger1_cnt = 0;
 116:.\main.c      **** int finger2_cnt = 0;
 117:.\main.c      **** int finger3_cnt = 0;
 118:.\main.c      **** int finger4_cnt = 0;
 119:.\main.c      **** 
 120:.\main.c      **** void main (void)
 121:.\main.c      **** {
 129              		.loc 1 121 0
 130              		.cfi_startproc
 131              		@ args = 0, pretend = 0, frame = 0
 132              		@ frame_needed = 1, uses_anonymous_args = 0
 133 0000 80B5     		push	{r7, lr}
 134              	.LCFI0:
 135              		.cfi_def_cfa_offset 8
 136 0002 00AF     		add	r7, sp, #0
 137              		.cfi_offset 14, -4
 138              		.cfi_offset 7, -8
 139              	.LCFI1:
 140              		.cfi_def_cfa_register 7
 122:.\main.c      **** 	/*Enable Global Interrupts */
 123:.\main.c      **** 	CYGlobalIntEnable; 
 141              		.loc 1 123 0
 142              	@ 123 ".\main.c" 1
 143 0004 62B6     		CPSIE   i
 144              	@ 0 "" 2
 124:.\main.c      ****     
 125:.\main.c      ****     //init mux
 126:.\main.c      ****     AMux_1_Start();
 145              		.loc 1 126 0
 146              		.thumb
 147 0006 FFF7FEFF 		bl	AMux_1_Start
 127:.\main.c      **** 	/*Initalize ADC */
 128:.\main.c      **** 	ADC_Start();
 148              		.loc 1 128 0
 149 000a FFF7FEFF 		bl	ADC_Start
ARM GAS  C:\Users\KEVIN-~1\AppData\Local\Temp\ccGiVjO3.s 			page 6


 129:.\main.c      **** 	ADC_StartConvert();
 150              		.loc 1 129 0
 151 000e FFF7FEFF 		bl	ADC_StartConvert
 130:.\main.c      **** 	
 131:.\main.c      **** 	/*Initalize LCD and place static text */
 132:.\main.c      **** 	LCD_Start();
 152              		.loc 1 132 0
 153 0012 FFF7FEFF 		bl	LCD_Start
 133:.\main.c      **** 	LCD_Position(0,0);
 154              		.loc 1 133 0
 155 0016 4FF00000 		mov	r0, #0
 156 001a 4FF00001 		mov	r1, #0
 157 001e FFF7FEFF 		bl	LCD_Position
 134:.\main.c      **** 	LCD_PrintString("PSoC Generic HID");
 158              		.loc 1 134 0
 159 0022 40F20000 		movw	r0, #:lower16:.LC0
 160 0026 C0F20000 		movt	r0, #:upper16:.LC0
 161 002a FFF7FEFF 		bl	LCD_PrintString
 135:.\main.c      **** 	LCD_Position(1,0);
 162              		.loc 1 135 0
 163 002e 4FF00100 		mov	r0, #1
 164 0032 4FF00001 		mov	r1, #0
 165 0036 FFF7FEFF 		bl	LCD_Position
 136:.\main.c      **** 	LCD_PrintString("AD:");
 166              		.loc 1 136 0
 167 003a 40F20000 		movw	r0, #:lower16:.LC1
 168 003e C0F20000 		movt	r0, #:upper16:.LC1
 169 0042 FFF7FEFF 		bl	LCD_PrintString
 137:.\main.c      **** 	LCD_Position(1,11);
 170              		.loc 1 137 0
 171 0046 4FF00100 		mov	r0, #1
 172 004a 4FF00B01 		mov	r1, #11
 173 004e FFF7FEFF 		bl	LCD_Position
 138:.\main.c      **** 	LCD_PrintString("D:");
 174              		.loc 1 138 0
 175 0052 40F20000 		movw	r0, #:lower16:.LC2
 176 0056 C0F20000 		movt	r0, #:upper16:.LC2
 177 005a FFF7FEFF 		bl	LCD_PrintString
 139:.\main.c      **** 	
 140:.\main.c      **** 	/*Initalize PWM */
 141:.\main.c      **** 	PWM_Start();
 178              		.loc 1 141 0
 179 005e FFF7FEFF 		bl	PWM_Start
 142:.\main.c      **** 	PWM_WriteCompare(10);
 180              		.loc 1 142 0
 181 0062 4FF00A00 		mov	r0, #10
 182 0066 FFF7FEFF 		bl	PWM_WriteCompare
 143:.\main.c      **** 	
 144:.\main.c      **** 	/*Initalize LED Off */
 145:.\main.c      **** 	LED_2_Write(1);
 183              		.loc 1 145 0
 184 006a 4FF00100 		mov	r0, #1
 185 006e FFF7FEFF 		bl	LED_2_Write
 146:.\main.c      **** 	
 147:.\main.c      ****     /* Start USBFS Operation for the DEVICE_ID and with 5V operation  */
 148:.\main.c      ****     USBFS_Start(0, USBFS_DWR_VDDD_OPERATION); 
 186              		.loc 1 148 0
ARM GAS  C:\Users\KEVIN-~1\AppData\Local\Temp\ccGiVjO3.s 			page 7


 187 0072 4FF00000 		mov	r0, #0
 188 0076 4FF00201 		mov	r1, #2
 189 007a FFF7FEFF 		bl	USBFS_Start
 190              	.L2:
 149:.\main.c      **** 	
 150:.\main.c      **** 	/* Ensure device is configured before running code */
 151:.\main.c      ****     while(USBFS_bGetConfiguration() == 0x00)
 191              		.loc 1 151 0
 192 007e FFF7FEFF 		bl	USBFS_GetConfiguration
 193 0082 0346     		mov	r3, r0
 194 0084 002B     		cmp	r3, #0
 195 0086 FAD0     		beq	.L2
 196              	.L6:
 152:.\main.c      **** 	{
 153:.\main.c      **** 		/* Waiting for device to be configured */
 154:.\main.c      **** 	}
 155:.\main.c      **** 	
 156:.\main.c      ****     for(;;)
 157:.\main.c      ****     {
 158:.\main.c      **** 		/* Prepare the push button and ADC data to be sent to the host */
 159:.\main.c      **** 		Process_EP1();
 197              		.loc 1 159 0
 198 0088 FFF7FEFF 		bl	Process_EP1
 160:.\main.c      **** 		
 161:.\main.c      **** 		/*Check to see if the IN Endpoint is empty. If so, load it with Input data to be tranfered */
 162:.\main.c      **** 		if(USBFS_GetEPState(IN_ENDPOINT) == USBFS_IN_BUFFER_EMPTY)
 199              		.loc 1 162 0
 200 008c 4FF00100 		mov	r0, #1
 201 0090 FFF7FEFF 		bl	USBFS_GetEPState
 202 0094 0346     		mov	r3, r0
 203 0096 012B     		cmp	r3, #1
 204 0098 0DD1     		bne	.L3
 163:.\main.c      **** 		{
 164:.\main.c      **** 			/* Load data located in IN_Data_Buffer and load it into the IN endpoint */
 165:.\main.c      **** 			USBFS_LoadEP(IN_ENDPOINT, IN_Data_Buffer, MAX_NUM_BYTES);
 205              		.loc 1 165 0
 206 009a 4FF00100 		mov	r0, #1
 207 009e 40F20001 		movw	r1, #:lower16:IN_Data_Buffer
 208 00a2 C0F20001 		movt	r1, #:upper16:IN_Data_Buffer
 209 00a6 4FF00802 		mov	r2, #8
 210 00aa FFF7FEFF 		bl	USBFS_LoadInEP
 166:.\main.c      **** 			/* Enable the OUT endpoint to recieve data */
 167:.\main.c      **** 			USBFS_EnableOutEP(OUT_ENDPOINT);
 211              		.loc 1 167 0
 212 00ae 4FF00200 		mov	r0, #2
 213 00b2 FFF7FEFF 		bl	USBFS_EnableOutEP
 214              	.L3:
 168:.\main.c      **** 		}	
 169:.\main.c      **** 		
 170:.\main.c      **** 		/* Check to see if the OUT Endpoint is full from a recieved transaction. */
 171:.\main.c      **** 		if(USBFS_GetEPState(OUT_ENDPOINT) == USBFS_OUT_BUFFER_FULL)
 215              		.loc 1 171 0
 216 00b6 4FF00200 		mov	r0, #2
 217 00ba FFF7FEFF 		bl	USBFS_GetEPState
 218 00be 0346     		mov	r3, r0
 219 00c0 012B     		cmp	r3, #1
 220 00c2 1CD1     		bne	.L4
ARM GAS  C:\Users\KEVIN-~1\AppData\Local\Temp\ccGiVjO3.s 			page 8


 172:.\main.c      **** 		{
 173:.\main.c      **** 			/* Get the number of bytes recieved */
 174:.\main.c      **** 			OUT_COUNT = USBFS_GetEPCount(OUT_ENDPOINT);
 221              		.loc 1 174 0
 222 00c4 4FF00200 		mov	r0, #2
 223 00c8 FFF7FEFF 		bl	USBFS_GetEPCount
 224 00cc 0346     		mov	r3, r0
 225 00ce DAB2     		uxtb	r2, r3
 226 00d0 40F20003 		movw	r3, #:lower16:OUT_COUNT
 227 00d4 C0F20003 		movt	r3, #:upper16:OUT_COUNT
 228 00d8 1A70     		strb	r2, [r3, #0]
 175:.\main.c      **** 			/* Read the OUT endpoint and store data in OUT_Data_Buffer */
 176:.\main.c      **** 			USBFS_ReadOutEP(OUT_ENDPOINT, OUT_Data_Buffer, OUT_COUNT);
 229              		.loc 1 176 0
 230 00da 40F20003 		movw	r3, #:lower16:OUT_COUNT
 231 00de C0F20003 		movt	r3, #:upper16:OUT_COUNT
 232 00e2 1B78     		ldrb	r3, [r3, #0]	@ zero_extendqisi2
 233 00e4 4FF00200 		mov	r0, #2
 234 00e8 40F20001 		movw	r1, #:lower16:OUT_Data_Buffer
 235 00ec C0F20001 		movt	r1, #:upper16:OUT_Data_Buffer
 236 00f0 1A46     		mov	r2, r3
 237 00f2 FFF7FEFF 		bl	USBFS_ReadOutEP
 177:.\main.c      **** 			/* Re-enable OUT endpoint */
 178:.\main.c      **** 			USBFS_EnableOutEP(OUT_ENDPOINT);
 238              		.loc 1 178 0
 239 00f6 4FF00200 		mov	r0, #2
 240 00fa FFF7FEFF 		bl	USBFS_EnableOutEP
 241              	.L4:
 179:.\main.c      **** 		}
 180:.\main.c      **** 		
 181:.\main.c      **** 		/* Process the data recieved from the host */
 182:.\main.c      **** 		Process_EP2();
 242              		.loc 1 182 0
 243 00fe FFF7FEFF 		bl	Process_EP2
 183:.\main.c      **** 		
 184:.\main.c      **** 		/* Impliment a perodic delay for updating the LCD */
 185:.\main.c      **** 		if(LCD_Update_Timer >= 0x08FF)
 244              		.loc 1 185 0
 245 0102 40F20003 		movw	r3, #:lower16:LCD_Update_Timer
 246 0106 C0F20003 		movt	r3, #:upper16:LCD_Update_Timer
 247 010a 1A88     		ldrh	r2, [r3, #0]
 248 010c 40F6FE03 		movw	r3, #2302
 249 0110 9A42     		cmp	r2, r3
 250 0112 01D9     		bls	.L5
 186:.\main.c      **** 		{
 187:.\main.c      **** 			/* Call function to update Character LCD with ADC and PWM Duty Cycle value */
 188:.\main.c      **** 			Update_LCD();
 251              		.loc 1 188 0
 252 0114 FFF7FEFF 		bl	Update_LCD
 253              	.L5:
 189:.\main.c      **** 		}
 190:.\main.c      **** 		
 191:.\main.c      **** 		/* Increment LCD Timer */
 192:.\main.c      **** 		LCD_Update_Timer ++;
 254              		.loc 1 192 0
 255 0118 40F20003 		movw	r3, #:lower16:LCD_Update_Timer
 256 011c C0F20003 		movt	r3, #:upper16:LCD_Update_Timer
ARM GAS  C:\Users\KEVIN-~1\AppData\Local\Temp\ccGiVjO3.s 			page 9


 257 0120 1B88     		ldrh	r3, [r3, #0]
 258 0122 03F10103 		add	r3, r3, #1
 259 0126 9AB2     		uxth	r2, r3
 260 0128 40F20003 		movw	r3, #:lower16:LCD_Update_Timer
 261 012c C0F20003 		movt	r3, #:upper16:LCD_Update_Timer
 262 0130 1A80     		strh	r2, [r3, #0]	@ movhi
 193:.\main.c      ****     }
 263              		.loc 1 193 0
 264 0132 A9E7     		b	.L6
 265              		.cfi_endproc
 266              	.LFE29:
 267              		.size	main, .-main
 268              		.section	.text.Process_EP2,"ax",%progbits
 269              		.align	2
 270              		.global	Process_EP2
 271              		.thumb
 272              		.thumb_func
 273              		.type	Process_EP2, %function
 274              	Process_EP2:
 275              	.LFB30:
 194:.\main.c      **** }
 195:.\main.c      **** 
 196:.\main.c      **** /**********************************************************************
 197:.\main.c      **** * NAME: Process_EP2
 198:.\main.c      **** * 
 199:.\main.c      **** * DESCRIPTION: Function to process the OUT data (data sent from the PC).
 200:.\main.c      **** * This data includes the state of LED_2 (On or Off) and the duty cycle
 201:.\main.c      **** * of the PWM attached to LED_1.
 202:.\main.c      **** * 
 203:.\main.c      **** ***********************************************************************/
 204:.\main.c      **** void Process_EP2 (void)
 205:.\main.c      **** {
 276              		.loc 1 205 0
 277              		.cfi_startproc
 278              		@ args = 0, pretend = 0, frame = 0
 279              		@ frame_needed = 1, uses_anonymous_args = 0
 280 0000 80B5     		push	{r7, lr}
 281              	.LCFI2:
 282              		.cfi_def_cfa_offset 8
 283 0002 00AF     		add	r7, sp, #0
 284              		.cfi_offset 14, -4
 285              		.cfi_offset 7, -8
 286              	.LCFI3:
 287              		.cfi_def_cfa_register 7
 206:.\main.c      **** 	/* Update PWM Compare Value */
 207:.\main.c      **** 	if((OUT_Data_Buffer[PWM_DC_Pos] > 0) && (OUT_Data_Buffer[PWM_DC_Pos] <= 100))
 288              		.loc 1 207 0
 289 0004 40F20003 		movw	r3, #:lower16:OUT_Data_Buffer
 290 0008 C0F20003 		movt	r3, #:upper16:OUT_Data_Buffer
 291 000c 5B78     		ldrb	r3, [r3, #1]	@ zero_extendqisi2
 292 000e 002B     		cmp	r3, #0
 293 0010 1AD0     		beq	.L9
 294 0012 40F20003 		movw	r3, #:lower16:OUT_Data_Buffer
 295 0016 C0F20003 		movt	r3, #:upper16:OUT_Data_Buffer
 296 001a 5B78     		ldrb	r3, [r3, #1]	@ zero_extendqisi2
 297 001c 642B     		cmp	r3, #100
 298 001e 13D8     		bhi	.L9
ARM GAS  C:\Users\KEVIN-~1\AppData\Local\Temp\ccGiVjO3.s 			page 10


 208:.\main.c      **** 	{
 209:.\main.c      **** 		PWM_DutyCycle = OUT_Data_Buffer[PWM_DC_Pos];
 299              		.loc 1 209 0
 300 0020 40F20003 		movw	r3, #:lower16:OUT_Data_Buffer
 301 0024 C0F20003 		movt	r3, #:upper16:OUT_Data_Buffer
 302 0028 5B78     		ldrb	r3, [r3, #1]	@ zero_extendqisi2
 303 002a 1A46     		mov	r2, r3
 304 002c 40F20003 		movw	r3, #:lower16:PWM_DutyCycle
 305 0030 C0F20003 		movt	r3, #:upper16:PWM_DutyCycle
 306 0034 1A70     		strb	r2, [r3, #0]
 210:.\main.c      **** 		PWM_WriteCompare(PWM_DutyCycle);
 307              		.loc 1 210 0
 308 0036 40F20003 		movw	r3, #:lower16:PWM_DutyCycle
 309 003a C0F20003 		movt	r3, #:upper16:PWM_DutyCycle
 310 003e 1B78     		ldrb	r3, [r3, #0]	@ zero_extendqisi2
 311 0040 DBB2     		uxtb	r3, r3
 312 0042 1846     		mov	r0, r3
 313 0044 FFF7FEFF 		bl	PWM_WriteCompare
 314              	.L9:
 211:.\main.c      **** 	}
 212:.\main.c      **** 	
 213:.\main.c      **** 	/* Check to see if LED_2 Should be on */
 214:.\main.c      **** 	if(OUT_Data_Buffer[LED_State_Pos] != 0)
 315              		.loc 1 214 0
 316 0048 40F20003 		movw	r3, #:lower16:OUT_Data_Buffer
 317 004c C0F20003 		movt	r3, #:upper16:OUT_Data_Buffer
 318 0050 1B78     		ldrb	r3, [r3, #0]	@ zero_extendqisi2
 319 0052 002B     		cmp	r3, #0
 320 0054 04D0     		beq	.L10
 215:.\main.c      **** 	{
 216:.\main.c      **** 		LED_2_Write(1);
 321              		.loc 1 216 0
 322 0056 4FF00100 		mov	r0, #1
 323 005a FFF7FEFF 		bl	LED_2_Write
 324 005e 03E0     		b	.L12
 325              	.L10:
 217:.\main.c      **** 	}
 218:.\main.c      **** 	else
 219:.\main.c      **** 	{
 220:.\main.c      **** 		LED_2_Write(0);
 326              		.loc 1 220 0
 327 0060 4FF00000 		mov	r0, #0
 328 0064 FFF7FEFF 		bl	LED_2_Write
 329              	.L12:
 221:.\main.c      **** 	}
 222:.\main.c      **** }
 330              		.loc 1 222 0
 331 0068 80BD     		pop	{r7, pc}
 332              		.cfi_endproc
 333              	.LFE30:
 334              		.size	Process_EP2, .-Process_EP2
 335 006a 00BF     		.section	.text.Process_EP1,"ax",%progbits
 336              		.align	2
 337              		.global	Process_EP1
 338              		.thumb
 339              		.thumb_func
 340              		.type	Process_EP1, %function
ARM GAS  C:\Users\KEVIN-~1\AppData\Local\Temp\ccGiVjO3.s 			page 11


 341              	Process_EP1:
 342              	.LFB31:
 223:.\main.c      **** 
 224:.\main.c      **** /**********************************************************************
 225:.\main.c      **** * NAME: Process_EP1
 226:.\main.c      **** * 
 227:.\main.c      **** * DESCRIPTION: Function to process the IN data (data sent to the PC).
 228:.\main.c      **** * This data includes the value read from the DelSig ADC and the current 
 229:.\main.c      **** * status of push button connected to SW_In.
 230:.\main.c      **** * 
 231:.\main.c      **** ***********************************************************************/
 232:.\main.c      **** void Process_EP1 (void)
 233:.\main.c      **** {
 343              		.loc 1 233 0
 344              		.cfi_startproc
 345              		@ args = 0, pretend = 0, frame = 24
 346              		@ frame_needed = 1, uses_anonymous_args = 0
 347 0000 80B5     		push	{r7, lr}
 348              	.LCFI4:
 349              		.cfi_def_cfa_offset 8
 350 0002 86B0     		sub	sp, sp, #24
 351              	.LCFI5:
 352              		.cfi_def_cfa_offset 32
 353 0004 00AF     		add	r7, sp, #0
 354              		.cfi_offset 14, -4
 355              		.cfi_offset 7, -8
 356              	.LCFI6:
 357              		.cfi_def_cfa_register 7
 234:.\main.c      **** 
 235:.\main.c      **** 	/* Check if ADC data is ready */
 236:.\main.c      **** 	if(ADC_IsEndConversion(ADC_RETURN_STATUS) != 0x00)
 358              		.loc 1 236 0
 359 0006 4FF00100 		mov	r0, #1
 360 000a FFF7FEFF 		bl	ADC_IsEndConversion
 361 000e 0346     		mov	r3, r0
 362 0010 002B     		cmp	r3, #0
 363 0012 00F08082 		beq	.L30
 364              	.LBB2:
 237:.\main.c      **** 	{
 238:.\main.c      ****         /* Read ADC Sample */
 239:.\main.c      **** 		ADC_Result = ADC_GetResult32();
 365              		.loc 1 239 0
 366 0016 FFF7FEFF 		bl	ADC_GetResult32
 367 001a 0246     		mov	r2, r0
 368 001c 40F20003 		movw	r3, #:lower16:ADC_Result
 369 0020 C0F20003 		movt	r3, #:upper16:ADC_Result
 370 0024 1A60     		str	r2, [r3, #0]
 240:.\main.c      ****         
 241:.\main.c      ****         if (ADC_Result<0) ADC_Result = 0;
 371              		.loc 1 241 0
 372 0026 40F20003 		movw	r3, #:lower16:ADC_Result
 373 002a C0F20003 		movt	r3, #:upper16:ADC_Result
 374 002e 1B68     		ldr	r3, [r3, #0]
 375 0030 002B     		cmp	r3, #0
 376 0032 06DA     		bge	.L15
 377 0034 40F20003 		movw	r3, #:lower16:ADC_Result
 378 0038 C0F20003 		movt	r3, #:upper16:ADC_Result
ARM GAS  C:\Users\KEVIN-~1\AppData\Local\Temp\ccGiVjO3.s 			page 12


 379 003c 4FF00002 		mov	r2, #0
 380 0040 1A60     		str	r2, [r3, #0]
 381              	.L15:
 242:.\main.c      ****         if (ADC_Result>65536) ADC_Result = 65536;
 382              		.loc 1 242 0
 383 0042 40F20003 		movw	r3, #:lower16:ADC_Result
 384 0046 C0F20003 		movt	r3, #:upper16:ADC_Result
 385 004a 1B68     		ldr	r3, [r3, #0]
 386 004c B3F5803F 		cmp	r3, #65536
 387 0050 06DD     		ble	.L16
 388 0052 40F20003 		movw	r3, #:lower16:ADC_Result
 389 0056 C0F20003 		movt	r3, #:upper16:ADC_Result
 390 005a 4FF48032 		mov	r2, #65536
 391 005e 1A60     		str	r2, [r3, #0]
 392              	.L16:
 243:.\main.c      ****         
 244:.\main.c      ****         int i;
 245:.\main.c      ****         if(Mux_cycle==0){
 393              		.loc 1 245 0
 394 0060 40F20003 		movw	r3, #:lower16:Mux_cycle
 395 0064 C0F20003 		movt	r3, #:upper16:Mux_cycle
 396 0068 1B78     		ldrb	r3, [r3, #0]	@ zero_extendqisi2
 397 006a 002B     		cmp	r3, #0
 398 006c 70D1     		bne	.L17
 399              	.LBB3:
 246:.\main.c      ****             
 247:.\main.c      ****             Finger1Array[finger1_cnt] = ADC_Result;
 400              		.loc 1 247 0
 401 006e 40F20003 		movw	r3, #:lower16:finger1_cnt
 402 0072 C0F20003 		movt	r3, #:upper16:finger1_cnt
 403 0076 1A68     		ldr	r2, [r3, #0]
 404 0078 40F20003 		movw	r3, #:lower16:ADC_Result
 405 007c C0F20003 		movt	r3, #:upper16:ADC_Result
 406 0080 1968     		ldr	r1, [r3, #0]
 407 0082 40F20003 		movw	r3, #:lower16:Finger1Array
 408 0086 C0F20003 		movt	r3, #:upper16:Finger1Array
 409 008a 43F82210 		str	r1, [r3, r2, lsl #2]
 248:.\main.c      ****             
 249:.\main.c      ****             finger1_cnt++;
 410              		.loc 1 249 0
 411 008e 40F20003 		movw	r3, #:lower16:finger1_cnt
 412 0092 C0F20003 		movt	r3, #:upper16:finger1_cnt
 413 0096 1B68     		ldr	r3, [r3, #0]
 414 0098 03F10102 		add	r2, r3, #1
 415 009c 40F20003 		movw	r3, #:lower16:finger1_cnt
 416 00a0 C0F20003 		movt	r3, #:upper16:finger1_cnt
 417 00a4 1A60     		str	r2, [r3, #0]
 250:.\main.c      ****             int Val_Holder = 0;
 418              		.loc 1 250 0
 419 00a6 4FF00003 		mov	r3, #0
 420 00aa BB60     		str	r3, [r7, #8]
 251:.\main.c      ****             for (i=0;i<10;i++){
 421              		.loc 1 251 0
 422 00ac 4FF00003 		mov	r3, #0
 423 00b0 7B60     		str	r3, [r7, #4]
 424 00b2 0DE0     		b	.L18
 425              	.L19:
ARM GAS  C:\Users\KEVIN-~1\AppData\Local\Temp\ccGiVjO3.s 			page 13


 252:.\main.c      ****                 Val_Holder = Val_Holder+Finger1Array[i];
 426              		.loc 1 252 0
 427 00b4 7A68     		ldr	r2, [r7, #4]
 428 00b6 40F20003 		movw	r3, #:lower16:Finger1Array
 429 00ba C0F20003 		movt	r3, #:upper16:Finger1Array
 430 00be 53F82230 		ldr	r3, [r3, r2, lsl #2]
 431 00c2 BA68     		ldr	r2, [r7, #8]
 432 00c4 1344     		add	r3, r2, r3
 433 00c6 BB60     		str	r3, [r7, #8]
 434              		.loc 1 251 0
 435 00c8 7B68     		ldr	r3, [r7, #4]
 436 00ca 03F10103 		add	r3, r3, #1
 437 00ce 7B60     		str	r3, [r7, #4]
 438              	.L18:
 439 00d0 7B68     		ldr	r3, [r7, #4]
 440 00d2 092B     		cmp	r3, #9
 441 00d4 EEDD     		ble	.L19
 253:.\main.c      ****             }
 254:.\main.c      ****         
 255:.\main.c      ****             Val_Holder = Val_Holder/10;
 442              		.loc 1 255 0
 443 00d6 BA68     		ldr	r2, [r7, #8]
 444 00d8 46F26763 		movw	r3, #:lower16:1717986919
 445 00dc C6F26663 		movt	r3, #:upper16:1717986919
 446 00e0 83FB0213 		smull	r1, r3, r3, r2
 447 00e4 4FEAA301 		asr	r1, r3, #2
 448 00e8 4FEAE273 		asr	r3, r2, #31
 449 00ec C3EB0103 		rsb	r3, r3, r1
 450 00f0 BB60     		str	r3, [r7, #8]
 256:.\main.c      **** 		    
 257:.\main.c      ****             ValHoldF11 = (int8) 0x000000FF & (Val_Holder >>  8);
 451              		.loc 1 257 0
 452 00f2 BB68     		ldr	r3, [r7, #8]
 453 00f4 4FEA2323 		asr	r3, r3, #8
 454 00f8 DAB2     		uxtb	r2, r3
 455 00fa 40F20003 		movw	r3, #:lower16:ValHoldF11
 456 00fe C0F20003 		movt	r3, #:upper16:ValHoldF11
 457 0102 1A70     		strb	r2, [r3, #0]
 258:.\main.c      ****             ValHoldF12 = (int8) 0x000000FF & Val_Holder;
 458              		.loc 1 258 0
 459 0104 BB68     		ldr	r3, [r7, #8]
 460 0106 DAB2     		uxtb	r2, r3
 461 0108 40F20003 		movw	r3, #:lower16:ValHoldF12
 462 010c C0F20003 		movt	r3, #:upper16:ValHoldF12
 463 0110 1A70     		strb	r2, [r3, #0]
 259:.\main.c      ****             
 260:.\main.c      ****             finger1_cnt = finger1_cnt%10;
 464              		.loc 1 260 0
 465 0112 40F20003 		movw	r3, #:lower16:finger1_cnt
 466 0116 C0F20003 		movt	r3, #:upper16:finger1_cnt
 467 011a 1968     		ldr	r1, [r3, #0]
 468 011c 46F26763 		movw	r3, #:lower16:1717986919
 469 0120 C6F26663 		movt	r3, #:upper16:1717986919
 470 0124 83FB0123 		smull	r2, r3, r3, r1
 471 0128 4FEAA302 		asr	r2, r3, #2
 472 012c 4FEAE173 		asr	r3, r1, #31
 473 0130 C3EB0202 		rsb	r2, r3, r2
ARM GAS  C:\Users\KEVIN-~1\AppData\Local\Temp\ccGiVjO3.s 			page 14


 474 0134 1346     		mov	r3, r2
 475 0136 4FEA8303 		lsl	r3, r3, #2
 476 013a 1344     		add	r3, r3, r2
 477 013c 4FEA4303 		lsl	r3, r3, #1
 478 0140 C3EB0102 		rsb	r2, r3, r1
 479 0144 40F20003 		movw	r3, #:lower16:finger1_cnt
 480 0148 C0F20003 		movt	r3, #:upper16:finger1_cnt
 481 014c 1A60     		str	r2, [r3, #0]
 482 014e 66E1     		b	.L20
 483              	.L17:
 484              	.LBE3:
 261:.\main.c      ****             
 262:.\main.c      ****         }
 263:.\main.c      ****         else if(Mux_cycle==1){
 485              		.loc 1 263 0
 486 0150 40F20003 		movw	r3, #:lower16:Mux_cycle
 487 0154 C0F20003 		movt	r3, #:upper16:Mux_cycle
 488 0158 1B78     		ldrb	r3, [r3, #0]	@ zero_extendqisi2
 489 015a 012B     		cmp	r3, #1
 490 015c 70D1     		bne	.L21
 491              	.LBB4:
 264:.\main.c      ****             Finger2Array[finger2_cnt] = ADC_Result;
 492              		.loc 1 264 0
 493 015e 40F20003 		movw	r3, #:lower16:finger2_cnt
 494 0162 C0F20003 		movt	r3, #:upper16:finger2_cnt
 495 0166 1A68     		ldr	r2, [r3, #0]
 496 0168 40F20003 		movw	r3, #:lower16:ADC_Result
 497 016c C0F20003 		movt	r3, #:upper16:ADC_Result
 498 0170 1968     		ldr	r1, [r3, #0]
 499 0172 40F20003 		movw	r3, #:lower16:Finger2Array
 500 0176 C0F20003 		movt	r3, #:upper16:Finger2Array
 501 017a 43F82210 		str	r1, [r3, r2, lsl #2]
 265:.\main.c      ****             
 266:.\main.c      ****             finger2_cnt++;
 502              		.loc 1 266 0
 503 017e 40F20003 		movw	r3, #:lower16:finger2_cnt
 504 0182 C0F20003 		movt	r3, #:upper16:finger2_cnt
 505 0186 1B68     		ldr	r3, [r3, #0]
 506 0188 03F10102 		add	r2, r3, #1
 507 018c 40F20003 		movw	r3, #:lower16:finger2_cnt
 508 0190 C0F20003 		movt	r3, #:upper16:finger2_cnt
 509 0194 1A60     		str	r2, [r3, #0]
 267:.\main.c      ****             int Val_Holder = 0;
 510              		.loc 1 267 0
 511 0196 4FF00003 		mov	r3, #0
 512 019a FB60     		str	r3, [r7, #12]
 268:.\main.c      ****             for (i=0;i<10;i++){
 513              		.loc 1 268 0
 514 019c 4FF00003 		mov	r3, #0
 515 01a0 7B60     		str	r3, [r7, #4]
 516 01a2 0DE0     		b	.L22
 517              	.L23:
 269:.\main.c      ****                 Val_Holder = Val_Holder+Finger2Array[i];
 518              		.loc 1 269 0
 519 01a4 7A68     		ldr	r2, [r7, #4]
 520 01a6 40F20003 		movw	r3, #:lower16:Finger2Array
 521 01aa C0F20003 		movt	r3, #:upper16:Finger2Array
ARM GAS  C:\Users\KEVIN-~1\AppData\Local\Temp\ccGiVjO3.s 			page 15


 522 01ae 53F82230 		ldr	r3, [r3, r2, lsl #2]
 523 01b2 FA68     		ldr	r2, [r7, #12]
 524 01b4 1344     		add	r3, r2, r3
 525 01b6 FB60     		str	r3, [r7, #12]
 526              		.loc 1 268 0
 527 01b8 7B68     		ldr	r3, [r7, #4]
 528 01ba 03F10103 		add	r3, r3, #1
 529 01be 7B60     		str	r3, [r7, #4]
 530              	.L22:
 531 01c0 7B68     		ldr	r3, [r7, #4]
 532 01c2 092B     		cmp	r3, #9
 533 01c4 EEDD     		ble	.L23
 270:.\main.c      ****             }
 271:.\main.c      ****         
 272:.\main.c      ****             Val_Holder = Val_Holder/10;
 534              		.loc 1 272 0
 535 01c6 FA68     		ldr	r2, [r7, #12]
 536 01c8 46F26763 		movw	r3, #:lower16:1717986919
 537 01cc C6F26663 		movt	r3, #:upper16:1717986919
 538 01d0 83FB0213 		smull	r1, r3, r3, r2
 539 01d4 4FEAA301 		asr	r1, r3, #2
 540 01d8 4FEAE273 		asr	r3, r2, #31
 541 01dc C3EB0103 		rsb	r3, r3, r1
 542 01e0 FB60     		str	r3, [r7, #12]
 273:.\main.c      ****         
 274:.\main.c      ****             ValHoldF21 = (int8) 0x000000FF & (Val_Holder >>  8);
 543              		.loc 1 274 0
 544 01e2 FB68     		ldr	r3, [r7, #12]
 545 01e4 4FEA2323 		asr	r3, r3, #8
 546 01e8 DAB2     		uxtb	r2, r3
 547 01ea 40F20003 		movw	r3, #:lower16:ValHoldF21
 548 01ee C0F20003 		movt	r3, #:upper16:ValHoldF21
 549 01f2 1A70     		strb	r2, [r3, #0]
 275:.\main.c      ****             ValHoldF22 = (int8) 0x000000FF & Val_Holder;
 550              		.loc 1 275 0
 551 01f4 FB68     		ldr	r3, [r7, #12]
 552 01f6 DAB2     		uxtb	r2, r3
 553 01f8 40F20003 		movw	r3, #:lower16:ValHoldF22
 554 01fc C0F20003 		movt	r3, #:upper16:ValHoldF22
 555 0200 1A70     		strb	r2, [r3, #0]
 276:.\main.c      ****             finger2_cnt = finger2_cnt%10;
 556              		.loc 1 276 0
 557 0202 40F20003 		movw	r3, #:lower16:finger2_cnt
 558 0206 C0F20003 		movt	r3, #:upper16:finger2_cnt
 559 020a 1968     		ldr	r1, [r3, #0]
 560 020c 46F26763 		movw	r3, #:lower16:1717986919
 561 0210 C6F26663 		movt	r3, #:upper16:1717986919
 562 0214 83FB0123 		smull	r2, r3, r3, r1
 563 0218 4FEAA302 		asr	r2, r3, #2
 564 021c 4FEAE173 		asr	r3, r1, #31
 565 0220 C3EB0202 		rsb	r2, r3, r2
 566 0224 1346     		mov	r3, r2
 567 0226 4FEA8303 		lsl	r3, r3, #2
 568 022a 1344     		add	r3, r3, r2
 569 022c 4FEA4303 		lsl	r3, r3, #1
 570 0230 C3EB0102 		rsb	r2, r3, r1
 571 0234 40F20003 		movw	r3, #:lower16:finger2_cnt
ARM GAS  C:\Users\KEVIN-~1\AppData\Local\Temp\ccGiVjO3.s 			page 16


 572 0238 C0F20003 		movt	r3, #:upper16:finger2_cnt
 573 023c 1A60     		str	r2, [r3, #0]
 574 023e EEE0     		b	.L20
 575              	.L21:
 576              	.LBE4:
 277:.\main.c      ****         }
 278:.\main.c      ****         else if(Mux_cycle==2){
 577              		.loc 1 278 0
 578 0240 40F20003 		movw	r3, #:lower16:Mux_cycle
 579 0244 C0F20003 		movt	r3, #:upper16:Mux_cycle
 580 0248 1B78     		ldrb	r3, [r3, #0]	@ zero_extendqisi2
 581 024a 022B     		cmp	r3, #2
 582 024c 70D1     		bne	.L24
 583              	.LBB5:
 279:.\main.c      ****             Finger3Array[finger3_cnt] = ADC_Result;
 584              		.loc 1 279 0
 585 024e 40F20003 		movw	r3, #:lower16:finger3_cnt
 586 0252 C0F20003 		movt	r3, #:upper16:finger3_cnt
 587 0256 1A68     		ldr	r2, [r3, #0]
 588 0258 40F20003 		movw	r3, #:lower16:ADC_Result
 589 025c C0F20003 		movt	r3, #:upper16:ADC_Result
 590 0260 1968     		ldr	r1, [r3, #0]
 591 0262 40F20003 		movw	r3, #:lower16:Finger3Array
 592 0266 C0F20003 		movt	r3, #:upper16:Finger3Array
 593 026a 43F82210 		str	r1, [r3, r2, lsl #2]
 280:.\main.c      ****             
 281:.\main.c      ****             finger3_cnt++;
 594              		.loc 1 281 0
 595 026e 40F20003 		movw	r3, #:lower16:finger3_cnt
 596 0272 C0F20003 		movt	r3, #:upper16:finger3_cnt
 597 0276 1B68     		ldr	r3, [r3, #0]
 598 0278 03F10102 		add	r2, r3, #1
 599 027c 40F20003 		movw	r3, #:lower16:finger3_cnt
 600 0280 C0F20003 		movt	r3, #:upper16:finger3_cnt
 601 0284 1A60     		str	r2, [r3, #0]
 282:.\main.c      ****             int Val_Holder = 0;
 602              		.loc 1 282 0
 603 0286 4FF00003 		mov	r3, #0
 604 028a 3B61     		str	r3, [r7, #16]
 283:.\main.c      ****             for (i=0;i<10;i++){
 605              		.loc 1 283 0
 606 028c 4FF00003 		mov	r3, #0
 607 0290 7B60     		str	r3, [r7, #4]
 608 0292 0DE0     		b	.L25
 609              	.L26:
 284:.\main.c      ****                 Val_Holder = Val_Holder+Finger3Array[i];
 610              		.loc 1 284 0
 611 0294 7A68     		ldr	r2, [r7, #4]
 612 0296 40F20003 		movw	r3, #:lower16:Finger3Array
 613 029a C0F20003 		movt	r3, #:upper16:Finger3Array
 614 029e 53F82230 		ldr	r3, [r3, r2, lsl #2]
 615 02a2 3A69     		ldr	r2, [r7, #16]
 616 02a4 1344     		add	r3, r2, r3
 617 02a6 3B61     		str	r3, [r7, #16]
 618              		.loc 1 283 0
 619 02a8 7B68     		ldr	r3, [r7, #4]
 620 02aa 03F10103 		add	r3, r3, #1
ARM GAS  C:\Users\KEVIN-~1\AppData\Local\Temp\ccGiVjO3.s 			page 17


 621 02ae 7B60     		str	r3, [r7, #4]
 622              	.L25:
 623 02b0 7B68     		ldr	r3, [r7, #4]
 624 02b2 092B     		cmp	r3, #9
 625 02b4 EEDD     		ble	.L26
 285:.\main.c      ****             }
 286:.\main.c      ****         
 287:.\main.c      ****             Val_Holder = Val_Holder/10;
 626              		.loc 1 287 0
 627 02b6 3A69     		ldr	r2, [r7, #16]
 628 02b8 46F26763 		movw	r3, #:lower16:1717986919
 629 02bc C6F26663 		movt	r3, #:upper16:1717986919
 630 02c0 83FB0213 		smull	r1, r3, r3, r2
 631 02c4 4FEAA301 		asr	r1, r3, #2
 632 02c8 4FEAE273 		asr	r3, r2, #31
 633 02cc C3EB0103 		rsb	r3, r3, r1
 634 02d0 3B61     		str	r3, [r7, #16]
 288:.\main.c      ****         
 289:.\main.c      ****         
 290:.\main.c      ****             ValHoldF31 = (int8) 0x000000FF & (Val_Holder >>  8);
 635              		.loc 1 290 0
 636 02d2 3B69     		ldr	r3, [r7, #16]
 637 02d4 4FEA2323 		asr	r3, r3, #8
 638 02d8 DAB2     		uxtb	r2, r3
 639 02da 40F20003 		movw	r3, #:lower16:ValHoldF31
 640 02de C0F20003 		movt	r3, #:upper16:ValHoldF31
 641 02e2 1A70     		strb	r2, [r3, #0]
 291:.\main.c      ****             ValHoldF32 = (int8) 0x000000FF & Val_Holder;
 642              		.loc 1 291 0
 643 02e4 3B69     		ldr	r3, [r7, #16]
 644 02e6 DAB2     		uxtb	r2, r3
 645 02e8 40F20003 		movw	r3, #:lower16:ValHoldF32
 646 02ec C0F20003 		movt	r3, #:upper16:ValHoldF32
 647 02f0 1A70     		strb	r2, [r3, #0]
 292:.\main.c      ****             finger3_cnt = finger3_cnt%10;
 648              		.loc 1 292 0
 649 02f2 40F20003 		movw	r3, #:lower16:finger3_cnt
 650 02f6 C0F20003 		movt	r3, #:upper16:finger3_cnt
 651 02fa 1968     		ldr	r1, [r3, #0]
 652 02fc 46F26763 		movw	r3, #:lower16:1717986919
 653 0300 C6F26663 		movt	r3, #:upper16:1717986919
 654 0304 83FB0123 		smull	r2, r3, r3, r1
 655 0308 4FEAA302 		asr	r2, r3, #2
 656 030c 4FEAE173 		asr	r3, r1, #31
 657 0310 C3EB0202 		rsb	r2, r3, r2
 658 0314 1346     		mov	r3, r2
 659 0316 4FEA8303 		lsl	r3, r3, #2
 660 031a 1344     		add	r3, r3, r2
 661 031c 4FEA4303 		lsl	r3, r3, #1
 662 0320 C3EB0102 		rsb	r2, r3, r1
 663 0324 40F20003 		movw	r3, #:lower16:finger3_cnt
 664 0328 C0F20003 		movt	r3, #:upper16:finger3_cnt
 665 032c 1A60     		str	r2, [r3, #0]
 666 032e 76E0     		b	.L20
 667              	.L24:
 668              	.LBE5:
 293:.\main.c      ****         }
ARM GAS  C:\Users\KEVIN-~1\AppData\Local\Temp\ccGiVjO3.s 			page 18


 294:.\main.c      ****         else if(Mux_cycle==3){
 669              		.loc 1 294 0
 670 0330 40F20003 		movw	r3, #:lower16:Mux_cycle
 671 0334 C0F20003 		movt	r3, #:upper16:Mux_cycle
 672 0338 1B78     		ldrb	r3, [r3, #0]	@ zero_extendqisi2
 673 033a 032B     		cmp	r3, #3
 674 033c 6FD1     		bne	.L20
 675              	.LBB6:
 295:.\main.c      ****         
 296:.\main.c      ****             Finger4Array[finger4_cnt] = ADC_Result;
 676              		.loc 1 296 0
 677 033e 40F20003 		movw	r3, #:lower16:finger4_cnt
 678 0342 C0F20003 		movt	r3, #:upper16:finger4_cnt
 679 0346 1A68     		ldr	r2, [r3, #0]
 680 0348 40F20003 		movw	r3, #:lower16:ADC_Result
 681 034c C0F20003 		movt	r3, #:upper16:ADC_Result
 682 0350 1968     		ldr	r1, [r3, #0]
 683 0352 40F20003 		movw	r3, #:lower16:Finger4Array
 684 0356 C0F20003 		movt	r3, #:upper16:Finger4Array
 685 035a 43F82210 		str	r1, [r3, r2, lsl #2]
 297:.\main.c      ****             
 298:.\main.c      ****             finger4_cnt++;
 686              		.loc 1 298 0
 687 035e 40F20003 		movw	r3, #:lower16:finger4_cnt
 688 0362 C0F20003 		movt	r3, #:upper16:finger4_cnt
 689 0366 1B68     		ldr	r3, [r3, #0]
 690 0368 03F10102 		add	r2, r3, #1
 691 036c 40F20003 		movw	r3, #:lower16:finger4_cnt
 692 0370 C0F20003 		movt	r3, #:upper16:finger4_cnt
 693 0374 1A60     		str	r2, [r3, #0]
 299:.\main.c      ****             int Val_Holder = 0;
 694              		.loc 1 299 0
 695 0376 4FF00003 		mov	r3, #0
 696 037a 7B61     		str	r3, [r7, #20]
 300:.\main.c      ****             for (i=0;i<10;i++){
 697              		.loc 1 300 0
 698 037c 4FF00003 		mov	r3, #0
 699 0380 7B60     		str	r3, [r7, #4]
 700 0382 0DE0     		b	.L27
 701              	.L28:
 301:.\main.c      ****                 Val_Holder = Val_Holder+Finger4Array[i];
 702              		.loc 1 301 0
 703 0384 7A68     		ldr	r2, [r7, #4]
 704 0386 40F20003 		movw	r3, #:lower16:Finger4Array
 705 038a C0F20003 		movt	r3, #:upper16:Finger4Array
 706 038e 53F82230 		ldr	r3, [r3, r2, lsl #2]
 707 0392 7A69     		ldr	r2, [r7, #20]
 708 0394 1344     		add	r3, r2, r3
 709 0396 7B61     		str	r3, [r7, #20]
 710              		.loc 1 300 0
 711 0398 7B68     		ldr	r3, [r7, #4]
 712 039a 03F10103 		add	r3, r3, #1
 713 039e 7B60     		str	r3, [r7, #4]
 714              	.L27:
 715 03a0 7B68     		ldr	r3, [r7, #4]
 716 03a2 092B     		cmp	r3, #9
 717 03a4 EEDD     		ble	.L28
ARM GAS  C:\Users\KEVIN-~1\AppData\Local\Temp\ccGiVjO3.s 			page 19


 302:.\main.c      ****             }
 303:.\main.c      ****         
 304:.\main.c      ****             Val_Holder = Val_Holder/10;
 718              		.loc 1 304 0
 719 03a6 7A69     		ldr	r2, [r7, #20]
 720 03a8 46F26763 		movw	r3, #:lower16:1717986919
 721 03ac C6F26663 		movt	r3, #:upper16:1717986919
 722 03b0 83FB0213 		smull	r1, r3, r3, r2
 723 03b4 4FEAA301 		asr	r1, r3, #2
 724 03b8 4FEAE273 		asr	r3, r2, #31
 725 03bc C3EB0103 		rsb	r3, r3, r1
 726 03c0 7B61     		str	r3, [r7, #20]
 305:.\main.c      ****         
 306:.\main.c      ****             ValHoldF41 = (int8) 0x000000FF & (Val_Holder >>  8);
 727              		.loc 1 306 0
 728 03c2 7B69     		ldr	r3, [r7, #20]
 729 03c4 4FEA2323 		asr	r3, r3, #8
 730 03c8 DAB2     		uxtb	r2, r3
 731 03ca 40F20003 		movw	r3, #:lower16:ValHoldF41
 732 03ce C0F20003 		movt	r3, #:upper16:ValHoldF41
 733 03d2 1A70     		strb	r2, [r3, #0]
 307:.\main.c      ****             ValHoldF42 = (int8) 0x000000FF & Val_Holder;
 734              		.loc 1 307 0
 735 03d4 7B69     		ldr	r3, [r7, #20]
 736 03d6 DAB2     		uxtb	r2, r3
 737 03d8 40F20003 		movw	r3, #:lower16:ValHoldF42
 738 03dc C0F20003 		movt	r3, #:upper16:ValHoldF42
 739 03e0 1A70     		strb	r2, [r3, #0]
 308:.\main.c      ****             
 309:.\main.c      ****             finger4_cnt = finger4_cnt%10;
 740              		.loc 1 309 0
 741 03e2 40F20003 		movw	r3, #:lower16:finger4_cnt
 742 03e6 C0F20003 		movt	r3, #:upper16:finger4_cnt
 743 03ea 1968     		ldr	r1, [r3, #0]
 744 03ec 46F26763 		movw	r3, #:lower16:1717986919
 745 03f0 C6F26663 		movt	r3, #:upper16:1717986919
 746 03f4 83FB0123 		smull	r2, r3, r3, r1
 747 03f8 4FEAA302 		asr	r2, r3, #2
 748 03fc 4FEAE173 		asr	r3, r1, #31
 749 0400 C3EB0202 		rsb	r2, r3, r2
 750 0404 1346     		mov	r3, r2
 751 0406 4FEA8303 		lsl	r3, r3, #2
 752 040a 1344     		add	r3, r3, r2
 753 040c 4FEA4303 		lsl	r3, r3, #1
 754 0410 C3EB0102 		rsb	r2, r3, r1
 755 0414 40F20003 		movw	r3, #:lower16:finger4_cnt
 756 0418 C0F20003 		movt	r3, #:upper16:finger4_cnt
 757 041c 1A60     		str	r2, [r3, #0]
 758              	.L20:
 759              	.LBE6:
 310:.\main.c      ****         }
 311:.\main.c      ****         IN_Data_Buffer[ADC_Pos_1] = ValHoldF11;
 760              		.loc 1 311 0
 761 041e 40F20003 		movw	r3, #:lower16:ValHoldF11
 762 0422 C0F20003 		movt	r3, #:upper16:ValHoldF11
 763 0426 1B78     		ldrb	r3, [r3, #0]	@ zero_extendqisi2
 764 0428 DAB2     		uxtb	r2, r3
ARM GAS  C:\Users\KEVIN-~1\AppData\Local\Temp\ccGiVjO3.s 			page 20


 765 042a 40F20003 		movw	r3, #:lower16:IN_Data_Buffer
 766 042e C0F20003 		movt	r3, #:upper16:IN_Data_Buffer
 767 0432 1A70     		strb	r2, [r3, #0]
 312:.\main.c      **** 		IN_Data_Buffer[ADC_Pos_2] = ValHoldF12;
 768              		.loc 1 312 0
 769 0434 40F20003 		movw	r3, #:lower16:ValHoldF12
 770 0438 C0F20003 		movt	r3, #:upper16:ValHoldF12
 771 043c 1B78     		ldrb	r3, [r3, #0]	@ zero_extendqisi2
 772 043e DAB2     		uxtb	r2, r3
 773 0440 40F20003 		movw	r3, #:lower16:IN_Data_Buffer
 774 0444 C0F20003 		movt	r3, #:upper16:IN_Data_Buffer
 775 0448 5A70     		strb	r2, [r3, #1]
 313:.\main.c      ****         IN_Data_Buffer[ADC_Pos_3] = ValHoldF21;
 776              		.loc 1 313 0
 777 044a 40F20003 		movw	r3, #:lower16:ValHoldF21
 778 044e C0F20003 		movt	r3, #:upper16:ValHoldF21
 779 0452 1B78     		ldrb	r3, [r3, #0]	@ zero_extendqisi2
 780 0454 DAB2     		uxtb	r2, r3
 781 0456 40F20003 		movw	r3, #:lower16:IN_Data_Buffer
 782 045a C0F20003 		movt	r3, #:upper16:IN_Data_Buffer
 783 045e 9A70     		strb	r2, [r3, #2]
 314:.\main.c      **** 		IN_Data_Buffer[ADC_Pos_4] = ValHoldF22;
 784              		.loc 1 314 0
 785 0460 40F20003 		movw	r3, #:lower16:ValHoldF22
 786 0464 C0F20003 		movt	r3, #:upper16:ValHoldF22
 787 0468 1B78     		ldrb	r3, [r3, #0]	@ zero_extendqisi2
 788 046a DAB2     		uxtb	r2, r3
 789 046c 40F20003 		movw	r3, #:lower16:IN_Data_Buffer
 790 0470 C0F20003 		movt	r3, #:upper16:IN_Data_Buffer
 791 0474 DA70     		strb	r2, [r3, #3]
 315:.\main.c      ****         IN_Data_Buffer[ADC_Pos_5] = ValHoldF31;
 792              		.loc 1 315 0
 793 0476 40F20003 		movw	r3, #:lower16:ValHoldF31
 794 047a C0F20003 		movt	r3, #:upper16:ValHoldF31
 795 047e 1B78     		ldrb	r3, [r3, #0]	@ zero_extendqisi2
 796 0480 DAB2     		uxtb	r2, r3
 797 0482 40F20003 		movw	r3, #:lower16:IN_Data_Buffer
 798 0486 C0F20003 		movt	r3, #:upper16:IN_Data_Buffer
 799 048a 1A71     		strb	r2, [r3, #4]
 316:.\main.c      **** 		IN_Data_Buffer[ADC_Pos_6] = ValHoldF32;
 800              		.loc 1 316 0
 801 048c 40F20003 		movw	r3, #:lower16:ValHoldF32
 802 0490 C0F20003 		movt	r3, #:upper16:ValHoldF32
 803 0494 1B78     		ldrb	r3, [r3, #0]	@ zero_extendqisi2
 804 0496 DAB2     		uxtb	r2, r3
 805 0498 40F20003 		movw	r3, #:lower16:IN_Data_Buffer
 806 049c C0F20003 		movt	r3, #:upper16:IN_Data_Buffer
 807 04a0 5A71     		strb	r2, [r3, #5]
 317:.\main.c      ****         IN_Data_Buffer[ADC_Pos_7] = ValHoldF41;
 808              		.loc 1 317 0
 809 04a2 40F20003 		movw	r3, #:lower16:ValHoldF41
 810 04a6 C0F20003 		movt	r3, #:upper16:ValHoldF41
 811 04aa 1B78     		ldrb	r3, [r3, #0]	@ zero_extendqisi2
 812 04ac DAB2     		uxtb	r2, r3
 813 04ae 40F20003 		movw	r3, #:lower16:IN_Data_Buffer
 814 04b2 C0F20003 		movt	r3, #:upper16:IN_Data_Buffer
 815 04b6 9A71     		strb	r2, [r3, #6]
ARM GAS  C:\Users\KEVIN-~1\AppData\Local\Temp\ccGiVjO3.s 			page 21


 318:.\main.c      **** 		IN_Data_Buffer[ADC_Pos_8] = ValHoldF42;
 816              		.loc 1 318 0
 817 04b8 40F20003 		movw	r3, #:lower16:ValHoldF42
 818 04bc C0F20003 		movt	r3, #:upper16:ValHoldF42
 819 04c0 1B78     		ldrb	r3, [r3, #0]	@ zero_extendqisi2
 820 04c2 DAB2     		uxtb	r2, r3
 821 04c4 40F20003 		movw	r3, #:lower16:IN_Data_Buffer
 822 04c8 C0F20003 		movt	r3, #:upper16:IN_Data_Buffer
 823 04cc DA71     		strb	r2, [r3, #7]
 319:.\main.c      ****         
 320:.\main.c      ****         
 321:.\main.c      ****         AMux_1_Select(Mux_cycle);
 824              		.loc 1 321 0
 825 04ce 40F20003 		movw	r3, #:lower16:Mux_cycle
 826 04d2 C0F20003 		movt	r3, #:upper16:Mux_cycle
 827 04d6 1B78     		ldrb	r3, [r3, #0]	@ zero_extendqisi2
 828 04d8 1846     		mov	r0, r3
 829 04da FFF7FEFF 		bl	AMux_1_FastSelect
 322:.\main.c      ****         if (Mux_cycle<3)Mux_cycle++;
 830              		.loc 1 322 0
 831 04de 40F20003 		movw	r3, #:lower16:Mux_cycle
 832 04e2 C0F20003 		movt	r3, #:upper16:Mux_cycle
 833 04e6 1B78     		ldrb	r3, [r3, #0]	@ zero_extendqisi2
 834 04e8 022B     		cmp	r3, #2
 835 04ea 0DD8     		bhi	.L29
 836 04ec 40F20003 		movw	r3, #:lower16:Mux_cycle
 837 04f0 C0F20003 		movt	r3, #:upper16:Mux_cycle
 838 04f4 1B78     		ldrb	r3, [r3, #0]	@ zero_extendqisi2
 839 04f6 03F10103 		add	r3, r3, #1
 840 04fa DAB2     		uxtb	r2, r3
 841 04fc 40F20003 		movw	r3, #:lower16:Mux_cycle
 842 0500 C0F20003 		movt	r3, #:upper16:Mux_cycle
 843 0504 1A70     		strb	r2, [r3, #0]
 844 0506 06E0     		b	.L30
 845              	.L29:
 323:.\main.c      ****         else Mux_cycle = 0;
 846              		.loc 1 323 0
 847 0508 40F20003 		movw	r3, #:lower16:Mux_cycle
 848 050c C0F20003 		movt	r3, #:upper16:Mux_cycle
 849 0510 4FF00002 		mov	r2, #0
 850 0514 1A70     		strb	r2, [r3, #0]
 851              	.L30:
 852              	.LBE2:
 324:.\main.c      ****         
 325:.\main.c      **** 	}
 326:.\main.c      **** }
 853              		.loc 1 326 0
 854 0516 07F11807 		add	r7, r7, #24
 855 051a BD46     		mov	sp, r7
 856 051c 80BD     		pop	{r7, pc}
 857              		.cfi_endproc
 858              	.LFE31:
 859              		.size	Process_EP1, .-Process_EP1
 860 051e 00BF     		.section	.rodata
 861 001b 00       		.align	2
 862              	.LC3:
 863 001c 252D376C 		.ascii	"%-7ld\000"
ARM GAS  C:\Users\KEVIN-~1\AppData\Local\Temp\ccGiVjO3.s 			page 22


 863      6400
 864 0022 0000     		.align	2
 865              	.LC4:
 866 0024 252D3364 		.ascii	"%-3d\000"
 866      00
 867 0029 000000   		.section	.text.Update_LCD,"ax",%progbits
 868              		.align	2
 869              		.global	Update_LCD
 870              		.thumb
 871              		.thumb_func
 872              		.type	Update_LCD, %function
 873              	Update_LCD:
 874              	.LFB32:
 327:.\main.c      **** 
 328:.\main.c      **** /**********************************************************************
 329:.\main.c      ****     * NAME: Update_LCD
 330:.\main.c      **** * 
 331:.\main.c      **** * DESCRIPTION: Function periodically update the Character LCD with the
 332:.\main.c      **** * ADC value and PWM duty cycle.
 333:.\main.c      **** * 
 334:.\main.c      **** ***********************************************************************/
 335:.\main.c      **** void Update_LCD (void)
 336:.\main.c      **** {
 875              		.loc 1 336 0
 876              		.cfi_startproc
 877              		@ args = 0, pretend = 0, frame = 0
 878              		@ frame_needed = 1, uses_anonymous_args = 0
 879 0000 80B5     		push	{r7, lr}
 880              	.LCFI7:
 881              		.cfi_def_cfa_offset 8
 882 0002 00AF     		add	r7, sp, #0
 883              		.cfi_offset 14, -4
 884              		.cfi_offset 7, -8
 885              	.LCFI8:
 886              		.cfi_def_cfa_register 7
 337:.\main.c      **** 	/* Convert ADC Value to CHAR and display on Character LCD */
 338:.\main.c      **** 	sprintf(ADC_Display_Data, "%-7ld", ADC_Result);
 887              		.loc 1 338 0
 888 0004 40F20003 		movw	r3, #:lower16:ADC_Result
 889 0008 C0F20003 		movt	r3, #:upper16:ADC_Result
 890 000c 1B68     		ldr	r3, [r3, #0]
 891 000e 40F20000 		movw	r0, #:lower16:ADC_Display_Data
 892 0012 C0F20000 		movt	r0, #:upper16:ADC_Display_Data
 893 0016 40F20001 		movw	r1, #:lower16:.LC3
 894 001a C0F20001 		movt	r1, #:upper16:.LC3
 895 001e 1A46     		mov	r2, r3
 896 0020 FFF7FEFF 		bl	sprintf
 339:.\main.c      **** 	LCD_Position(1,3);
 897              		.loc 1 339 0
 898 0024 4FF00100 		mov	r0, #1
 899 0028 4FF00301 		mov	r1, #3
 900 002c FFF7FEFF 		bl	LCD_Position
 340:.\main.c      **** 	LCD_PrintString(ADC_Display_Data);
 901              		.loc 1 340 0
 902 0030 40F20000 		movw	r0, #:lower16:ADC_Display_Data
 903 0034 C0F20000 		movt	r0, #:upper16:ADC_Display_Data
 904 0038 FFF7FEFF 		bl	LCD_PrintString
ARM GAS  C:\Users\KEVIN-~1\AppData\Local\Temp\ccGiVjO3.s 			page 23


 341:.\main.c      **** 	
 342:.\main.c      **** 	/* Convert PWM Duty Cycle to CHAR and display on Character LCD */
 343:.\main.c      **** 	sprintf(PWM_Duty_Display_Data, "%-3d", (int16)PWM_ReadCompare());
 905              		.loc 1 343 0
 906 003c 46F22B43 		movw	r3, #:lower16:1073767467
 907 0040 C4F20003 		movt	r3, #:upper16:1073767467
 908 0044 1B78     		ldrb	r3, [r3, #0]
 909 0046 DBB2     		uxtb	r3, r3
 910 0048 40F20000 		movw	r0, #:lower16:PWM_Duty_Display_Data
 911 004c C0F20000 		movt	r0, #:upper16:PWM_Duty_Display_Data
 912 0050 40F20001 		movw	r1, #:lower16:.LC4
 913 0054 C0F20001 		movt	r1, #:upper16:.LC4
 914 0058 1A46     		mov	r2, r3
 915 005a FFF7FEFF 		bl	sprintf
 344:.\main.c      **** 	LCD_Position(1,13);
 916              		.loc 1 344 0
 917 005e 4FF00100 		mov	r0, #1
 918 0062 4FF00D01 		mov	r1, #13
 919 0066 FFF7FEFF 		bl	LCD_Position
 345:.\main.c      **** 	LCD_PrintString(PWM_Duty_Display_Data);	
 920              		.loc 1 345 0
 921 006a 40F20000 		movw	r0, #:lower16:PWM_Duty_Display_Data
 922 006e C0F20000 		movt	r0, #:upper16:PWM_Duty_Display_Data
 923 0072 FFF7FEFF 		bl	LCD_PrintString
 346:.\main.c      **** 	
 347:.\main.c      **** 	/* Reset LCD Update Timer */
 348:.\main.c      **** 	LCD_Update_Timer = 0x00;
 924              		.loc 1 348 0
 925 0076 40F20003 		movw	r3, #:lower16:LCD_Update_Timer
 926 007a C0F20003 		movt	r3, #:upper16:LCD_Update_Timer
 927 007e 4FF00002 		mov	r2, #0
 928 0082 1A80     		strh	r2, [r3, #0]	@ movhi
 349:.\main.c      **** }
 929              		.loc 1 349 0
 930 0084 80BD     		pop	{r7, pc}
 931              		.cfi_endproc
 932              	.LFE32:
 933              		.size	Update_LCD, .-Update_LCD
 934 0086 00BF     		.text
 935              	.Letext0:
 936              		.section	.debug_loc,"",%progbits
 937              	.Ldebug_loc0:
 938              	.LLST0:
 939 0000 00000000 		.4byte	.LFB29
 940 0004 02000000 		.4byte	.LCFI0
 941 0008 0100     		.2byte	0x1
 942 000a 5D       		.byte	0x5d
 943 000b 02000000 		.4byte	.LCFI0
 944 000f 04000000 		.4byte	.LCFI1
 945 0013 0200     		.2byte	0x2
 946 0015 7D       		.byte	0x7d
 947 0016 08       		.sleb128 8
 948 0017 04000000 		.4byte	.LCFI1
 949 001b 34010000 		.4byte	.LFE29
 950 001f 0200     		.2byte	0x2
 951 0021 77       		.byte	0x77
 952 0022 08       		.sleb128 8
ARM GAS  C:\Users\KEVIN-~1\AppData\Local\Temp\ccGiVjO3.s 			page 24


 953 0023 00000000 		.4byte	0x0
 954 0027 00000000 		.4byte	0x0
 955              	.LLST1:
 956 002b 00000000 		.4byte	.LFB30
 957 002f 02000000 		.4byte	.LCFI2
 958 0033 0100     		.2byte	0x1
 959 0035 5D       		.byte	0x5d
 960 0036 02000000 		.4byte	.LCFI2
 961 003a 04000000 		.4byte	.LCFI3
 962 003e 0200     		.2byte	0x2
 963 0040 7D       		.byte	0x7d
 964 0041 08       		.sleb128 8
 965 0042 04000000 		.4byte	.LCFI3
 966 0046 6A000000 		.4byte	.LFE30
 967 004a 0200     		.2byte	0x2
 968 004c 77       		.byte	0x77
 969 004d 08       		.sleb128 8
 970 004e 00000000 		.4byte	0x0
 971 0052 00000000 		.4byte	0x0
 972              	.LLST2:
 973 0056 00000000 		.4byte	.LFB31
 974 005a 02000000 		.4byte	.LCFI4
 975 005e 0100     		.2byte	0x1
 976 0060 5D       		.byte	0x5d
 977 0061 02000000 		.4byte	.LCFI4
 978 0065 04000000 		.4byte	.LCFI5
 979 0069 0200     		.2byte	0x2
 980 006b 7D       		.byte	0x7d
 981 006c 08       		.sleb128 8
 982 006d 04000000 		.4byte	.LCFI5
 983 0071 06000000 		.4byte	.LCFI6
 984 0075 0200     		.2byte	0x2
 985 0077 7D       		.byte	0x7d
 986 0078 20       		.sleb128 32
 987 0079 06000000 		.4byte	.LCFI6
 988 007d 1E050000 		.4byte	.LFE31
 989 0081 0200     		.2byte	0x2
 990 0083 77       		.byte	0x77
 991 0084 20       		.sleb128 32
 992 0085 00000000 		.4byte	0x0
 993 0089 00000000 		.4byte	0x0
 994              	.LLST3:
 995 008d 00000000 		.4byte	.LFB32
 996 0091 02000000 		.4byte	.LCFI7
 997 0095 0100     		.2byte	0x1
 998 0097 5D       		.byte	0x5d
 999 0098 02000000 		.4byte	.LCFI7
 1000 009c 04000000 		.4byte	.LCFI8
 1001 00a0 0200     		.2byte	0x2
 1002 00a2 7D       		.byte	0x7d
 1003 00a3 08       		.sleb128 8
 1004 00a4 04000000 		.4byte	.LCFI8
 1005 00a8 86000000 		.4byte	.LFE32
 1006 00ac 0200     		.2byte	0x2
 1007 00ae 77       		.byte	0x77
 1008 00af 08       		.sleb128 8
 1009 00b0 00000000 		.4byte	0x0
ARM GAS  C:\Users\KEVIN-~1\AppData\Local\Temp\ccGiVjO3.s 			page 25


 1010 00b4 00000000 		.4byte	0x0
 1011              		.file 2 "./Generated_Source/PSoC5/cytypes.h"
 1012              		.file 3 "./Generated_Source/PSoC5/core_cm3.h"
 1013              		.section	.debug_info
 1014 0000 96030000 		.4byte	0x396
 1015 0004 0200     		.2byte	0x2
 1016 0006 00000000 		.4byte	.Ldebug_abbrev0
 1017 000a 04       		.byte	0x4
 1018 000b 01       		.uleb128 0x1
 1019 000c E7010000 		.4byte	.LASF44
 1020 0010 01       		.byte	0x1
 1021 0011 8E000000 		.4byte	.LASF45
 1022 0015 7A010000 		.4byte	.LASF46
 1023 0019 00000000 		.4byte	0x0
 1024 001d 00000000 		.4byte	0x0
 1025 0021 00000000 		.4byte	.Ldebug_ranges0+0x0
 1026 0025 00000000 		.4byte	.Ldebug_line0
 1027 0029 02       		.uleb128 0x2
 1028 002a 01       		.byte	0x1
 1029 002b 06       		.byte	0x6
 1030 002c 6B020000 		.4byte	.LASF0
 1031 0030 02       		.uleb128 0x2
 1032 0031 01       		.byte	0x1
 1033 0032 08       		.byte	0x8
 1034 0033 C1000000 		.4byte	.LASF1
 1035 0037 02       		.uleb128 0x2
 1036 0038 02       		.byte	0x2
 1037 0039 05       		.byte	0x5
 1038 003a 26020000 		.4byte	.LASF2
 1039 003e 02       		.uleb128 0x2
 1040 003f 02       		.byte	0x2
 1041 0040 07       		.byte	0x7
 1042 0041 77020000 		.4byte	.LASF3
 1043 0045 02       		.uleb128 0x2
 1044 0046 04       		.byte	0x4
 1045 0047 05       		.byte	0x5
 1046 0048 4C020000 		.4byte	.LASF4
 1047 004c 02       		.uleb128 0x2
 1048 004d 04       		.byte	0x4
 1049 004e 07       		.byte	0x7
 1050 004f DB000000 		.4byte	.LASF5
 1051 0053 02       		.uleb128 0x2
 1052 0054 08       		.byte	0x8
 1053 0055 05       		.byte	0x5
 1054 0056 00000000 		.4byte	.LASF6
 1055 005a 02       		.uleb128 0x2
 1056 005b 08       		.byte	0x8
 1057 005c 07       		.byte	0x7
 1058 005d 28010000 		.4byte	.LASF7
 1059 0061 03       		.uleb128 0x3
 1060 0062 04       		.byte	0x4
 1061 0063 05       		.byte	0x5
 1062 0064 696E7400 		.ascii	"int\000"
 1063 0068 02       		.uleb128 0x2
 1064 0069 04       		.byte	0x4
 1065 006a 07       		.byte	0x7
 1066 006b 0B010000 		.4byte	.LASF8
ARM GAS  C:\Users\KEVIN-~1\AppData\Local\Temp\ccGiVjO3.s 			page 26


 1067 006f 02       		.uleb128 0x2
 1068 0070 01       		.byte	0x1
 1069 0071 08       		.byte	0x8
 1070 0072 F3010000 		.4byte	.LASF9
 1071 0076 04       		.uleb128 0x4
 1072 0077 30020000 		.4byte	.LASF10
 1073 007b 02       		.byte	0x2
 1074 007c 60       		.byte	0x60
 1075 007d 30000000 		.4byte	0x30
 1076 0081 04       		.uleb128 0x4
 1077 0082 F2000000 		.4byte	.LASF11
 1078 0086 02       		.byte	0x2
 1079 0087 61       		.byte	0x61
 1080 0088 3E000000 		.4byte	0x3e
 1081 008c 04       		.uleb128 0x4
 1082 008d F9000000 		.4byte	.LASF12
 1083 0091 02       		.byte	0x2
 1084 0092 64       		.byte	0x64
 1085 0093 29000000 		.4byte	0x29
 1086 0097 04       		.uleb128 0x4
 1087 0098 B0000000 		.4byte	.LASF13
 1088 009c 02       		.byte	0x2
 1089 009d 66       		.byte	0x66
 1090 009e 45000000 		.4byte	0x45
 1091 00a2 05       		.uleb128 0x5
 1092 00a3 04       		.byte	0x4
 1093 00a4 07       		.byte	0x7
 1094 00a5 06       		.uleb128 0x6
 1095 00a6 01       		.byte	0x1
 1096 00a7 ED000000 		.4byte	.LASF14
 1097 00ab 01       		.byte	0x1
 1098 00ac 78       		.byte	0x78
 1099 00ad 01       		.byte	0x1
 1100 00ae 00000000 		.4byte	.LFB29
 1101 00b2 34010000 		.4byte	.LFE29
 1102 00b6 00000000 		.4byte	.LLST0
 1103 00ba 06       		.uleb128 0x6
 1104 00bb 01       		.byte	0x1
 1105 00bc A4000000 		.4byte	.LASF15
 1106 00c0 01       		.byte	0x1
 1107 00c1 CC       		.byte	0xcc
 1108 00c2 01       		.byte	0x1
 1109 00c3 00000000 		.4byte	.LFB30
 1110 00c7 6A000000 		.4byte	.LFE30
 1111 00cb 2B000000 		.4byte	.LLST1
 1112 00cf 07       		.uleb128 0x7
 1113 00d0 01       		.byte	0x1
 1114 00d1 23000000 		.4byte	.LASF47
 1115 00d5 01       		.byte	0x1
 1116 00d6 E8       		.byte	0xe8
 1117 00d7 01       		.byte	0x1
 1118 00d8 00000000 		.4byte	.LFB31
 1119 00dc 1E050000 		.4byte	.LFE31
 1120 00e0 56000000 		.4byte	.LLST2
 1121 00e4 6E010000 		.4byte	0x16e
 1122 00e8 08       		.uleb128 0x8
 1123 00e9 16000000 		.4byte	.LBB2
ARM GAS  C:\Users\KEVIN-~1\AppData\Local\Temp\ccGiVjO3.s 			page 27


 1124 00ed 16050000 		.4byte	.LBE2
 1125 00f1 09       		.uleb128 0x9
 1126 00f2 6900     		.ascii	"i\000"
 1127 00f4 01       		.byte	0x1
 1128 00f5 F4       		.byte	0xf4
 1129 00f6 61000000 		.4byte	0x61
 1130 00fa 02       		.byte	0x2
 1131 00fb 91       		.byte	0x91
 1132 00fc 64       		.sleb128 -28
 1133 00fd 0A       		.uleb128 0xa
 1134 00fe 6E000000 		.4byte	.LBB3
 1135 0102 50010000 		.4byte	.LBE3
 1136 0106 19010000 		.4byte	0x119
 1137 010a 0B       		.uleb128 0xb
 1138 010b 05020000 		.4byte	.LASF16
 1139 010f 01       		.byte	0x1
 1140 0110 FA       		.byte	0xfa
 1141 0111 61000000 		.4byte	0x61
 1142 0115 02       		.byte	0x2
 1143 0116 91       		.byte	0x91
 1144 0117 68       		.sleb128 -24
 1145 0118 00       		.byte	0x0
 1146 0119 0A       		.uleb128 0xa
 1147 011a 5E010000 		.4byte	.LBB4
 1148 011e 40020000 		.4byte	.LBE4
 1149 0122 36010000 		.4byte	0x136
 1150 0126 0C       		.uleb128 0xc
 1151 0127 05020000 		.4byte	.LASF16
 1152 012b 01       		.byte	0x1
 1153 012c 0B01     		.2byte	0x10b
 1154 012e 61000000 		.4byte	0x61
 1155 0132 02       		.byte	0x2
 1156 0133 91       		.byte	0x91
 1157 0134 6C       		.sleb128 -20
 1158 0135 00       		.byte	0x0
 1159 0136 0A       		.uleb128 0xa
 1160 0137 4E020000 		.4byte	.LBB5
 1161 013b 30030000 		.4byte	.LBE5
 1162 013f 53010000 		.4byte	0x153
 1163 0143 0C       		.uleb128 0xc
 1164 0144 05020000 		.4byte	.LASF16
 1165 0148 01       		.byte	0x1
 1166 0149 1A01     		.2byte	0x11a
 1167 014b 61000000 		.4byte	0x61
 1168 014f 02       		.byte	0x2
 1169 0150 91       		.byte	0x91
 1170 0151 70       		.sleb128 -16
 1171 0152 00       		.byte	0x0
 1172 0153 08       		.uleb128 0x8
 1173 0154 3E030000 		.4byte	.LBB6
 1174 0158 1E040000 		.4byte	.LBE6
 1175 015c 0C       		.uleb128 0xc
 1176 015d 05020000 		.4byte	.LASF16
 1177 0161 01       		.byte	0x1
 1178 0162 2B01     		.2byte	0x12b
 1179 0164 61000000 		.4byte	0x61
 1180 0168 02       		.byte	0x2
ARM GAS  C:\Users\KEVIN-~1\AppData\Local\Temp\ccGiVjO3.s 			page 28


 1181 0169 91       		.byte	0x91
 1182 016a 74       		.sleb128 -12
 1183 016b 00       		.byte	0x0
 1184 016c 00       		.byte	0x0
 1185 016d 00       		.byte	0x0
 1186 016e 0D       		.uleb128 0xd
 1187 016f 01       		.byte	0x1
 1188 0170 B6000000 		.4byte	.LASF17
 1189 0174 01       		.byte	0x1
 1190 0175 4F01     		.2byte	0x14f
 1191 0177 01       		.byte	0x1
 1192 0178 00000000 		.4byte	.LFB32
 1193 017c 86000000 		.4byte	.LFE32
 1194 0180 8D000000 		.4byte	.LLST3
 1195 0184 0E       		.uleb128 0xe
 1196 0185 FE000000 		.4byte	.LASF18
 1197 0189 03       		.byte	0x3
 1198 018a CE06     		.2byte	0x6ce
 1199 018c 92010000 		.4byte	0x192
 1200 0190 01       		.byte	0x1
 1201 0191 01       		.byte	0x1
 1202 0192 0F       		.uleb128 0xf
 1203 0193 61000000 		.4byte	0x61
 1204 0197 10       		.uleb128 0x10
 1205 0198 19000000 		.4byte	.LASF19
 1206 019c 01       		.byte	0x1
 1207 019d 4C       		.byte	0x4c
 1208 019e 76000000 		.4byte	0x76
 1209 01a2 01       		.byte	0x1
 1210 01a3 05       		.byte	0x5
 1211 01a4 03       		.byte	0x3
 1212 01a5 00000000 		.4byte	Mux_cycle
 1213 01a9 11       		.uleb128 0x11
 1214 01aa 76000000 		.4byte	0x76
 1215 01ae B9010000 		.4byte	0x1b9
 1216 01b2 12       		.uleb128 0x12
 1217 01b3 A2000000 		.4byte	0xa2
 1218 01b7 0F       		.byte	0xf
 1219 01b8 00       		.byte	0x0
 1220 01b9 10       		.uleb128 0x10
 1221 01ba 45000000 		.4byte	.LASF20
 1222 01be 01       		.byte	0x1
 1223 01bf 53       		.byte	0x53
 1224 01c0 A9010000 		.4byte	0x1a9
 1225 01c4 01       		.byte	0x1
 1226 01c5 05       		.byte	0x5
 1227 01c6 03       		.byte	0x3
 1228 01c7 00000000 		.4byte	IN_Data_Buffer
 1229 01cb 10       		.uleb128 0x10
 1230 01cc 18010000 		.4byte	.LASF21
 1231 01d0 01       		.byte	0x1
 1232 01d1 54       		.byte	0x54
 1233 01d2 A9010000 		.4byte	0x1a9
 1234 01d6 01       		.byte	0x1
 1235 01d7 05       		.byte	0x5
 1236 01d8 03       		.byte	0x3
 1237 01d9 00000000 		.4byte	OUT_Data_Buffer
ARM GAS  C:\Users\KEVIN-~1\AppData\Local\Temp\ccGiVjO3.s 			page 29


 1238 01dd 11       		.uleb128 0x11
 1239 01de 6F000000 		.4byte	0x6f
 1240 01e2 ED010000 		.4byte	0x1ed
 1241 01e6 12       		.uleb128 0x12
 1242 01e7 A2000000 		.4byte	0xa2
 1243 01eb 09       		.byte	0x9
 1244 01ec 00       		.byte	0x0
 1245 01ed 10       		.uleb128 0x10
 1246 01ee 5C010000 		.4byte	.LASF22
 1247 01f2 01       		.byte	0x1
 1248 01f3 57       		.byte	0x57
 1249 01f4 DD010000 		.4byte	0x1dd
 1250 01f8 01       		.byte	0x1
 1251 01f9 05       		.byte	0x5
 1252 01fa 03       		.byte	0x3
 1253 01fb 00000000 		.4byte	ADC_Display_Data
 1254 01ff 11       		.uleb128 0x11
 1255 0200 6F000000 		.4byte	0x6f
 1256 0204 0F020000 		.4byte	0x20f
 1257 0208 12       		.uleb128 0x12
 1258 0209 A2000000 		.4byte	0xa2
 1259 020d 04       		.byte	0x4
 1260 020e 00       		.byte	0x0
 1261 020f 10       		.uleb128 0x10
 1262 0210 55020000 		.4byte	.LASF23
 1263 0214 01       		.byte	0x1
 1264 0215 58       		.byte	0x58
 1265 0216 FF010000 		.4byte	0x1ff
 1266 021a 01       		.byte	0x1
 1267 021b 05       		.byte	0x5
 1268 021c 03       		.byte	0x3
 1269 021d 00000000 		.4byte	PWM_Duty_Display_Data
 1270 0221 10       		.uleb128 0x10
 1271 0222 0E000000 		.4byte	.LASF24
 1272 0226 01       		.byte	0x1
 1273 0227 5B       		.byte	0x5b
 1274 0228 97000000 		.4byte	0x97
 1275 022c 01       		.byte	0x1
 1276 022d 05       		.byte	0x5
 1277 022e 03       		.byte	0x3
 1278 022f 00000000 		.4byte	ADC_Result
 1279 0233 10       		.uleb128 0x10
 1280 0234 6A000000 		.4byte	.LASF25
 1281 0238 01       		.byte	0x1
 1282 0239 5C       		.byte	0x5c
 1283 023a 8C000000 		.4byte	0x8c
 1284 023e 01       		.byte	0x1
 1285 023f 05       		.byte	0x5
 1286 0240 03       		.byte	0x3
 1287 0241 00000000 		.4byte	PWM_DutyCycle
 1288 0245 10       		.uleb128 0x10
 1289 0246 2F000000 		.4byte	.LASF26
 1290 024a 01       		.byte	0x1
 1291 024b 5D       		.byte	0x5d
 1292 024c 76000000 		.4byte	0x76
 1293 0250 01       		.byte	0x1
 1294 0251 05       		.byte	0x5
ARM GAS  C:\Users\KEVIN-~1\AppData\Local\Temp\ccGiVjO3.s 			page 30


 1295 0252 03       		.byte	0x3
 1296 0253 00000000 		.4byte	OUT_COUNT
 1297 0257 10       		.uleb128 0x10
 1298 0258 3F010000 		.4byte	.LASF27
 1299 025c 01       		.byte	0x1
 1300 025d 5E       		.byte	0x5e
 1301 025e 81000000 		.4byte	0x81
 1302 0262 01       		.byte	0x1
 1303 0263 05       		.byte	0x5
 1304 0264 03       		.byte	0x3
 1305 0265 00000000 		.4byte	LCD_Update_Timer
 1306 0269 10       		.uleb128 0x10
 1307 026a 54000000 		.4byte	.LASF28
 1308 026e 01       		.byte	0x1
 1309 026f 65       		.byte	0x65
 1310 0270 8C000000 		.4byte	0x8c
 1311 0274 01       		.byte	0x1
 1312 0275 05       		.byte	0x5
 1313 0276 03       		.byte	0x3
 1314 0277 00000000 		.4byte	ValHoldF11
 1315 027b 10       		.uleb128 0x10
 1316 027c 5F000000 		.4byte	.LASF29
 1317 0280 01       		.byte	0x1
 1318 0281 66       		.byte	0x66
 1319 0282 8C000000 		.4byte	0x8c
 1320 0286 01       		.byte	0x1
 1321 0287 05       		.byte	0x5
 1322 0288 03       		.byte	0x3
 1323 0289 00000000 		.4byte	ValHoldF12
 1324 028d 10       		.uleb128 0x10
 1325 028e 10020000 		.4byte	.LASF30
 1326 0292 01       		.byte	0x1
 1327 0293 67       		.byte	0x67
 1328 0294 8C000000 		.4byte	0x8c
 1329 0298 01       		.byte	0x1
 1330 0299 05       		.byte	0x5
 1331 029a 03       		.byte	0x3
 1332 029b 00000000 		.4byte	ValHoldF21
 1333 029f 10       		.uleb128 0x10
 1334 02a0 1B020000 		.4byte	.LASF31
 1335 02a4 01       		.byte	0x1
 1336 02a5 68       		.byte	0x68
 1337 02a6 8C000000 		.4byte	0x8c
 1338 02aa 01       		.byte	0x1
 1339 02ab 05       		.byte	0x5
 1340 02ac 03       		.byte	0x3
 1341 02ad 00000000 		.4byte	ValHoldF22
 1342 02b1 10       		.uleb128 0x10
 1343 02b2 78000000 		.4byte	.LASF32
 1344 02b6 01       		.byte	0x1
 1345 02b7 69       		.byte	0x69
 1346 02b8 8C000000 		.4byte	0x8c
 1347 02bc 01       		.byte	0x1
 1348 02bd 05       		.byte	0x5
 1349 02be 03       		.byte	0x3
 1350 02bf 00000000 		.4byte	ValHoldF31
 1351 02c3 10       		.uleb128 0x10
ARM GAS  C:\Users\KEVIN-~1\AppData\Local\Temp\ccGiVjO3.s 			page 31


 1352 02c4 83000000 		.4byte	.LASF33
 1353 02c8 01       		.byte	0x1
 1354 02c9 6A       		.byte	0x6a
 1355 02ca 8C000000 		.4byte	0x8c
 1356 02ce 01       		.byte	0x1
 1357 02cf 05       		.byte	0x5
 1358 02d0 03       		.byte	0x3
 1359 02d1 00000000 		.4byte	ValHoldF32
 1360 02d5 10       		.uleb128 0x10
 1361 02d6 36020000 		.4byte	.LASF34
 1362 02da 01       		.byte	0x1
 1363 02db 6B       		.byte	0x6b
 1364 02dc 8C000000 		.4byte	0x8c
 1365 02e0 01       		.byte	0x1
 1366 02e1 05       		.byte	0x5
 1367 02e2 03       		.byte	0x3
 1368 02e3 00000000 		.4byte	ValHoldF41
 1369 02e7 10       		.uleb128 0x10
 1370 02e8 41020000 		.4byte	.LASF35
 1371 02ec 01       		.byte	0x1
 1372 02ed 6C       		.byte	0x6c
 1373 02ee 8C000000 		.4byte	0x8c
 1374 02f2 01       		.byte	0x1
 1375 02f3 05       		.byte	0x5
 1376 02f4 03       		.byte	0x3
 1377 02f5 00000000 		.4byte	ValHoldF42
 1378 02f9 11       		.uleb128 0x11
 1379 02fa 97000000 		.4byte	0x97
 1380 02fe 09030000 		.4byte	0x309
 1381 0302 12       		.uleb128 0x12
 1382 0303 A2000000 		.4byte	0xa2
 1383 0307 09       		.byte	0x9
 1384 0308 00       		.byte	0x0
 1385 0309 10       		.uleb128 0x10
 1386 030a F8010000 		.4byte	.LASF36
 1387 030e 01       		.byte	0x1
 1388 030f 6E       		.byte	0x6e
 1389 0310 F9020000 		.4byte	0x2f9
 1390 0314 01       		.byte	0x1
 1391 0315 05       		.byte	0x5
 1392 0316 03       		.byte	0x3
 1393 0317 00000000 		.4byte	Finger1Array
 1394 031b 10       		.uleb128 0x10
 1395 031c 96020000 		.4byte	.LASF37
 1396 0320 01       		.byte	0x1
 1397 0321 6F       		.byte	0x6f
 1398 0322 F9020000 		.4byte	0x2f9
 1399 0326 01       		.byte	0x1
 1400 0327 05       		.byte	0x5
 1401 0328 03       		.byte	0x3
 1402 0329 00000000 		.4byte	Finger2Array
 1403 032d 10       		.uleb128 0x10
 1404 032e 97000000 		.4byte	.LASF38
 1405 0332 01       		.byte	0x1
 1406 0333 70       		.byte	0x70
 1407 0334 F9020000 		.4byte	0x2f9
 1408 0338 01       		.byte	0x1
ARM GAS  C:\Users\KEVIN-~1\AppData\Local\Temp\ccGiVjO3.s 			page 32


 1409 0339 05       		.byte	0x5
 1410 033a 03       		.byte	0x3
 1411 033b 00000000 		.4byte	Finger3Array
 1412 033f 10       		.uleb128 0x10
 1413 0340 6D010000 		.4byte	.LASF39
 1414 0344 01       		.byte	0x1
 1415 0345 71       		.byte	0x71
 1416 0346 F9020000 		.4byte	0x2f9
 1417 034a 01       		.byte	0x1
 1418 034b 05       		.byte	0x5
 1419 034c 03       		.byte	0x3
 1420 034d 00000000 		.4byte	Finger4Array
 1421 0351 10       		.uleb128 0x10
 1422 0352 50010000 		.4byte	.LASF40
 1423 0356 01       		.byte	0x1
 1424 0357 73       		.byte	0x73
 1425 0358 61000000 		.4byte	0x61
 1426 035c 01       		.byte	0x1
 1427 035d 05       		.byte	0x5
 1428 035e 03       		.byte	0x3
 1429 035f 00000000 		.4byte	finger1_cnt
 1430 0363 10       		.uleb128 0x10
 1431 0364 8A020000 		.4byte	.LASF41
 1432 0368 01       		.byte	0x1
 1433 0369 74       		.byte	0x74
 1434 036a 61000000 		.4byte	0x61
 1435 036e 01       		.byte	0x1
 1436 036f 05       		.byte	0x5
 1437 0370 03       		.byte	0x3
 1438 0371 00000000 		.4byte	finger2_cnt
 1439 0375 10       		.uleb128 0x10
 1440 0376 39000000 		.4byte	.LASF42
 1441 037a 01       		.byte	0x1
 1442 037b 75       		.byte	0x75
 1443 037c 61000000 		.4byte	0x61
 1444 0380 01       		.byte	0x1
 1445 0381 05       		.byte	0x5
 1446 0382 03       		.byte	0x3
 1447 0383 00000000 		.4byte	finger3_cnt
 1448 0387 10       		.uleb128 0x10
 1449 0388 CF000000 		.4byte	.LASF43
 1450 038c 01       		.byte	0x1
 1451 038d 76       		.byte	0x76
 1452 038e 61000000 		.4byte	0x61
 1453 0392 01       		.byte	0x1
 1454 0393 05       		.byte	0x5
 1455 0394 03       		.byte	0x3
 1456 0395 00000000 		.4byte	finger4_cnt
 1457 0399 00       		.byte	0x0
 1458              		.section	.debug_abbrev
 1459 0000 01       		.uleb128 0x1
 1460 0001 11       		.uleb128 0x11
 1461 0002 01       		.byte	0x1
 1462 0003 25       		.uleb128 0x25
 1463 0004 0E       		.uleb128 0xe
 1464 0005 13       		.uleb128 0x13
 1465 0006 0B       		.uleb128 0xb
ARM GAS  C:\Users\KEVIN-~1\AppData\Local\Temp\ccGiVjO3.s 			page 33


 1466 0007 03       		.uleb128 0x3
 1467 0008 0E       		.uleb128 0xe
 1468 0009 1B       		.uleb128 0x1b
 1469 000a 0E       		.uleb128 0xe
 1470 000b 11       		.uleb128 0x11
 1471 000c 01       		.uleb128 0x1
 1472 000d 52       		.uleb128 0x52
 1473 000e 01       		.uleb128 0x1
 1474 000f 55       		.uleb128 0x55
 1475 0010 06       		.uleb128 0x6
 1476 0011 10       		.uleb128 0x10
 1477 0012 06       		.uleb128 0x6
 1478 0013 00       		.byte	0x0
 1479 0014 00       		.byte	0x0
 1480 0015 02       		.uleb128 0x2
 1481 0016 24       		.uleb128 0x24
 1482 0017 00       		.byte	0x0
 1483 0018 0B       		.uleb128 0xb
 1484 0019 0B       		.uleb128 0xb
 1485 001a 3E       		.uleb128 0x3e
 1486 001b 0B       		.uleb128 0xb
 1487 001c 03       		.uleb128 0x3
 1488 001d 0E       		.uleb128 0xe
 1489 001e 00       		.byte	0x0
 1490 001f 00       		.byte	0x0
 1491 0020 03       		.uleb128 0x3
 1492 0021 24       		.uleb128 0x24
 1493 0022 00       		.byte	0x0
 1494 0023 0B       		.uleb128 0xb
 1495 0024 0B       		.uleb128 0xb
 1496 0025 3E       		.uleb128 0x3e
 1497 0026 0B       		.uleb128 0xb
 1498 0027 03       		.uleb128 0x3
 1499 0028 08       		.uleb128 0x8
 1500 0029 00       		.byte	0x0
 1501 002a 00       		.byte	0x0
 1502 002b 04       		.uleb128 0x4
 1503 002c 16       		.uleb128 0x16
 1504 002d 00       		.byte	0x0
 1505 002e 03       		.uleb128 0x3
 1506 002f 0E       		.uleb128 0xe
 1507 0030 3A       		.uleb128 0x3a
 1508 0031 0B       		.uleb128 0xb
 1509 0032 3B       		.uleb128 0x3b
 1510 0033 0B       		.uleb128 0xb
 1511 0034 49       		.uleb128 0x49
 1512 0035 13       		.uleb128 0x13
 1513 0036 00       		.byte	0x0
 1514 0037 00       		.byte	0x0
 1515 0038 05       		.uleb128 0x5
 1516 0039 24       		.uleb128 0x24
 1517 003a 00       		.byte	0x0
 1518 003b 0B       		.uleb128 0xb
 1519 003c 0B       		.uleb128 0xb
 1520 003d 3E       		.uleb128 0x3e
 1521 003e 0B       		.uleb128 0xb
 1522 003f 00       		.byte	0x0
ARM GAS  C:\Users\KEVIN-~1\AppData\Local\Temp\ccGiVjO3.s 			page 34


 1523 0040 00       		.byte	0x0
 1524 0041 06       		.uleb128 0x6
 1525 0042 2E       		.uleb128 0x2e
 1526 0043 00       		.byte	0x0
 1527 0044 3F       		.uleb128 0x3f
 1528 0045 0C       		.uleb128 0xc
 1529 0046 03       		.uleb128 0x3
 1530 0047 0E       		.uleb128 0xe
 1531 0048 3A       		.uleb128 0x3a
 1532 0049 0B       		.uleb128 0xb
 1533 004a 3B       		.uleb128 0x3b
 1534 004b 0B       		.uleb128 0xb
 1535 004c 27       		.uleb128 0x27
 1536 004d 0C       		.uleb128 0xc
 1537 004e 11       		.uleb128 0x11
 1538 004f 01       		.uleb128 0x1
 1539 0050 12       		.uleb128 0x12
 1540 0051 01       		.uleb128 0x1
 1541 0052 40       		.uleb128 0x40
 1542 0053 06       		.uleb128 0x6
 1543 0054 00       		.byte	0x0
 1544 0055 00       		.byte	0x0
 1545 0056 07       		.uleb128 0x7
 1546 0057 2E       		.uleb128 0x2e
 1547 0058 01       		.byte	0x1
 1548 0059 3F       		.uleb128 0x3f
 1549 005a 0C       		.uleb128 0xc
 1550 005b 03       		.uleb128 0x3
 1551 005c 0E       		.uleb128 0xe
 1552 005d 3A       		.uleb128 0x3a
 1553 005e 0B       		.uleb128 0xb
 1554 005f 3B       		.uleb128 0x3b
 1555 0060 0B       		.uleb128 0xb
 1556 0061 27       		.uleb128 0x27
 1557 0062 0C       		.uleb128 0xc
 1558 0063 11       		.uleb128 0x11
 1559 0064 01       		.uleb128 0x1
 1560 0065 12       		.uleb128 0x12
 1561 0066 01       		.uleb128 0x1
 1562 0067 40       		.uleb128 0x40
 1563 0068 06       		.uleb128 0x6
 1564 0069 01       		.uleb128 0x1
 1565 006a 13       		.uleb128 0x13
 1566 006b 00       		.byte	0x0
 1567 006c 00       		.byte	0x0
 1568 006d 08       		.uleb128 0x8
 1569 006e 0B       		.uleb128 0xb
 1570 006f 01       		.byte	0x1
 1571 0070 11       		.uleb128 0x11
 1572 0071 01       		.uleb128 0x1
 1573 0072 12       		.uleb128 0x12
 1574 0073 01       		.uleb128 0x1
 1575 0074 00       		.byte	0x0
 1576 0075 00       		.byte	0x0
 1577 0076 09       		.uleb128 0x9
 1578 0077 34       		.uleb128 0x34
 1579 0078 00       		.byte	0x0
ARM GAS  C:\Users\KEVIN-~1\AppData\Local\Temp\ccGiVjO3.s 			page 35


 1580 0079 03       		.uleb128 0x3
 1581 007a 08       		.uleb128 0x8
 1582 007b 3A       		.uleb128 0x3a
 1583 007c 0B       		.uleb128 0xb
 1584 007d 3B       		.uleb128 0x3b
 1585 007e 0B       		.uleb128 0xb
 1586 007f 49       		.uleb128 0x49
 1587 0080 13       		.uleb128 0x13
 1588 0081 02       		.uleb128 0x2
 1589 0082 0A       		.uleb128 0xa
 1590 0083 00       		.byte	0x0
 1591 0084 00       		.byte	0x0
 1592 0085 0A       		.uleb128 0xa
 1593 0086 0B       		.uleb128 0xb
 1594 0087 01       		.byte	0x1
 1595 0088 11       		.uleb128 0x11
 1596 0089 01       		.uleb128 0x1
 1597 008a 12       		.uleb128 0x12
 1598 008b 01       		.uleb128 0x1
 1599 008c 01       		.uleb128 0x1
 1600 008d 13       		.uleb128 0x13
 1601 008e 00       		.byte	0x0
 1602 008f 00       		.byte	0x0
 1603 0090 0B       		.uleb128 0xb
 1604 0091 34       		.uleb128 0x34
 1605 0092 00       		.byte	0x0
 1606 0093 03       		.uleb128 0x3
 1607 0094 0E       		.uleb128 0xe
 1608 0095 3A       		.uleb128 0x3a
 1609 0096 0B       		.uleb128 0xb
 1610 0097 3B       		.uleb128 0x3b
 1611 0098 0B       		.uleb128 0xb
 1612 0099 49       		.uleb128 0x49
 1613 009a 13       		.uleb128 0x13
 1614 009b 02       		.uleb128 0x2
 1615 009c 0A       		.uleb128 0xa
 1616 009d 00       		.byte	0x0
 1617 009e 00       		.byte	0x0
 1618 009f 0C       		.uleb128 0xc
 1619 00a0 34       		.uleb128 0x34
 1620 00a1 00       		.byte	0x0
 1621 00a2 03       		.uleb128 0x3
 1622 00a3 0E       		.uleb128 0xe
 1623 00a4 3A       		.uleb128 0x3a
 1624 00a5 0B       		.uleb128 0xb
 1625 00a6 3B       		.uleb128 0x3b
 1626 00a7 05       		.uleb128 0x5
 1627 00a8 49       		.uleb128 0x49
 1628 00a9 13       		.uleb128 0x13
 1629 00aa 02       		.uleb128 0x2
 1630 00ab 0A       		.uleb128 0xa
 1631 00ac 00       		.byte	0x0
 1632 00ad 00       		.byte	0x0
 1633 00ae 0D       		.uleb128 0xd
 1634 00af 2E       		.uleb128 0x2e
 1635 00b0 00       		.byte	0x0
 1636 00b1 3F       		.uleb128 0x3f
ARM GAS  C:\Users\KEVIN-~1\AppData\Local\Temp\ccGiVjO3.s 			page 36


 1637 00b2 0C       		.uleb128 0xc
 1638 00b3 03       		.uleb128 0x3
 1639 00b4 0E       		.uleb128 0xe
 1640 00b5 3A       		.uleb128 0x3a
 1641 00b6 0B       		.uleb128 0xb
 1642 00b7 3B       		.uleb128 0x3b
 1643 00b8 05       		.uleb128 0x5
 1644 00b9 27       		.uleb128 0x27
 1645 00ba 0C       		.uleb128 0xc
 1646 00bb 11       		.uleb128 0x11
 1647 00bc 01       		.uleb128 0x1
 1648 00bd 12       		.uleb128 0x12
 1649 00be 01       		.uleb128 0x1
 1650 00bf 40       		.uleb128 0x40
 1651 00c0 06       		.uleb128 0x6
 1652 00c1 00       		.byte	0x0
 1653 00c2 00       		.byte	0x0
 1654 00c3 0E       		.uleb128 0xe
 1655 00c4 34       		.uleb128 0x34
 1656 00c5 00       		.byte	0x0
 1657 00c6 03       		.uleb128 0x3
 1658 00c7 0E       		.uleb128 0xe
 1659 00c8 3A       		.uleb128 0x3a
 1660 00c9 0B       		.uleb128 0xb
 1661 00ca 3B       		.uleb128 0x3b
 1662 00cb 05       		.uleb128 0x5
 1663 00cc 49       		.uleb128 0x49
 1664 00cd 13       		.uleb128 0x13
 1665 00ce 3F       		.uleb128 0x3f
 1666 00cf 0C       		.uleb128 0xc
 1667 00d0 3C       		.uleb128 0x3c
 1668 00d1 0C       		.uleb128 0xc
 1669 00d2 00       		.byte	0x0
 1670 00d3 00       		.byte	0x0
 1671 00d4 0F       		.uleb128 0xf
 1672 00d5 35       		.uleb128 0x35
 1673 00d6 00       		.byte	0x0
 1674 00d7 49       		.uleb128 0x49
 1675 00d8 13       		.uleb128 0x13
 1676 00d9 00       		.byte	0x0
 1677 00da 00       		.byte	0x0
 1678 00db 10       		.uleb128 0x10
 1679 00dc 34       		.uleb128 0x34
 1680 00dd 00       		.byte	0x0
 1681 00de 03       		.uleb128 0x3
 1682 00df 0E       		.uleb128 0xe
 1683 00e0 3A       		.uleb128 0x3a
 1684 00e1 0B       		.uleb128 0xb
 1685 00e2 3B       		.uleb128 0x3b
 1686 00e3 0B       		.uleb128 0xb
 1687 00e4 49       		.uleb128 0x49
 1688 00e5 13       		.uleb128 0x13
 1689 00e6 3F       		.uleb128 0x3f
 1690 00e7 0C       		.uleb128 0xc
 1691 00e8 02       		.uleb128 0x2
 1692 00e9 0A       		.uleb128 0xa
 1693 00ea 00       		.byte	0x0
ARM GAS  C:\Users\KEVIN-~1\AppData\Local\Temp\ccGiVjO3.s 			page 37


 1694 00eb 00       		.byte	0x0
 1695 00ec 11       		.uleb128 0x11
 1696 00ed 01       		.uleb128 0x1
 1697 00ee 01       		.byte	0x1
 1698 00ef 49       		.uleb128 0x49
 1699 00f0 13       		.uleb128 0x13
 1700 00f1 01       		.uleb128 0x1
 1701 00f2 13       		.uleb128 0x13
 1702 00f3 00       		.byte	0x0
 1703 00f4 00       		.byte	0x0
 1704 00f5 12       		.uleb128 0x12
 1705 00f6 21       		.uleb128 0x21
 1706 00f7 00       		.byte	0x0
 1707 00f8 49       		.uleb128 0x49
 1708 00f9 13       		.uleb128 0x13
 1709 00fa 2F       		.uleb128 0x2f
 1710 00fb 0B       		.uleb128 0xb
 1711 00fc 00       		.byte	0x0
 1712 00fd 00       		.byte	0x0
 1713 00fe 00       		.byte	0x0
 1714              		.section	.debug_pubnames,"",%progbits
 1715 0000 EA010000 		.4byte	0x1ea
 1716 0004 0200     		.2byte	0x2
 1717 0006 00000000 		.4byte	.Ldebug_info0
 1718 000a 9A030000 		.4byte	0x39a
 1719 000e A5000000 		.4byte	0xa5
 1720 0012 6D61696E 		.ascii	"main\000"
 1720      00
 1721 0017 BA000000 		.4byte	0xba
 1722 001b 50726F63 		.ascii	"Process_EP2\000"
 1722      6573735F 
 1722      45503200 
 1723 0027 CF000000 		.4byte	0xcf
 1724 002b 50726F63 		.ascii	"Process_EP1\000"
 1724      6573735F 
 1724      45503100 
 1725 0037 6E010000 		.4byte	0x16e
 1726 003b 55706461 		.ascii	"Update_LCD\000"
 1726      74655F4C 
 1726      434400
 1727 0046 97010000 		.4byte	0x197
 1728 004a 4D75785F 		.ascii	"Mux_cycle\000"
 1728      6379636C 
 1728      6500
 1729 0054 B9010000 		.4byte	0x1b9
 1730 0058 494E5F44 		.ascii	"IN_Data_Buffer\000"
 1730      6174615F 
 1730      42756666 
 1730      657200
 1731 0067 CB010000 		.4byte	0x1cb
 1732 006b 4F55545F 		.ascii	"OUT_Data_Buffer\000"
 1732      44617461 
 1732      5F427566 
 1732      66657200 
 1733 007b ED010000 		.4byte	0x1ed
 1734 007f 4144435F 		.ascii	"ADC_Display_Data\000"
 1734      44697370 
ARM GAS  C:\Users\KEVIN-~1\AppData\Local\Temp\ccGiVjO3.s 			page 38


 1734      6C61795F 
 1734      44617461 
 1734      00
 1735 0090 0F020000 		.4byte	0x20f
 1736 0094 50574D5F 		.ascii	"PWM_Duty_Display_Data\000"
 1736      44757479 
 1736      5F446973 
 1736      706C6179 
 1736      5F446174 
 1737 00aa 21020000 		.4byte	0x221
 1738 00ae 4144435F 		.ascii	"ADC_Result\000"
 1738      52657375 
 1738      6C7400
 1739 00b9 33020000 		.4byte	0x233
 1740 00bd 50574D5F 		.ascii	"PWM_DutyCycle\000"
 1740      44757479 
 1740      4379636C 
 1740      6500
 1741 00cb 45020000 		.4byte	0x245
 1742 00cf 4F55545F 		.ascii	"OUT_COUNT\000"
 1742      434F554E 
 1742      5400
 1743 00d9 57020000 		.4byte	0x257
 1744 00dd 4C43445F 		.ascii	"LCD_Update_Timer\000"
 1744      55706461 
 1744      74655F54 
 1744      696D6572 
 1744      00
 1745 00ee 69020000 		.4byte	0x269
 1746 00f2 56616C48 		.ascii	"ValHoldF11\000"
 1746      6F6C6446 
 1746      313100
 1747 00fd 7B020000 		.4byte	0x27b
 1748 0101 56616C48 		.ascii	"ValHoldF12\000"
 1748      6F6C6446 
 1748      313200
 1749 010c 8D020000 		.4byte	0x28d
 1750 0110 56616C48 		.ascii	"ValHoldF21\000"
 1750      6F6C6446 
 1750      323100
 1751 011b 9F020000 		.4byte	0x29f
 1752 011f 56616C48 		.ascii	"ValHoldF22\000"
 1752      6F6C6446 
 1752      323200
 1753 012a B1020000 		.4byte	0x2b1
 1754 012e 56616C48 		.ascii	"ValHoldF31\000"
 1754      6F6C6446 
 1754      333100
 1755 0139 C3020000 		.4byte	0x2c3
 1756 013d 56616C48 		.ascii	"ValHoldF32\000"
 1756      6F6C6446 
 1756      333200
 1757 0148 D5020000 		.4byte	0x2d5
 1758 014c 56616C48 		.ascii	"ValHoldF41\000"
 1758      6F6C6446 
 1758      343100
 1759 0157 E7020000 		.4byte	0x2e7
ARM GAS  C:\Users\KEVIN-~1\AppData\Local\Temp\ccGiVjO3.s 			page 39


 1760 015b 56616C48 		.ascii	"ValHoldF42\000"
 1760      6F6C6446 
 1760      343200
 1761 0166 09030000 		.4byte	0x309
 1762 016a 46696E67 		.ascii	"Finger1Array\000"
 1762      65723141 
 1762      72726179 
 1762      00
 1763 0177 1B030000 		.4byte	0x31b
 1764 017b 46696E67 		.ascii	"Finger2Array\000"
 1764      65723241 
 1764      72726179 
 1764      00
 1765 0188 2D030000 		.4byte	0x32d
 1766 018c 46696E67 		.ascii	"Finger3Array\000"
 1766      65723341 
 1766      72726179 
 1766      00
 1767 0199 3F030000 		.4byte	0x33f
 1768 019d 46696E67 		.ascii	"Finger4Array\000"
 1768      65723441 
 1768      72726179 
 1768      00
 1769 01aa 51030000 		.4byte	0x351
 1770 01ae 66696E67 		.ascii	"finger1_cnt\000"
 1770      6572315F 
 1770      636E7400 
 1771 01ba 63030000 		.4byte	0x363
 1772 01be 66696E67 		.ascii	"finger2_cnt\000"
 1772      6572325F 
 1772      636E7400 
 1773 01ca 75030000 		.4byte	0x375
 1774 01ce 66696E67 		.ascii	"finger3_cnt\000"
 1774      6572335F 
 1774      636E7400 
 1775 01da 87030000 		.4byte	0x387
 1776 01de 66696E67 		.ascii	"finger4_cnt\000"
 1776      6572345F 
 1776      636E7400 
 1777 01ea 00000000 		.4byte	0x0
 1778              		.section	.debug_aranges,"",%progbits
 1779 0000 34000000 		.4byte	0x34
 1780 0004 0200     		.2byte	0x2
 1781 0006 00000000 		.4byte	.Ldebug_info0
 1782 000a 04       		.byte	0x4
 1783 000b 00       		.byte	0x0
 1784 000c 0000     		.2byte	0x0
 1785 000e 0000     		.2byte	0x0
 1786 0010 00000000 		.4byte	.LFB29
 1787 0014 34010000 		.4byte	.LFE29-.LFB29
 1788 0018 00000000 		.4byte	.LFB30
 1789 001c 6A000000 		.4byte	.LFE30-.LFB30
 1790 0020 00000000 		.4byte	.LFB31
 1791 0024 1E050000 		.4byte	.LFE31-.LFB31
 1792 0028 00000000 		.4byte	.LFB32
 1793 002c 86000000 		.4byte	.LFE32-.LFB32
 1794 0030 00000000 		.4byte	0x0
ARM GAS  C:\Users\KEVIN-~1\AppData\Local\Temp\ccGiVjO3.s 			page 40


 1795 0034 00000000 		.4byte	0x0
 1796              		.section	.debug_ranges,"",%progbits
 1797              	.Ldebug_ranges0:
 1798 0000 00000000 		.4byte	.Ltext0
 1799 0004 00000000 		.4byte	.Letext0
 1800 0008 00000000 		.4byte	.LFB29
 1801 000c 34010000 		.4byte	.LFE29
 1802 0010 00000000 		.4byte	.LFB30
 1803 0014 6A000000 		.4byte	.LFE30
 1804 0018 00000000 		.4byte	.LFB31
 1805 001c 1E050000 		.4byte	.LFE31
 1806 0020 00000000 		.4byte	.LFB32
 1807 0024 86000000 		.4byte	.LFE32
 1808 0028 00000000 		.4byte	0x0
 1809 002c 00000000 		.4byte	0x0
 1810              		.section	.debug_str,"MS",%progbits,1
 1811              	.LASF6:
 1812 0000 6C6F6E67 		.ascii	"long long int\000"
 1812      206C6F6E 
 1812      6720696E 
 1812      7400
 1813              	.LASF24:
 1814 000e 4144435F 		.ascii	"ADC_Result\000"
 1814      52657375 
 1814      6C7400
 1815              	.LASF19:
 1816 0019 4D75785F 		.ascii	"Mux_cycle\000"
 1816      6379636C 
 1816      6500
 1817              	.LASF47:
 1818 0023 50726F63 		.ascii	"Process_EP1\000"
 1818      6573735F 
 1818      45503100 
 1819              	.LASF26:
 1820 002f 4F55545F 		.ascii	"OUT_COUNT\000"
 1820      434F554E 
 1820      5400
 1821              	.LASF42:
 1822 0039 66696E67 		.ascii	"finger3_cnt\000"
 1822      6572335F 
 1822      636E7400 
 1823              	.LASF20:
 1824 0045 494E5F44 		.ascii	"IN_Data_Buffer\000"
 1824      6174615F 
 1824      42756666 
 1824      657200
 1825              	.LASF28:
 1826 0054 56616C48 		.ascii	"ValHoldF11\000"
 1826      6F6C6446 
 1826      313100
 1827              	.LASF29:
 1828 005f 56616C48 		.ascii	"ValHoldF12\000"
 1828      6F6C6446 
 1828      313200
 1829              	.LASF25:
 1830 006a 50574D5F 		.ascii	"PWM_DutyCycle\000"
 1830      44757479 
ARM GAS  C:\Users\KEVIN-~1\AppData\Local\Temp\ccGiVjO3.s 			page 41


 1830      4379636C 
 1830      6500
 1831              	.LASF32:
 1832 0078 56616C48 		.ascii	"ValHoldF31\000"
 1832      6F6C6446 
 1832      333100
 1833              	.LASF33:
 1834 0083 56616C48 		.ascii	"ValHoldF32\000"
 1834      6F6C6446 
 1834      333200
 1835              	.LASF45:
 1836 008e 2E5C6D61 		.ascii	".\\main.c\000"
 1836      696E2E63 
 1836      00
 1837              	.LASF38:
 1838 0097 46696E67 		.ascii	"Finger3Array\000"
 1838      65723341 
 1838      72726179 
 1838      00
 1839              	.LASF15:
 1840 00a4 50726F63 		.ascii	"Process_EP2\000"
 1840      6573735F 
 1840      45503200 
 1841              	.LASF13:
 1842 00b0 696E7433 		.ascii	"int32\000"
 1842      3200
 1843              	.LASF17:
 1844 00b6 55706461 		.ascii	"Update_LCD\000"
 1844      74655F4C 
 1844      434400
 1845              	.LASF1:
 1846 00c1 756E7369 		.ascii	"unsigned char\000"
 1846      676E6564 
 1846      20636861 
 1846      7200
 1847              	.LASF43:
 1848 00cf 66696E67 		.ascii	"finger4_cnt\000"
 1848      6572345F 
 1848      636E7400 
 1849              	.LASF5:
 1850 00db 6C6F6E67 		.ascii	"long unsigned int\000"
 1850      20756E73 
 1850      69676E65 
 1850      6420696E 
 1850      7400
 1851              	.LASF14:
 1852 00ed 6D61696E 		.ascii	"main\000"
 1852      00
 1853              	.LASF11:
 1854 00f2 75696E74 		.ascii	"uint16\000"
 1854      313600
 1855              	.LASF12:
 1856 00f9 696E7438 		.ascii	"int8\000"
 1856      00
 1857              	.LASF18:
 1858 00fe 49544D5F 		.ascii	"ITM_RxBuffer\000"
 1858      52784275 
ARM GAS  C:\Users\KEVIN-~1\AppData\Local\Temp\ccGiVjO3.s 			page 42


 1858      66666572 
 1858      00
 1859              	.LASF8:
 1860 010b 756E7369 		.ascii	"unsigned int\000"
 1860      676E6564 
 1860      20696E74 
 1860      00
 1861              	.LASF21:
 1862 0118 4F55545F 		.ascii	"OUT_Data_Buffer\000"
 1862      44617461 
 1862      5F427566 
 1862      66657200 
 1863              	.LASF7:
 1864 0128 6C6F6E67 		.ascii	"long long unsigned int\000"
 1864      206C6F6E 
 1864      6720756E 
 1864      7369676E 
 1864      65642069 
 1865              	.LASF27:
 1866 013f 4C43445F 		.ascii	"LCD_Update_Timer\000"
 1866      55706461 
 1866      74655F54 
 1866      696D6572 
 1866      00
 1867              	.LASF40:
 1868 0150 66696E67 		.ascii	"finger1_cnt\000"
 1868      6572315F 
 1868      636E7400 
 1869              	.LASF22:
 1870 015c 4144435F 		.ascii	"ADC_Display_Data\000"
 1870      44697370 
 1870      6C61795F 
 1870      44617461 
 1870      00
 1871              	.LASF39:
 1872 016d 46696E67 		.ascii	"Finger4Array\000"
 1872      65723441 
 1872      72726179 
 1872      00
 1873              	.LASF46:
 1874 017a 433A5C55 		.ascii	"C:\\Users\\Kevin-Patxi\\Downloads\\AN82072(PSoC Cre"
 1874      73657273 
 1874      5C4B6576 
 1874      696E2D50 
 1874      61747869 
 1875 01a9 61746F72 		.ascii	"ator 2.1 SP1)\\AN82072\\PSoC Projects\\Project 1\\P"
 1875      20322E31 
 1875      20535031 
 1875      295C414E 
 1875      38323037 
 1876 01d8 726F6A65 		.ascii	"roject 1.cydsn\000"
 1876      63742031 
 1876      2E637964 
 1876      736E00
 1877              	.LASF44:
 1878 01e7 474E5520 		.ascii	"GNU C 4.4.1\000"
 1878      4320342E 
ARM GAS  C:\Users\KEVIN-~1\AppData\Local\Temp\ccGiVjO3.s 			page 43


 1878      342E3100 
 1879              	.LASF9:
 1880 01f3 63686172 		.ascii	"char\000"
 1880      00
 1881              	.LASF36:
 1882 01f8 46696E67 		.ascii	"Finger1Array\000"
 1882      65723141 
 1882      72726179 
 1882      00
 1883              	.LASF16:
 1884 0205 56616C5F 		.ascii	"Val_Holder\000"
 1884      486F6C64 
 1884      657200
 1885              	.LASF30:
 1886 0210 56616C48 		.ascii	"ValHoldF21\000"
 1886      6F6C6446 
 1886      323100
 1887              	.LASF31:
 1888 021b 56616C48 		.ascii	"ValHoldF22\000"
 1888      6F6C6446 
 1888      323200
 1889              	.LASF2:
 1890 0226 73686F72 		.ascii	"short int\000"
 1890      7420696E 
 1890      7400
 1891              	.LASF10:
 1892 0230 75696E74 		.ascii	"uint8\000"
 1892      3800
 1893              	.LASF34:
 1894 0236 56616C48 		.ascii	"ValHoldF41\000"
 1894      6F6C6446 
 1894      343100
 1895              	.LASF35:
 1896 0241 56616C48 		.ascii	"ValHoldF42\000"
 1896      6F6C6446 
 1896      343200
 1897              	.LASF4:
 1898 024c 6C6F6E67 		.ascii	"long int\000"
 1898      20696E74 
 1898      00
 1899              	.LASF23:
 1900 0255 50574D5F 		.ascii	"PWM_Duty_Display_Data\000"
 1900      44757479 
 1900      5F446973 
 1900      706C6179 
 1900      5F446174 
 1901              	.LASF0:
 1902 026b 7369676E 		.ascii	"signed char\000"
 1902      65642063 
 1902      68617200 
 1903              	.LASF3:
 1904 0277 73686F72 		.ascii	"short unsigned int\000"
 1904      7420756E 
 1904      7369676E 
 1904      65642069 
 1904      6E7400
 1905              	.LASF41:
ARM GAS  C:\Users\KEVIN-~1\AppData\Local\Temp\ccGiVjO3.s 			page 44


 1906 028a 66696E67 		.ascii	"finger2_cnt\000"
 1906      6572325F 
 1906      636E7400 
 1907              	.LASF37:
 1908 0296 46696E67 		.ascii	"Finger2Array\000"
 1908      65723241 
 1908      72726179 
 1908      00
 1909              		.ident	"GCC: (Sourcery G++ Lite 2010q1-188) 4.4.1"
