--------------- Build Started: 02/09/2014 18:53:36 Project: Project 1, Configuration: ARM GCC 4.4.1 Debug ---------------
cydsfit.exe "-.appdatapath" "C:\Users\Kevin-Patxi\AppData\Local\Cypress Semiconductor\PSoC Creator\2.2" "-.fdsnotice" "-.fdswarpdepfile=warp_dependencies.txt" "-.fdselabdepfile=elab_dependencies.txt" "-.fdsbldfile=generated_files.txt" "-p" "C:\Users\Kevin-Patxi\Documents\GitHub\3D-Immersion-Project\Project 1\Project 1.cydsn\Project 1.cyprj" "-d" "CY8C5868AXI-LP035" "-s" "C:\Users\Kevin-Patxi\Documents\GitHub\3D-Immersion-Project\Project 1\Project 1.cydsn\Generated_Source\PSoC5" "--" "-yv2" "-v3" "-ygs" "-q10" "-o2" "-.fftcfgtype=LE"
Elaborating Design...
HDL Generation ...
Synthesis ...
Place and Route ...
Tech mapping ...
Info: mpr.M0037: Unused pieces of the design have been optimized out. See the Tech mapping section of the report file for details. (App=cydsfit)
Analog Placement ...
Analog Routing ...
Analog Code Generation ...
Digital Placement ...
Digital Routing ...
Bitstream Generation ...
Static timing analysis ...
API Generation ...
Dependency Generation ...
Clean Temporary Files ...
The compile step is up to date, no work needs to be done.
arm-none-eabi-ar.exe -rs ".\CortexM3\ARM_GCC_441\Debug\Project 1.a" .\CortexM3\ARM_GCC_441\Debug\USBFS.o .\CortexM3\ARM_GCC_441\Debug\USBFS_audio.o .\CortexM3\ARM_GCC_441\Debug\USBFS_boot.o .\CortexM3\ARM_GCC_441\Debug\USBFS_cdc.o .\CortexM3\ARM_GCC_441\Debug\USBFS_cls.o .\CortexM3\ARM_GCC_441\Debug\USBFS_descr.o .\CortexM3\ARM_GCC_441\Debug\USBFS_drv.o .\CortexM3\ARM_GCC_441\Debug\USBFS_episr.o .\CortexM3\ARM_GCC_441\Debug\USBFS_hid.o .\CortexM3\ARM_GCC_441\Debug\USBFS_pm.o .\CortexM3\ARM_GCC_441\Debug\USBFS_std.o .\CortexM3\ARM_GCC_441\Debug\USBFS_vnd.o .\CortexM3\ARM_GCC_441\Debug\USBFS_midi.o .\CortexM3\ARM_GCC_441\Debug\ADC.o .\CortexM3\ARM_GCC_441\Debug\ADC_PM.o .\CortexM3\ARM_GCC_441\Debug\ADC_INT.o .\CortexM3\ARM_GCC_441\Debug\SW_In.o .\CortexM3\ARM_GCC_441\Debug\LED_1.o .\CortexM3\ARM_GCC_441\Debug\PWM.o .\CortexM3\ARM_GCC_441\Debug\PWM_PM.o .\CortexM3\ARM_GCC_441\Debug\PWM_Clock.o .\CortexM3\ARM_GCC_441\Debug\LED_2.o .\CortexM3\ARM_GCC_441\Debug\LCD.o .\CortexM3\ARM_GCC_441\Debug\LCD_PM.o .\CortexM3\ARM_GCC_441\Debug\USBFS_Dp.o .\CortexM3\ARM_GCC_441\Debug\ADC_theACLK.o .\CortexM3\ARM_GCC_441\Debug\ADC_Ext_CP_Clk.o .\CortexM3\ARM_GCC_441\Debug\ADC_AMux.o .\CortexM3\ARM_GCC_441\Debug\LCD_LCDPort.o .\CortexM3\ARM_GCC_441\Debug\core_cm3.o .\CortexM3\ARM_GCC_441\Debug\CyBootAsmGnu.o .\CortexM3\ARM_GCC_441\Debug\CyDmac.o .\CortexM3\ARM_GCC_441\Debug\CyFlash.o .\CortexM3\ARM_GCC_441\Debug\CyLib.o .\CortexM3\ARM_GCC_441\Debug\cyPm.o .\CortexM3\ARM_GCC_441\Debug\CySpc.o .\CortexM3\ARM_GCC_441\Debug\cyutils.o .\CortexM3\ARM_GCC_441\Debug\Finger1.o .\CortexM3\ARM_GCC_441\Debug\Finger4.o .\CortexM3\ARM_GCC_441\Debug\Finger3.o .\CortexM3\ARM_GCC_441\Debug\Finger2.o .\CortexM3\ARM_GCC_441\Debug\AMux_1.o .\CortexM3\ARM_GCC_441\Debug\cyfitter_cfg.o
arm-none-eabi-ar.exe: creating .\CortexM3\ARM_GCC_441\Debug\Project 1.a
arm-none-eabi-gcc.exe -mthumb -march=armv7-m -mfix-cortex-m3-ldrd -T .\Generated_Source\PSoC5\cm3gcc.ld -g "-Wl,-Map,.\CortexM3\ARM_GCC_441\Debug\Project 1.map" -Wl,--gc-sections -Wl,--start-group -o ".\CortexM3\ARM_GCC_441\Debug\Project 1.elf" .\CortexM3\ARM_GCC_441\Debug\main.o .\CortexM3\ARM_GCC_441\Debug\Cm3Start.o ".\CortexM3\ARM_GCC_441\Debug\Project 1.a" "C:\Program Files (x86)\Cypress\PSoC Creator\2.2\PSoC Creator\psoc\content\cycomponentlibrary\CyComponentLibrary.cylib\CortexM3\ARM_GCC_441\Debug\CyComponentLibrary.a" -Wl,--end-group
arm-none-eabi-objcopy.exe -O ihex ".\CortexM3\ARM_GCC_441\Debug\Project 1.elf" ".\CortexM3\ARM_GCC_441\Debug\Project 1.ihx"
cyhextool -o ".\CortexM3\ARM_GCC_441\Debug\Project 1.hex" -f ".\CortexM3\ARM_GCC_441\Debug\Project 1.ihx" -prot .\Generated_Source\PSoC5\protect.hex -id 2E123069 -a EEPROM=90200000:800,PROGRAM=00000000:40000,CONFIG=80000000:8000,PROTECT=90400000:100 -meta 0001 -cunv 00004004 -wonv BC90ACAF -ecc .\Generated_Source\PSoC5\config.hex
Flash used: 44908 of 262144 bytes (17.1 %).
SRAM used: 2128 of 65536 bytes (3.2 %).
--------------- Build Succeeded: 02/09/2014 18:53:54 ---------------
