ARM GAS  C:\Users\KEVIN-~1\AppData\Local\Temp\cclMAa09.s 			page 1


   1              		.syntax unified
   2              		.cpu cortex-m3
   3              		.fpu softvfp
   4              		.eabi_attribute 20, 1
   5              		.eabi_attribute 21, 1
   6              		.eabi_attribute 23, 3
   7              		.eabi_attribute 24, 1
   8              		.eabi_attribute 25, 1
   9              		.eabi_attribute 26, 1
  10              		.eabi_attribute 30, 6
  11              		.eabi_attribute 18, 4
  12              		.thumb
  13              		.file	"USBFS_descr.c"
  14              		.section	.debug_abbrev,"",%progbits
  15              	.Ldebug_abbrev0:
  16              		.section	.debug_info,"",%progbits
  17              	.Ldebug_info0:
  18              		.section	.debug_line,"",%progbits
  19              	.Ldebug_line0:
  20 0000 75000000 		.text
  20      02006F00 
  20      00000201 
  20      FB0E0D00 
  20      01010101 
  21              	.Ltext0:
  22              		.cfi_sections	.debug_frame
  23              		.global	USBFS_DEVICE0_DESCR
  24              		.section	.rodata
  25              		.align	2
  26              		.type	USBFS_DEVICE0_DESCR, %object
  27              		.size	USBFS_DEVICE0_DESCR, 18
  28              	USBFS_DEVICE0_DESCR:
  29 0000 12       		.byte	18
  30 0001 01       		.byte	1
  31 0002 00       		.byte	0
  32 0003 02       		.byte	2
  33 0004 00       		.byte	0
  34 0005 00       		.byte	0
  35 0006 00       		.byte	0
  36 0007 08       		.byte	8
  37 0008 B4       		.byte	-76
  38 0009 04       		.byte	4
  39 000a 77       		.byte	119
  40 000b E1       		.byte	-31
  41 000c 00       		.byte	0
  42 000d 01       		.byte	1
  43 000e 01       		.byte	1
  44 000f 06       		.byte	6
  45 0010 00       		.byte	0
  46 0011 01       		.byte	1
  47              		.global	USBFS_DEVICE0_CONFIGURATION0_DESCR
  48 0012 0000     		.align	2
  49              		.type	USBFS_DEVICE0_CONFIGURATION0_DESCR, %object
  50              		.size	USBFS_DEVICE0_CONFIGURATION0_DESCR, 41
  51              	USBFS_DEVICE0_CONFIGURATION0_DESCR:
  52 0014 09       		.byte	9
  53 0015 02       		.byte	2
ARM GAS  C:\Users\KEVIN-~1\AppData\Local\Temp\cclMAa09.s 			page 2


  54 0016 29       		.byte	41
  55 0017 00       		.byte	0
  56 0018 01       		.byte	1
  57 0019 01       		.byte	1
  58 001a 04       		.byte	4
  59 001b 80       		.byte	-128
  60 001c 0A       		.byte	10
  61 001d 09       		.byte	9
  62 001e 04       		.byte	4
  63 001f 00       		.byte	0
  64 0020 00       		.byte	0
  65 0021 02       		.byte	2
  66 0022 03       		.byte	3
  67 0023 00       		.byte	0
  68 0024 00       		.byte	0
  69 0025 09       		.byte	9
  70 0026 09       		.byte	9
  71 0027 21       		.byte	33
  72 0028 11       		.byte	17
  73 0029 01       		.byte	1
  74 002a 00       		.byte	0
  75 002b 01       		.byte	1
  76 002c 22       		.byte	34
  77 002d 26       		.byte	38
  78 002e 00       		.byte	0
  79 002f 07       		.byte	7
  80 0030 05       		.byte	5
  81 0031 81       		.byte	-127
  82 0032 03       		.byte	3
  83 0033 10       		.byte	16
  84 0034 00       		.byte	0
  85 0035 0A       		.byte	10
  86 0036 07       		.byte	7
  87 0037 05       		.byte	5
  88 0038 02       		.byte	2
  89 0039 03       		.byte	3
  90 003a 10       		.byte	16
  91 003b 00       		.byte	0
  92 003c 0A       		.byte	10
  93              		.global	USBFS_STRING_DESCRIPTORS
  94 003d 000000   		.align	2
  95              		.type	USBFS_STRING_DESCRIPTORS, %object
  96              		.size	USBFS_STRING_DESCRIPTORS, 365
  97              	USBFS_STRING_DESCRIPTORS:
  98 0040 04       		.byte	4
  99 0041 03       		.byte	3
 100 0042 09       		.byte	9
 101 0043 04       		.byte	4
 102 0044 2C       		.byte	44
 103 0045 03       		.byte	3
 104 0046 43       		.byte	67
 105 0047 00       		.byte	0
 106 0048 79       		.byte	121
 107 0049 00       		.byte	0
 108 004a 70       		.byte	112
 109 004b 00       		.byte	0
 110 004c 72       		.byte	114
ARM GAS  C:\Users\KEVIN-~1\AppData\Local\Temp\cclMAa09.s 			page 3


 111 004d 00       		.byte	0
 112 004e 65       		.byte	101
 113 004f 00       		.byte	0
 114 0050 73       		.byte	115
 115 0051 00       		.byte	0
 116 0052 73       		.byte	115
 117 0053 00       		.byte	0
 118 0054 20       		.byte	32
 119 0055 00       		.byte	0
 120 0056 53       		.byte	83
 121 0057 00       		.byte	0
 122 0058 65       		.byte	101
 123 0059 00       		.byte	0
 124 005a 6D       		.byte	109
 125 005b 00       		.byte	0
 126 005c 69       		.byte	105
 127 005d 00       		.byte	0
 128 005e 63       		.byte	99
 129 005f 00       		.byte	0
 130 0060 6F       		.byte	111
 131 0061 00       		.byte	0
 132 0062 6E       		.byte	110
 133 0063 00       		.byte	0
 134 0064 64       		.byte	100
 135 0065 00       		.byte	0
 136 0066 75       		.byte	117
 137 0067 00       		.byte	0
 138 0068 63       		.byte	99
 139 0069 00       		.byte	0
 140 006a 74       		.byte	116
 141 006b 00       		.byte	0
 142 006c 6F       		.byte	111
 143 006d 00       		.byte	0
 144 006e 72       		.byte	114
 145 006f 00       		.byte	0
 146 0070 18       		.byte	24
 147 0071 03       		.byte	3
 148 0072 47       		.byte	71
 149 0073 00       		.byte	0
 150 0074 65       		.byte	101
 151 0075 00       		.byte	0
 152 0076 6E       		.byte	110
 153 0077 00       		.byte	0
 154 0078 65       		.byte	101
 155 0079 00       		.byte	0
 156 007a 72       		.byte	114
 157 007b 00       		.byte	0
 158 007c 69       		.byte	105
 159 007d 00       		.byte	0
 160 007e 63       		.byte	99
 161 007f 00       		.byte	0
 162 0080 20       		.byte	32
 163 0081 00       		.byte	0
 164 0082 48       		.byte	72
 165 0083 00       		.byte	0
 166 0084 49       		.byte	73
 167 0085 00       		.byte	0
ARM GAS  C:\Users\KEVIN-~1\AppData\Local\Temp\cclMAa09.s 			page 4


 168 0086 44       		.byte	68
 169 0087 00       		.byte	0
 170 0088 30       		.byte	48
 171 0089 03       		.byte	3
 172 008a 55       		.byte	85
 173 008b 00       		.byte	0
 174 008c 53       		.byte	83
 175 008d 00       		.byte	0
 176 008e 42       		.byte	66
 177 008f 00       		.byte	0
 178 0090 20       		.byte	32
 179 0091 00       		.byte	0
 180 0092 49       		.byte	73
 181 0093 00       		.byte	0
 182 0094 6E       		.byte	110
 183 0095 00       		.byte	0
 184 0096 74       		.byte	116
 185 0097 00       		.byte	0
 186 0098 65       		.byte	101
 187 0099 00       		.byte	0
 188 009a 72       		.byte	114
 189 009b 00       		.byte	0
 190 009c 72       		.byte	114
 191 009d 00       		.byte	0
 192 009e 75       		.byte	117
 193 009f 00       		.byte	0
 194 00a0 70       		.byte	112
 195 00a1 00       		.byte	0
 196 00a2 74       		.byte	116
 197 00a3 00       		.byte	0
 198 00a4 20       		.byte	32
 199 00a5 00       		.byte	0
 200 00a6 49       		.byte	73
 201 00a7 00       		.byte	0
 202 00a8 6E       		.byte	110
 203 00a9 00       		.byte	0
 204 00aa 74       		.byte	116
 205 00ab 00       		.byte	0
 206 00ac 65       		.byte	101
 207 00ad 00       		.byte	0
 208 00ae 72       		.byte	114
 209 00af 00       		.byte	0
 210 00b0 66       		.byte	102
 211 00b1 00       		.byte	0
 212 00b2 61       		.byte	97
 213 00b3 00       		.byte	0
 214 00b4 63       		.byte	99
 215 00b5 00       		.byte	0
 216 00b6 65       		.byte	101
 217 00b7 00       		.byte	0
 218 00b8 20       		.byte	32
 219 00b9 03       		.byte	3
 220 00ba 45       		.byte	69
 221 00bb 00       		.byte	0
 222 00bc 78       		.byte	120
 223 00bd 00       		.byte	0
 224 00be 61       		.byte	97
ARM GAS  C:\Users\KEVIN-~1\AppData\Local\Temp\cclMAa09.s 			page 5


 225 00bf 00       		.byte	0
 226 00c0 6D       		.byte	109
 227 00c1 00       		.byte	0
 228 00c2 70       		.byte	112
 229 00c3 00       		.byte	0
 230 00c4 6C       		.byte	108
 231 00c5 00       		.byte	0
 232 00c6 65       		.byte	101
 233 00c7 00       		.byte	0
 234 00c8 20       		.byte	32
 235 00c9 00       		.byte	0
 236 00ca 50       		.byte	80
 237 00cb 00       		.byte	0
 238 00cc 72       		.byte	114
 239 00cd 00       		.byte	0
 240 00ce 6F       		.byte	111
 241 00cf 00       		.byte	0
 242 00d0 6A       		.byte	106
 243 00d1 00       		.byte	0
 244 00d2 65       		.byte	101
 245 00d3 00       		.byte	0
 246 00d4 63       		.byte	99
 247 00d5 00       		.byte	0
 248 00d6 74       		.byte	116
 249 00d7 00       		.byte	0
 250 00d8 2C       		.byte	44
 251 00d9 03       		.byte	3
 252 00da 55       		.byte	85
 253 00db 00       		.byte	0
 254 00dc 53       		.byte	83
 255 00dd 00       		.byte	0
 256 00de 42       		.byte	66
 257 00df 00       		.byte	0
 258 00e0 20       		.byte	32
 259 00e1 00       		.byte	0
 260 00e2 43       		.byte	67
 261 00e3 00       		.byte	0
 262 00e4 6F       		.byte	111
 263 00e5 00       		.byte	0
 264 00e6 6E       		.byte	110
 265 00e7 00       		.byte	0
 266 00e8 74       		.byte	116
 267 00e9 00       		.byte	0
 268 00ea 72       		.byte	114
 269 00eb 00       		.byte	0
 270 00ec 6F       		.byte	111
 271 00ed 00       		.byte	0
 272 00ee 6C       		.byte	108
 273 00ef 00       		.byte	0
 274 00f0 20       		.byte	32
 275 00f1 00       		.byte	0
 276 00f2 49       		.byte	73
 277 00f3 00       		.byte	0
 278 00f4 6E       		.byte	110
 279 00f5 00       		.byte	0
 280 00f6 74       		.byte	116
 281 00f7 00       		.byte	0
ARM GAS  C:\Users\KEVIN-~1\AppData\Local\Temp\cclMAa09.s 			page 6


 282 00f8 65       		.byte	101
 283 00f9 00       		.byte	0
 284 00fa 72       		.byte	114
 285 00fb 00       		.byte	0
 286 00fc 66       		.byte	102
 287 00fd 00       		.byte	0
 288 00fe 61       		.byte	97
 289 00ff 00       		.byte	0
 290 0100 63       		.byte	99
 291 0101 00       		.byte	0
 292 0102 65       		.byte	101
 293 0103 00       		.byte	0
 294 0104 22       		.byte	34
 295 0105 03       		.byte	3
 296 0106 50       		.byte	80
 297 0107 00       		.byte	0
 298 0108 53       		.byte	83
 299 0109 00       		.byte	0
 300 010a 6F       		.byte	111
 301 010b 00       		.byte	0
 302 010c 43       		.byte	67
 303 010d 00       		.byte	0
 304 010e 20       		.byte	32
 305 010f 00       		.byte	0
 306 0110 47       		.byte	71
 307 0111 00       		.byte	0
 308 0112 65       		.byte	101
 309 0113 00       		.byte	0
 310 0114 6E       		.byte	110
 311 0115 00       		.byte	0
 312 0116 65       		.byte	101
 313 0117 00       		.byte	0
 314 0118 72       		.byte	114
 315 0119 00       		.byte	0
 316 011a 69       		.byte	105
 317 011b 00       		.byte	0
 318 011c 63       		.byte	99
 319 011d 00       		.byte	0
 320 011e 20       		.byte	32
 321 011f 00       		.byte	0
 322 0120 48       		.byte	72
 323 0121 00       		.byte	0
 324 0122 49       		.byte	73
 325 0123 00       		.byte	0
 326 0124 44       		.byte	68
 327 0125 00       		.byte	0
 328 0126 30       		.byte	48
 329 0127 03       		.byte	3
 330 0128 55       		.byte	85
 331 0129 00       		.byte	0
 332 012a 53       		.byte	83
 333 012b 00       		.byte	0
 334 012c 42       		.byte	66
 335 012d 00       		.byte	0
 336 012e 20       		.byte	32
 337 012f 00       		.byte	0
 338 0130 43       		.byte	67
ARM GAS  C:\Users\KEVIN-~1\AppData\Local\Temp\cclMAa09.s 			page 7


 339 0131 00       		.byte	0
 340 0132 6F       		.byte	111
 341 0133 00       		.byte	0
 342 0134 6E       		.byte	110
 343 0135 00       		.byte	0
 344 0136 74       		.byte	116
 345 0137 00       		.byte	0
 346 0138 72       		.byte	114
 347 0139 00       		.byte	0
 348 013a 6F       		.byte	111
 349 013b 00       		.byte	0
 350 013c 6C       		.byte	108
 351 013d 00       		.byte	0
 352 013e 20       		.byte	32
 353 013f 00       		.byte	0
 354 0140 49       		.byte	73
 355 0141 00       		.byte	0
 356 0142 6E       		.byte	110
 357 0143 00       		.byte	0
 358 0144 74       		.byte	116
 359 0145 00       		.byte	0
 360 0146 65       		.byte	101
 361 0147 00       		.byte	0
 362 0148 72       		.byte	114
 363 0149 00       		.byte	0
 364 014a 66       		.byte	102
 365 014b 00       		.byte	0
 366 014c 61       		.byte	97
 367 014d 00       		.byte	0
 368 014e 63       		.byte	99
 369 014f 00       		.byte	0
 370 0150 65       		.byte	101
 371 0151 00       		.byte	0
 372 0152 20       		.byte	32
 373 0153 00       		.byte	0
 374 0154 31       		.byte	49
 375 0155 00       		.byte	0
 376 0156 30       		.byte	48
 377 0157 03       		.byte	3
 378 0158 55       		.byte	85
 379 0159 00       		.byte	0
 380 015a 53       		.byte	83
 381 015b 00       		.byte	0
 382 015c 42       		.byte	66
 383 015d 00       		.byte	0
 384 015e 20       		.byte	32
 385 015f 00       		.byte	0
 386 0160 43       		.byte	67
 387 0161 00       		.byte	0
 388 0162 6F       		.byte	111
 389 0163 00       		.byte	0
 390 0164 6E       		.byte	110
 391 0165 00       		.byte	0
 392 0166 74       		.byte	116
 393 0167 00       		.byte	0
 394 0168 72       		.byte	114
 395 0169 00       		.byte	0
ARM GAS  C:\Users\KEVIN-~1\AppData\Local\Temp\cclMAa09.s 			page 8


 396 016a 6F       		.byte	111
 397 016b 00       		.byte	0
 398 016c 6C       		.byte	108
 399 016d 00       		.byte	0
 400 016e 20       		.byte	32
 401 016f 00       		.byte	0
 402 0170 49       		.byte	73
 403 0171 00       		.byte	0
 404 0172 6E       		.byte	110
 405 0173 00       		.byte	0
 406 0174 74       		.byte	116
 407 0175 00       		.byte	0
 408 0176 65       		.byte	101
 409 0177 00       		.byte	0
 410 0178 72       		.byte	114
 411 0179 00       		.byte	0
 412 017a 66       		.byte	102
 413 017b 00       		.byte	0
 414 017c 61       		.byte	97
 415 017d 00       		.byte	0
 416 017e 63       		.byte	99
 417 017f 00       		.byte	0
 418 0180 65       		.byte	101
 419 0181 00       		.byte	0
 420 0182 20       		.byte	32
 421 0183 00       		.byte	0
 422 0184 32       		.byte	50
 423 0185 00       		.byte	0
 424 0186 26       		.byte	38
 425 0187 03       		.byte	3
 426 0188 55       		.byte	85
 427 0189 00       		.byte	0
 428 018a 53       		.byte	83
 429 018b 00       		.byte	0
 430 018c 42       		.byte	66
 431 018d 00       		.byte	0
 432 018e 20       		.byte	32
 433 018f 00       		.byte	0
 434 0190 44       		.byte	68
 435 0191 00       		.byte	0
 436 0192 61       		.byte	97
 437 0193 00       		.byte	0
 438 0194 74       		.byte	116
 439 0195 00       		.byte	0
 440 0196 61       		.byte	97
 441 0197 00       		.byte	0
 442 0198 20       		.byte	32
 443 0199 00       		.byte	0
 444 019a 49       		.byte	73
 445 019b 00       		.byte	0
 446 019c 6E       		.byte	110
 447 019d 00       		.byte	0
 448 019e 74       		.byte	116
 449 019f 00       		.byte	0
 450 01a0 65       		.byte	101
 451 01a1 00       		.byte	0
 452 01a2 72       		.byte	114
ARM GAS  C:\Users\KEVIN-~1\AppData\Local\Temp\cclMAa09.s 			page 9


 453 01a3 00       		.byte	0
 454 01a4 66       		.byte	102
 455 01a5 00       		.byte	0
 456 01a6 61       		.byte	97
 457 01a7 00       		.byte	0
 458 01a8 63       		.byte	99
 459 01a9 00       		.byte	0
 460 01aa 65       		.byte	101
 461 01ab 00       		.byte	0
 462 01ac 00       		.byte	0
 463              		.global	USBFS_HIDREPORT_DESCRIPTOR1
 464 01ad 000000   		.align	2
 465              		.type	USBFS_HIDREPORT_DESCRIPTOR1, %object
 466              		.size	USBFS_HIDREPORT_DESCRIPTOR1, 42
 467              	USBFS_HIDREPORT_DESCRIPTOR1:
 468 01b0 26       		.byte	38
 469 01b1 00       		.byte	0
 470 01b2 06       		.byte	6
 471 01b3 00       		.byte	0
 472 01b4 FF       		.byte	-1
 473 01b5 09       		.byte	9
 474 01b6 01       		.byte	1
 475 01b7 A1       		.byte	-95
 476 01b8 01       		.byte	1
 477 01b9 19       		.byte	25
 478 01ba 01       		.byte	1
 479 01bb 29       		.byte	41
 480 01bc 08       		.byte	8
 481 01bd 15       		.byte	21
 482 01be 00       		.byte	0
 483 01bf 26       		.byte	38
 484 01c0 FF       		.byte	-1
 485 01c1 00       		.byte	0
 486 01c2 75       		.byte	117
 487 01c3 08       		.byte	8
 488 01c4 95       		.byte	-107
 489 01c5 08       		.byte	8
 490 01c6 91       		.byte	-111
 491 01c7 02       		.byte	2
 492 01c8 19       		.byte	25
 493 01c9 01       		.byte	1
 494 01ca 29       		.byte	41
 495 01cb 08       		.byte	8
 496 01cc 15       		.byte	21
 497 01cd 00       		.byte	0
 498 01ce 26       		.byte	38
 499 01cf FF       		.byte	-1
 500 01d0 00       		.byte	0
 501 01d1 75       		.byte	117
 502 01d2 08       		.byte	8
 503 01d3 95       		.byte	-107
 504 01d4 08       		.byte	8
 505 01d5 81       		.byte	-127
 506 01d6 02       		.byte	2
 507 01d7 C0       		.byte	-64
 508 01d8 00       		.byte	0
 509 01d9 00       		.byte	0
ARM GAS  C:\Users\KEVIN-~1\AppData\Local\Temp\cclMAa09.s 			page 10


 510              		.comm	USBFS_DEVICE0_CONFIGURATION0_INTERFACE0_ALTERNATE0_HID_IN_RPT_SCB,4,4
 511              		.comm	USBFS_DEVICE0_CONFIGURATION0_INTERFACE0_ALTERNATE0_HID_IN_BUF,9,4
 512              		.global	USBFS_DEVICE0_CONFIGURATION0_INTERFACE0_ALTERNATE0_HID_IN_RPT_TABLE
 513 01da 0000     		.align	2
 514              		.type	USBFS_DEVICE0_CONFIGURATION0_INTERFACE0_ALTERNATE0_HID_IN_RPT_TABLE, %object
 515              		.size	USBFS_DEVICE0_CONFIGURATION0_INTERFACE0_ALTERNATE0_HID_IN_RPT_TABLE, 12
 516              	USBFS_DEVICE0_CONFIGURATION0_INTERFACE0_ALTERNATE0_HID_IN_RPT_TABLE:
 517 01dc 0900     		.short	9
 518 01de 0000     		.space	2
 519 01e0 00000000 		.word	USBFS_DEVICE0_CONFIGURATION0_INTERFACE0_ALTERNATE0_HID_IN_BUF
 520 01e4 00000000 		.word	USBFS_DEVICE0_CONFIGURATION0_INTERFACE0_ALTERNATE0_HID_IN_RPT_SCB
 521              		.comm	USBFS_DEVICE0_CONFIGURATION0_INTERFACE0_ALTERNATE0_HID_OUT_RPT_SCB,4,4
 522              		.comm	USBFS_DEVICE0_CONFIGURATION0_INTERFACE0_ALTERNATE0_HID_OUT_BUF,9,4
 523              		.global	USBFS_DEVICE0_CONFIGURATION0_INTERFACE0_ALTERNATE0_HID_OUT_RPT_TABLE
 524              		.align	2
 525              		.type	USBFS_DEVICE0_CONFIGURATION0_INTERFACE0_ALTERNATE0_HID_OUT_RPT_TABLE, %object
 526              		.size	USBFS_DEVICE0_CONFIGURATION0_INTERFACE0_ALTERNATE0_HID_OUT_RPT_TABLE, 12
 527              	USBFS_DEVICE0_CONFIGURATION0_INTERFACE0_ALTERNATE0_HID_OUT_RPT_TABLE:
 528 01e8 0900     		.short	9
 529 01ea 0000     		.space	2
 530 01ec 00000000 		.word	USBFS_DEVICE0_CONFIGURATION0_INTERFACE0_ALTERNATE0_HID_OUT_BUF
 531 01f0 00000000 		.word	USBFS_DEVICE0_CONFIGURATION0_INTERFACE0_ALTERNATE0_HID_OUT_RPT_SCB
 532              		.global	USBFS_DEVICE0_CONFIGURATION0_INTERFACE0_ALTERNATE0_HID_TABLE
 533              		.align	2
 534              		.type	USBFS_DEVICE0_CONFIGURATION0_INTERFACE0_ALTERNATE0_HID_TABLE, %object
 535              		.size	USBFS_DEVICE0_CONFIGURATION0_INTERFACE0_ALTERNATE0_HID_TABLE, 40
 536              	USBFS_DEVICE0_CONFIGURATION0_INTERFACE0_ALTERNATE0_HID_TABLE:
 537 01f4 00       		.byte	0
 538 01f5 000000   		.space	3
 539 01f8 00000000 		.word	USBFS_DEVICE0_CONFIGURATION0_INTERFACE0_ALTERNATE0_HID_IN_RPT_TABLE
 540 01fc 00       		.byte	0
 541 01fd 000000   		.space	3
 542 0200 00000000 		.word	USBFS_DEVICE0_CONFIGURATION0_INTERFACE0_ALTERNATE0_HID_OUT_RPT_TABLE
 543 0204 00       		.byte	0
 544 0205 000000   		.space	3
 545 0208 00000000 		.word	0
 546 020c 01       		.byte	1
 547 020d 000000   		.space	3
 548 0210 00000000 		.word	USBFS_HIDREPORT_DESCRIPTOR1
 549 0214 01       		.byte	1
 550 0215 000000   		.space	3
 551 0218 12000000 		.word	USBFS_DEVICE0_CONFIGURATION0_DESCR+18
 552              		.global	USBFS_DEVICE0_CONFIGURATION0_INTERFACE0_TABLE
 553              		.align	2
 554              		.type	USBFS_DEVICE0_CONFIGURATION0_INTERFACE0_TABLE, %object
 555              		.size	USBFS_DEVICE0_CONFIGURATION0_INTERFACE0_TABLE, 8
 556              	USBFS_DEVICE0_CONFIGURATION0_INTERFACE0_TABLE:
 557 021c 01       		.byte	1
 558 021d 000000   		.space	3
 559 0220 00000000 		.word	USBFS_DEVICE0_CONFIGURATION0_INTERFACE0_ALTERNATE0_HID_TABLE
 560              		.global	USBFS_DEVICE0_CONFIGURATION0_EP_SETTINGS_TABLE
 561              		.align	2
 562              		.type	USBFS_DEVICE0_CONFIGURATION0_EP_SETTINGS_TABLE, %object
 563              		.size	USBFS_DEVICE0_CONFIGURATION0_EP_SETTINGS_TABLE, 16
 564              	USBFS_DEVICE0_CONFIGURATION0_EP_SETTINGS_TABLE:
 565 0224 00       		.byte	0
 566 0225 00       		.byte	0
ARM GAS  C:\Users\KEVIN-~1\AppData\Local\Temp\cclMAa09.s 			page 11


 567 0226 81       		.byte	-127
 568 0227 03       		.byte	3
 569 0228 1000     		.short	16
 570 022a 03       		.byte	3
 571 022b 00       		.space	1
 572 022c 00       		.byte	0
 573 022d 00       		.byte	0
 574 022e 02       		.byte	2
 575 022f 03       		.byte	3
 576 0230 1000     		.short	16
 577 0232 03       		.byte	3
 578 0233 00       		.space	1
 579              		.global	USBFS_DEVICE0_CONFIGURATION0_INTERFACE_CLASS
 580              		.align	2
 581              		.type	USBFS_DEVICE0_CONFIGURATION0_INTERFACE_CLASS, %object
 582              		.size	USBFS_DEVICE0_CONFIGURATION0_INTERFACE_CLASS, 1
 583              	USBFS_DEVICE0_CONFIGURATION0_INTERFACE_CLASS:
 584 0234 03       		.byte	3
 585              		.global	USBFS_DEVICE0_CONFIGURATION0_TABLE
 586 0235 000000   		.align	2
 587              		.type	USBFS_DEVICE0_CONFIGURATION0_TABLE, %object
 588              		.size	USBFS_DEVICE0_CONFIGURATION0_TABLE, 32
 589              	USBFS_DEVICE0_CONFIGURATION0_TABLE:
 590 0238 01       		.byte	1
 591 0239 000000   		.space	3
 592 023c 00000000 		.word	USBFS_DEVICE0_CONFIGURATION0_DESCR
 593 0240 02       		.byte	2
 594 0241 000000   		.space	3
 595 0244 00000000 		.word	USBFS_DEVICE0_CONFIGURATION0_EP_SETTINGS_TABLE
 596 0248 01       		.byte	1
 597 0249 000000   		.space	3
 598 024c 00000000 		.word	USBFS_DEVICE0_CONFIGURATION0_INTERFACE0_TABLE
 599 0250 00       		.byte	0
 600 0251 000000   		.space	3
 601 0254 00000000 		.word	USBFS_DEVICE0_CONFIGURATION0_INTERFACE_CLASS
 602              		.global	USBFS_DEVICE0_TABLE
 603              		.align	2
 604              		.type	USBFS_DEVICE0_TABLE, %object
 605              		.size	USBFS_DEVICE0_TABLE, 16
 606              	USBFS_DEVICE0_TABLE:
 607 0258 01       		.byte	1
 608 0259 000000   		.space	3
 609 025c 00000000 		.word	USBFS_DEVICE0_DESCR
 610 0260 01       		.byte	1
 611 0261 000000   		.space	3
 612 0264 00000000 		.word	USBFS_DEVICE0_CONFIGURATION0_TABLE
 613              		.global	USBFS_TABLE
 614              		.align	2
 615              		.type	USBFS_TABLE, %object
 616              		.size	USBFS_TABLE, 8
 617              	USBFS_TABLE:
 618 0268 01       		.byte	1
 619 0269 000000   		.space	3
 620 026c 00000000 		.word	USBFS_DEVICE0_TABLE
 621              		.text
 622              	.Letext0:
 623              		.file 1 ".\\Generated_Source\\PSoC5\\/cytypes.h"
ARM GAS  C:\Users\KEVIN-~1\AppData\Local\Temp\cclMAa09.s 			page 12


 624              		.file 2 ".\\Generated_Source\\PSoC5\\/USBFS.h"
 625              		.file 3 ".\\Generated_Source\\PSoC5\\USBFS_descr.c"
 626              		.section	.debug_info
 627 0000 EA030000 		.4byte	0x3ea
 628 0004 0200     		.2byte	0x2
 629 0006 00000000 		.4byte	.Ldebug_abbrev0
 630 000a 04       		.byte	0x4
 631 000b 01       		.uleb128 0x1
 632 000c 2E040000 		.4byte	.LASF49
 633 0010 01       		.byte	0x1
 634 0011 4B040000 		.4byte	.LASF50
 635 0015 C1030000 		.4byte	.LASF51
 636 0019 00000000 		.4byte	.Ltext0
 637 001d 00000000 		.4byte	.Letext0
 638 0021 00000000 		.4byte	.Ldebug_line0
 639 0025 02       		.uleb128 0x2
 640 0026 01       		.byte	0x1
 641 0027 06       		.byte	0x6
 642 0028 05050000 		.4byte	.LASF0
 643 002c 02       		.uleb128 0x2
 644 002d 01       		.byte	0x1
 645 002e 08       		.byte	0x8
 646 002f 5A030000 		.4byte	.LASF1
 647 0033 02       		.uleb128 0x2
 648 0034 02       		.byte	0x2
 649 0035 05       		.byte	0x5
 650 0036 7D040000 		.4byte	.LASF2
 651 003a 02       		.uleb128 0x2
 652 003b 02       		.byte	0x2
 653 003c 07       		.byte	0x7
 654 003d 11010000 		.4byte	.LASF3
 655 0041 02       		.uleb128 0x2
 656 0042 04       		.byte	0x4
 657 0043 05       		.byte	0x5
 658 0044 F5040000 		.4byte	.LASF4
 659 0048 02       		.uleb128 0x2
 660 0049 04       		.byte	0x4
 661 004a 07       		.byte	0x7
 662 004b CE020000 		.4byte	.LASF5
 663 004f 02       		.uleb128 0x2
 664 0050 08       		.byte	0x8
 665 0051 05       		.byte	0x5
 666 0052 00000000 		.4byte	.LASF6
 667 0056 02       		.uleb128 0x2
 668 0057 08       		.byte	0x8
 669 0058 07       		.byte	0x7
 670 0059 75030000 		.4byte	.LASF7
 671 005d 03       		.uleb128 0x3
 672 005e 04       		.byte	0x4
 673 005f 05       		.byte	0x5
 674 0060 696E7400 		.ascii	"int\000"
 675 0064 02       		.uleb128 0x2
 676 0065 04       		.byte	0x4
 677 0066 07       		.byte	0x7
 678 0067 68030000 		.4byte	.LASF8
 679 006b 02       		.uleb128 0x2
 680 006c 01       		.byte	0x1
ARM GAS  C:\Users\KEVIN-~1\AppData\Local\Temp\cclMAa09.s 			page 13


 681 006d 08       		.byte	0x8
 682 006e 46040000 		.4byte	.LASF9
 683 0072 04       		.uleb128 0x4
 684 0073 E5040000 		.4byte	.LASF10
 685 0077 01       		.byte	0x1
 686 0078 60       		.byte	0x60
 687 0079 2C000000 		.4byte	0x2c
 688 007d 04       		.uleb128 0x4
 689 007e E0020000 		.4byte	.LASF11
 690 0082 01       		.byte	0x1
 691 0083 61       		.byte	0x61
 692 0084 3A000000 		.4byte	0x3a
 693 0088 05       		.uleb128 0x5
 694 0089 72000000 		.4byte	0x72
 695 008d 06       		.uleb128 0x6
 696 008e 04       		.byte	0x4
 697 008f 07       		.byte	0x7
 698 0090 07       		.uleb128 0x7
 699 0091 04       		.byte	0x4
 700 0092 08       		.uleb128 0x8
 701 0093 16030000 		.4byte	.LASF19
 702 0097 08       		.byte	0x8
 703 0098 02       		.byte	0x2
 704 0099 85       		.byte	0x85
 705 009a F3000000 		.4byte	0xf3
 706 009e 09       		.uleb128 0x9
 707 009f EB040000 		.4byte	.LASF12
 708 00a3 02       		.byte	0x2
 709 00a4 86       		.byte	0x86
 710 00a5 72000000 		.4byte	0x72
 711 00a9 02       		.byte	0x2
 712 00aa 23       		.byte	0x23
 713 00ab 00       		.uleb128 0x0
 714 00ac 09       		.uleb128 0x9
 715 00ad 73010000 		.4byte	.LASF13
 716 00b1 02       		.byte	0x2
 717 00b2 87       		.byte	0x87
 718 00b3 72000000 		.4byte	0x72
 719 00b7 02       		.byte	0x2
 720 00b8 23       		.byte	0x23
 721 00b9 01       		.uleb128 0x1
 722 00ba 09       		.uleb128 0x9
 723 00bb 35020000 		.4byte	.LASF14
 724 00bf 02       		.byte	0x2
 725 00c0 88       		.byte	0x88
 726 00c1 72000000 		.4byte	0x72
 727 00c5 02       		.byte	0x2
 728 00c6 23       		.byte	0x23
 729 00c7 02       		.uleb128 0x2
 730 00c8 09       		.uleb128 0x9
 731 00c9 ED010000 		.4byte	.LASF15
 732 00cd 02       		.byte	0x2
 733 00ce 89       		.byte	0x89
 734 00cf 72000000 		.4byte	0x72
 735 00d3 02       		.byte	0x2
 736 00d4 23       		.byte	0x23
 737 00d5 03       		.uleb128 0x3
ARM GAS  C:\Users\KEVIN-~1\AppData\Local\Temp\cclMAa09.s 			page 14


 738 00d6 09       		.uleb128 0x9
 739 00d7 72040000 		.4byte	.LASF16
 740 00db 02       		.byte	0x2
 741 00dc 8A       		.byte	0x8a
 742 00dd 7D000000 		.4byte	0x7d
 743 00e1 02       		.byte	0x2
 744 00e2 23       		.byte	0x23
 745 00e3 04       		.uleb128 0x4
 746 00e4 09       		.uleb128 0x9
 747 00e5 23050000 		.4byte	.LASF17
 748 00e9 02       		.byte	0x2
 749 00ea 8B       		.byte	0x8b
 750 00eb 72000000 		.4byte	0x72
 751 00ef 02       		.byte	0x2
 752 00f0 23       		.byte	0x23
 753 00f1 06       		.uleb128 0x6
 754 00f2 00       		.byte	0x0
 755 00f3 04       		.uleb128 0x4
 756 00f4 93030000 		.4byte	.LASF18
 757 00f8 02       		.byte	0x2
 758 00f9 8C       		.byte	0x8c
 759 00fa 92000000 		.4byte	0x92
 760 00fe 08       		.uleb128 0x8
 761 00ff D6010000 		.4byte	.LASF20
 762 0103 04       		.byte	0x4
 763 0104 02       		.byte	0x2
 764 0105 8F       		.byte	0x8f
 765 0106 27010000 		.4byte	0x127
 766 010a 09       		.uleb128 0x9
 767 010b FE040000 		.4byte	.LASF21
 768 010f 02       		.byte	0x2
 769 0110 90       		.byte	0x90
 770 0111 72000000 		.4byte	0x72
 771 0115 02       		.byte	0x2
 772 0116 23       		.byte	0x23
 773 0117 00       		.uleb128 0x0
 774 0118 09       		.uleb128 0x9
 775 0119 11050000 		.4byte	.LASF22
 776 011d 02       		.byte	0x2
 777 011e 91       		.byte	0x91
 778 011f 7D000000 		.4byte	0x7d
 779 0123 02       		.byte	0x2
 780 0124 23       		.byte	0x23
 781 0125 02       		.uleb128 0x2
 782 0126 00       		.byte	0x0
 783 0127 04       		.uleb128 0x4
 784 0128 F8010000 		.4byte	.LASF23
 785 012c 02       		.byte	0x2
 786 012d 92       		.byte	0x92
 787 012e FE000000 		.4byte	0xfe
 788 0132 08       		.uleb128 0x8
 789 0133 50030000 		.4byte	.LASF24
 790 0137 0C       		.byte	0xc
 791 0138 02       		.byte	0x2
 792 0139 95       		.byte	0x95
 793 013a 69010000 		.4byte	0x169
 794 013e 09       		.uleb128 0x9
ARM GAS  C:\Users\KEVIN-~1\AppData\Local\Temp\cclMAa09.s 			page 15


 795 013f DD000000 		.4byte	.LASF25
 796 0143 02       		.byte	0x2
 797 0144 96       		.byte	0x96
 798 0145 7D000000 		.4byte	0x7d
 799 0149 02       		.byte	0x2
 800 014a 23       		.byte	0x23
 801 014b 00       		.uleb128 0x0
 802 014c 09       		.uleb128 0x9
 803 014d 62010000 		.4byte	.LASF26
 804 0151 02       		.byte	0x2
 805 0152 97       		.byte	0x97
 806 0153 69010000 		.4byte	0x169
 807 0157 02       		.byte	0x2
 808 0158 23       		.byte	0x23
 809 0159 04       		.uleb128 0x4
 810 015a 09       		.uleb128 0x9
 811 015b 0E000000 		.4byte	.LASF27
 812 015f 02       		.byte	0x2
 813 0160 98       		.byte	0x98
 814 0161 6F010000 		.4byte	0x16f
 815 0165 02       		.byte	0x2
 816 0166 23       		.byte	0x23
 817 0167 08       		.uleb128 0x8
 818 0168 00       		.byte	0x0
 819 0169 0A       		.uleb128 0xa
 820 016a 04       		.byte	0x4
 821 016b 88000000 		.4byte	0x88
 822 016f 0A       		.uleb128 0xa
 823 0170 04       		.byte	0x4
 824 0171 27010000 		.4byte	0x127
 825 0175 04       		.uleb128 0x4
 826 0176 68010000 		.4byte	.LASF28
 827 017a 02       		.byte	0x2
 828 017b 99       		.byte	0x99
 829 017c 32010000 		.4byte	0x132
 830 0180 08       		.uleb128 0x8
 831 0181 18050000 		.4byte	.LASF29
 832 0185 08       		.byte	0x8
 833 0186 02       		.byte	0x2
 834 0187 9C       		.byte	0x9c
 835 0188 A7010000 		.4byte	0x1a7
 836 018c 0B       		.uleb128 0xb
 837 018d 6300     		.ascii	"c\000"
 838 018f 02       		.byte	0x2
 839 0190 9D       		.byte	0x9d
 840 0191 72000000 		.4byte	0x72
 841 0195 02       		.byte	0x2
 842 0196 23       		.byte	0x23
 843 0197 00       		.uleb128 0x0
 844 0198 09       		.uleb128 0x9
 845 0199 8C030000 		.4byte	.LASF30
 846 019d 02       		.byte	0x2
 847 019e 9E       		.byte	0x9e
 848 019f 90000000 		.4byte	0x90
 849 01a3 02       		.byte	0x2
 850 01a4 23       		.byte	0x23
 851 01a5 04       		.uleb128 0x4
ARM GAS  C:\Users\KEVIN-~1\AppData\Local\Temp\cclMAa09.s 			page 16


 852 01a6 00       		.byte	0x0
 853 01a7 04       		.uleb128 0x4
 854 01a8 3A040000 		.4byte	.LASF31
 855 01ac 02       		.byte	0x2
 856 01ad 9F       		.byte	0x9f
 857 01ae 80010000 		.4byte	0x180
 858 01b2 0C       		.uleb128 0xc
 859 01b3 72000000 		.4byte	0x72
 860 01b7 C2010000 		.4byte	0x1c2
 861 01bb 0D       		.uleb128 0xd
 862 01bc 8D000000 		.4byte	0x8d
 863 01c0 11       		.byte	0x11
 864 01c1 00       		.byte	0x0
 865 01c2 0E       		.uleb128 0xe
 866 01c3 AD030000 		.4byte	.LASF32
 867 01c7 03       		.byte	0x3
 868 01c8 26       		.byte	0x26
 869 01c9 D4010000 		.4byte	0x1d4
 870 01cd 01       		.byte	0x1
 871 01ce 05       		.byte	0x5
 872 01cf 03       		.byte	0x3
 873 01d0 00000000 		.4byte	USBFS_DEVICE0_DESCR
 874 01d4 0F       		.uleb128 0xf
 875 01d5 B2010000 		.4byte	0x1b2
 876 01d9 0C       		.uleb128 0xc
 877 01da 72000000 		.4byte	0x72
 878 01de E9010000 		.4byte	0x1e9
 879 01e2 0D       		.uleb128 0xd
 880 01e3 8D000000 		.4byte	0x8d
 881 01e7 28       		.byte	0x28
 882 01e8 00       		.byte	0x0
 883 01e9 0E       		.uleb128 0xe
 884 01ea 2D030000 		.4byte	.LASF33
 885 01ee 03       		.byte	0x3
 886 01ef 39       		.byte	0x39
 887 01f0 FB010000 		.4byte	0x1fb
 888 01f4 01       		.byte	0x1
 889 01f5 05       		.byte	0x5
 890 01f6 03       		.byte	0x3
 891 01f7 00000000 		.4byte	USBFS_DEVICE0_CONFIGURATION0_DESCR
 892 01fb 0F       		.uleb128 0xf
 893 01fc D9010000 		.4byte	0x1d9
 894 0200 0C       		.uleb128 0xc
 895 0201 72000000 		.4byte	0x72
 896 0205 11020000 		.4byte	0x211
 897 0209 10       		.uleb128 0x10
 898 020a 8D000000 		.4byte	0x8d
 899 020e 6C01     		.2byte	0x16c
 900 0210 00       		.byte	0x0
 901 0211 0E       		.uleb128 0xe
 902 0212 BD010000 		.4byte	.LASF34
 903 0216 03       		.byte	0x3
 904 0217 70       		.byte	0x70
 905 0218 23020000 		.4byte	0x223
 906 021c 01       		.byte	0x1
 907 021d 05       		.byte	0x5
 908 021e 03       		.byte	0x3
ARM GAS  C:\Users\KEVIN-~1\AppData\Local\Temp\cclMAa09.s 			page 17


 909 021f 00000000 		.4byte	USBFS_STRING_DESCRIPTORS
 910 0223 0F       		.uleb128 0xf
 911 0224 00020000 		.4byte	0x200
 912 0228 0C       		.uleb128 0xc
 913 0229 72000000 		.4byte	0x72
 914 022d 38020000 		.4byte	0x238
 915 0231 0D       		.uleb128 0xd
 916 0232 8D000000 		.4byte	0x8d
 917 0236 29       		.byte	0x29
 918 0237 00       		.byte	0x0
 919 0238 0E       		.uleb128 0xe
 920 0239 87040000 		.4byte	.LASF35
 921 023d 03       		.byte	0x3
 922 023e C3       		.byte	0xc3
 923 023f 4A020000 		.4byte	0x24a
 924 0243 01       		.byte	0x1
 925 0244 05       		.byte	0x5
 926 0245 03       		.byte	0x3
 927 0246 00000000 		.4byte	USBFS_HIDREPORT_DESCRIPTOR1
 928 024a 0F       		.uleb128 0xf
 929 024b 28020000 		.4byte	0x228
 930 024f 0E       		.uleb128 0xe
 931 0250 A3040000 		.4byte	.LASF36
 932 0254 03       		.byte	0x3
 933 0255 E0       		.byte	0xe0
 934 0256 27010000 		.4byte	0x127
 935 025a 01       		.byte	0x1
 936 025b 05       		.byte	0x5
 937 025c 03       		.byte	0x3
 938 025d 00000000 		.4byte	USBFS_DEVICE0_CONFIGURATION0_INTERFACE0_ALTERNATE0_HID_IN_RPT_SCB
 939 0261 0C       		.uleb128 0xc
 940 0262 72000000 		.4byte	0x72
 941 0266 71020000 		.4byte	0x271
 942 026a 0D       		.uleb128 0xd
 943 026b 8D000000 		.4byte	0x8d
 944 026f 08       		.byte	0x8
 945 0270 00       		.byte	0x0
 946 0271 0E       		.uleb128 0xe
 947 0272 24010000 		.4byte	.LASF37
 948 0276 03       		.byte	0x3
 949 0277 E1       		.byte	0xe1
 950 0278 61020000 		.4byte	0x261
 951 027c 01       		.byte	0x1
 952 027d 05       		.byte	0x5
 953 027e 03       		.byte	0x3
 954 027f 00000000 		.4byte	USBFS_DEVICE0_CONFIGURATION0_INTERFACE0_ALTERNATE0_HID_IN_BUF
 955 0283 0C       		.uleb128 0xc
 956 0284 75010000 		.4byte	0x175
 957 0288 93020000 		.4byte	0x293
 958 028c 0D       		.uleb128 0xd
 959 028d 8D000000 		.4byte	0x8d
 960 0291 00       		.byte	0x0
 961 0292 00       		.byte	0x0
 962 0293 0E       		.uleb128 0xe
 963 0294 8D000000 		.4byte	.LASF38
 964 0298 03       		.byte	0x3
 965 0299 E7       		.byte	0xe7
ARM GAS  C:\Users\KEVIN-~1\AppData\Local\Temp\cclMAa09.s 			page 18


 966 029a A5020000 		.4byte	0x2a5
 967 029e 01       		.byte	0x1
 968 029f 05       		.byte	0x5
 969 02a0 03       		.byte	0x3
 970 02a1 00000000 		.4byte	USBFS_DEVICE0_CONFIGURATION0_INTERFACE0_ALTERNATE0_HID_IN_RPT_TABLE
 971 02a5 0F       		.uleb128 0xf
 972 02a6 83020000 		.4byte	0x283
 973 02aa 0E       		.uleb128 0xe
 974 02ab 4E020000 		.4byte	.LASF39
 975 02af 03       		.byte	0x3
 976 02b0 EF       		.byte	0xef
 977 02b1 27010000 		.4byte	0x127
 978 02b5 01       		.byte	0x1
 979 02b6 05       		.byte	0x5
 980 02b7 03       		.byte	0x3
 981 02b8 00000000 		.4byte	USBFS_DEVICE0_CONFIGURATION0_INTERFACE0_ALTERNATE0_HID_OUT_RPT_SCB
 982 02bc 0E       		.uleb128 0xe
 983 02bd 7E010000 		.4byte	.LASF40
 984 02c1 03       		.byte	0x3
 985 02c2 F0       		.byte	0xf0
 986 02c3 61020000 		.4byte	0x261
 987 02c7 01       		.byte	0x1
 988 02c8 05       		.byte	0x5
 989 02c9 03       		.byte	0x3
 990 02ca 00000000 		.4byte	USBFS_DEVICE0_CONFIGURATION0_INTERFACE0_ALTERNATE0_HID_OUT_BUF
 991 02ce 0E       		.uleb128 0xe
 992 02cf 48000000 		.4byte	.LASF41
 993 02d3 03       		.byte	0x3
 994 02d4 F6       		.byte	0xf6
 995 02d5 E0020000 		.4byte	0x2e0
 996 02d9 01       		.byte	0x1
 997 02da 05       		.byte	0x5
 998 02db 03       		.byte	0x3
 999 02dc 00000000 		.4byte	USBFS_DEVICE0_CONFIGURATION0_INTERFACE0_ALTERNATE0_HID_OUT_RPT_TABLE
 1000 02e0 0F       		.uleb128 0xf
 1001 02e1 83020000 		.4byte	0x283
 1002 02e5 0C       		.uleb128 0xc
 1003 02e6 A7010000 		.4byte	0x1a7
 1004 02ea F5020000 		.4byte	0x2f5
 1005 02ee 0D       		.uleb128 0xd
 1006 02ef 8D000000 		.4byte	0x8d
 1007 02f3 04       		.byte	0x4
 1008 02f4 00       		.byte	0x0
 1009 02f5 11       		.uleb128 0x11
 1010 02f6 91020000 		.4byte	.LASF42
 1011 02fa 03       		.byte	0x3
 1012 02fb 0301     		.2byte	0x103
 1013 02fd 08030000 		.4byte	0x308
 1014 0301 01       		.byte	0x1
 1015 0302 05       		.byte	0x5
 1016 0303 03       		.byte	0x3
 1017 0304 00000000 		.4byte	USBFS_DEVICE0_CONFIGURATION0_INTERFACE0_ALTERNATE0_HID_TABLE
 1018 0308 0F       		.uleb128 0xf
 1019 0309 E5020000 		.4byte	0x2e5
 1020 030d 0C       		.uleb128 0xc
 1021 030e A7010000 		.4byte	0x1a7
 1022 0312 1D030000 		.4byte	0x31d
ARM GAS  C:\Users\KEVIN-~1\AppData\Local\Temp\cclMAa09.s 			page 19


 1023 0316 0D       		.uleb128 0xd
 1024 0317 8D000000 		.4byte	0x8d
 1025 031b 00       		.byte	0x0
 1026 031c 00       		.byte	0x0
 1027 031d 11       		.uleb128 0x11
 1028 031e E3000000 		.4byte	.LASF43
 1029 0322 03       		.byte	0x3
 1030 0323 0F01     		.2byte	0x10f
 1031 0325 30030000 		.4byte	0x330
 1032 0329 01       		.byte	0x1
 1033 032a 05       		.byte	0x5
 1034 032b 03       		.byte	0x3
 1035 032c 00000000 		.4byte	USBFS_DEVICE0_CONFIGURATION0_INTERFACE0_TABLE
 1036 0330 0F       		.uleb128 0xf
 1037 0331 0D030000 		.4byte	0x30d
 1038 0335 0C       		.uleb128 0xc
 1039 0336 F3000000 		.4byte	0xf3
 1040 033a 45030000 		.4byte	0x345
 1041 033e 0D       		.uleb128 0xd
 1042 033f 8D000000 		.4byte	0x8d
 1043 0343 01       		.byte	0x1
 1044 0344 00       		.byte	0x0
 1045 0345 11       		.uleb128 0x11
 1046 0346 E7020000 		.4byte	.LASF44
 1047 034a 03       		.byte	0x3
 1048 034b 1A01     		.2byte	0x11a
 1049 034d 58030000 		.4byte	0x358
 1050 0351 01       		.byte	0x1
 1051 0352 05       		.byte	0x5
 1052 0353 03       		.byte	0x3
 1053 0354 00000000 		.4byte	USBFS_DEVICE0_CONFIGURATION0_EP_SETTINGS_TABLE
 1054 0358 0F       		.uleb128 0xf
 1055 0359 35030000 		.4byte	0x335
 1056 035d 0C       		.uleb128 0xc
 1057 035e 72000000 		.4byte	0x72
 1058 0362 6D030000 		.4byte	0x36d
 1059 0366 0D       		.uleb128 0xd
 1060 0367 8D000000 		.4byte	0x8d
 1061 036b 00       		.byte	0x0
 1062 036c 00       		.byte	0x0
 1063 036d 11       		.uleb128 0x11
 1064 036e 1B000000 		.4byte	.LASF45
 1065 0372 03       		.byte	0x3
 1066 0373 1F01     		.2byte	0x11f
 1067 0375 80030000 		.4byte	0x380
 1068 0379 01       		.byte	0x1
 1069 037a 05       		.byte	0x5
 1070 037b 03       		.byte	0x3
 1071 037c 00000000 		.4byte	USBFS_DEVICE0_CONFIGURATION0_INTERFACE_CLASS
 1072 0380 0F       		.uleb128 0xf
 1073 0381 5D030000 		.4byte	0x35d
 1074 0385 0C       		.uleb128 0xc
 1075 0386 A7010000 		.4byte	0x1a7
 1076 038a 95030000 		.4byte	0x395
 1077 038e 0D       		.uleb128 0xd
 1078 038f 8D000000 		.4byte	0x8d
 1079 0393 03       		.byte	0x3
ARM GAS  C:\Users\KEVIN-~1\AppData\Local\Temp\cclMAa09.s 			page 20


 1080 0394 00       		.byte	0x0
 1081 0395 11       		.uleb128 0x11
 1082 0396 12020000 		.4byte	.LASF46
 1083 039a 03       		.byte	0x3
 1084 039b 2701     		.2byte	0x127
 1085 039d A8030000 		.4byte	0x3a8
 1086 03a1 01       		.byte	0x1
 1087 03a2 05       		.byte	0x5
 1088 03a3 03       		.byte	0x3
 1089 03a4 00000000 		.4byte	USBFS_DEVICE0_CONFIGURATION0_TABLE
 1090 03a8 0F       		.uleb128 0xf
 1091 03a9 85030000 		.4byte	0x385
 1092 03ad 0C       		.uleb128 0xc
 1093 03ae A7010000 		.4byte	0x1a7
 1094 03b2 BD030000 		.4byte	0x3bd
 1095 03b6 0D       		.uleb128 0xd
 1096 03b7 8D000000 		.4byte	0x8d
 1097 03bb 01       		.byte	0x1
 1098 03bc 00       		.byte	0x0
 1099 03bd 11       		.uleb128 0x11
 1100 03be 3A020000 		.4byte	.LASF47
 1101 03c2 03       		.byte	0x3
 1102 03c3 3101     		.2byte	0x131
 1103 03c5 D0030000 		.4byte	0x3d0
 1104 03c9 01       		.byte	0x1
 1105 03ca 05       		.byte	0x5
 1106 03cb 03       		.byte	0x3
 1107 03cc 00000000 		.4byte	USBFS_DEVICE0_TABLE
 1108 03d0 0F       		.uleb128 0xf
 1109 03d1 AD030000 		.4byte	0x3ad
 1110 03d5 11       		.uleb128 0x11
 1111 03d6 D1000000 		.4byte	.LASF48
 1112 03da 03       		.byte	0x3
 1113 03db 3801     		.2byte	0x138
 1114 03dd E8030000 		.4byte	0x3e8
 1115 03e1 01       		.byte	0x1
 1116 03e2 05       		.byte	0x5
 1117 03e3 03       		.byte	0x3
 1118 03e4 00000000 		.4byte	USBFS_TABLE
 1119 03e8 0F       		.uleb128 0xf
 1120 03e9 0D030000 		.4byte	0x30d
 1121 03ed 00       		.byte	0x0
 1122              		.section	.debug_abbrev
 1123 0000 01       		.uleb128 0x1
 1124 0001 11       		.uleb128 0x11
 1125 0002 01       		.byte	0x1
 1126 0003 25       		.uleb128 0x25
 1127 0004 0E       		.uleb128 0xe
 1128 0005 13       		.uleb128 0x13
 1129 0006 0B       		.uleb128 0xb
 1130 0007 03       		.uleb128 0x3
 1131 0008 0E       		.uleb128 0xe
 1132 0009 1B       		.uleb128 0x1b
 1133 000a 0E       		.uleb128 0xe
 1134 000b 11       		.uleb128 0x11
 1135 000c 01       		.uleb128 0x1
 1136 000d 12       		.uleb128 0x12
ARM GAS  C:\Users\KEVIN-~1\AppData\Local\Temp\cclMAa09.s 			page 21


 1137 000e 01       		.uleb128 0x1
 1138 000f 10       		.uleb128 0x10
 1139 0010 06       		.uleb128 0x6
 1140 0011 00       		.byte	0x0
 1141 0012 00       		.byte	0x0
 1142 0013 02       		.uleb128 0x2
 1143 0014 24       		.uleb128 0x24
 1144 0015 00       		.byte	0x0
 1145 0016 0B       		.uleb128 0xb
 1146 0017 0B       		.uleb128 0xb
 1147 0018 3E       		.uleb128 0x3e
 1148 0019 0B       		.uleb128 0xb
 1149 001a 03       		.uleb128 0x3
 1150 001b 0E       		.uleb128 0xe
 1151 001c 00       		.byte	0x0
 1152 001d 00       		.byte	0x0
 1153 001e 03       		.uleb128 0x3
 1154 001f 24       		.uleb128 0x24
 1155 0020 00       		.byte	0x0
 1156 0021 0B       		.uleb128 0xb
 1157 0022 0B       		.uleb128 0xb
 1158 0023 3E       		.uleb128 0x3e
 1159 0024 0B       		.uleb128 0xb
 1160 0025 03       		.uleb128 0x3
 1161 0026 08       		.uleb128 0x8
 1162 0027 00       		.byte	0x0
 1163 0028 00       		.byte	0x0
 1164 0029 04       		.uleb128 0x4
 1165 002a 16       		.uleb128 0x16
 1166 002b 00       		.byte	0x0
 1167 002c 03       		.uleb128 0x3
 1168 002d 0E       		.uleb128 0xe
 1169 002e 3A       		.uleb128 0x3a
 1170 002f 0B       		.uleb128 0xb
 1171 0030 3B       		.uleb128 0x3b
 1172 0031 0B       		.uleb128 0xb
 1173 0032 49       		.uleb128 0x49
 1174 0033 13       		.uleb128 0x13
 1175 0034 00       		.byte	0x0
 1176 0035 00       		.byte	0x0
 1177 0036 05       		.uleb128 0x5
 1178 0037 35       		.uleb128 0x35
 1179 0038 00       		.byte	0x0
 1180 0039 49       		.uleb128 0x49
 1181 003a 13       		.uleb128 0x13
 1182 003b 00       		.byte	0x0
 1183 003c 00       		.byte	0x0
 1184 003d 06       		.uleb128 0x6
 1185 003e 24       		.uleb128 0x24
 1186 003f 00       		.byte	0x0
 1187 0040 0B       		.uleb128 0xb
 1188 0041 0B       		.uleb128 0xb
 1189 0042 3E       		.uleb128 0x3e
 1190 0043 0B       		.uleb128 0xb
 1191 0044 00       		.byte	0x0
 1192 0045 00       		.byte	0x0
 1193 0046 07       		.uleb128 0x7
ARM GAS  C:\Users\KEVIN-~1\AppData\Local\Temp\cclMAa09.s 			page 22


 1194 0047 0F       		.uleb128 0xf
 1195 0048 00       		.byte	0x0
 1196 0049 0B       		.uleb128 0xb
 1197 004a 0B       		.uleb128 0xb
 1198 004b 00       		.byte	0x0
 1199 004c 00       		.byte	0x0
 1200 004d 08       		.uleb128 0x8
 1201 004e 13       		.uleb128 0x13
 1202 004f 01       		.byte	0x1
 1203 0050 03       		.uleb128 0x3
 1204 0051 0E       		.uleb128 0xe
 1205 0052 0B       		.uleb128 0xb
 1206 0053 0B       		.uleb128 0xb
 1207 0054 3A       		.uleb128 0x3a
 1208 0055 0B       		.uleb128 0xb
 1209 0056 3B       		.uleb128 0x3b
 1210 0057 0B       		.uleb128 0xb
 1211 0058 01       		.uleb128 0x1
 1212 0059 13       		.uleb128 0x13
 1213 005a 00       		.byte	0x0
 1214 005b 00       		.byte	0x0
 1215 005c 09       		.uleb128 0x9
 1216 005d 0D       		.uleb128 0xd
 1217 005e 00       		.byte	0x0
 1218 005f 03       		.uleb128 0x3
 1219 0060 0E       		.uleb128 0xe
 1220 0061 3A       		.uleb128 0x3a
 1221 0062 0B       		.uleb128 0xb
 1222 0063 3B       		.uleb128 0x3b
 1223 0064 0B       		.uleb128 0xb
 1224 0065 49       		.uleb128 0x49
 1225 0066 13       		.uleb128 0x13
 1226 0067 38       		.uleb128 0x38
 1227 0068 0A       		.uleb128 0xa
 1228 0069 00       		.byte	0x0
 1229 006a 00       		.byte	0x0
 1230 006b 0A       		.uleb128 0xa
 1231 006c 0F       		.uleb128 0xf
 1232 006d 00       		.byte	0x0
 1233 006e 0B       		.uleb128 0xb
 1234 006f 0B       		.uleb128 0xb
 1235 0070 49       		.uleb128 0x49
 1236 0071 13       		.uleb128 0x13
 1237 0072 00       		.byte	0x0
 1238 0073 00       		.byte	0x0
 1239 0074 0B       		.uleb128 0xb
 1240 0075 0D       		.uleb128 0xd
 1241 0076 00       		.byte	0x0
 1242 0077 03       		.uleb128 0x3
 1243 0078 08       		.uleb128 0x8
 1244 0079 3A       		.uleb128 0x3a
 1245 007a 0B       		.uleb128 0xb
 1246 007b 3B       		.uleb128 0x3b
 1247 007c 0B       		.uleb128 0xb
 1248 007d 49       		.uleb128 0x49
 1249 007e 13       		.uleb128 0x13
 1250 007f 38       		.uleb128 0x38
ARM GAS  C:\Users\KEVIN-~1\AppData\Local\Temp\cclMAa09.s 			page 23


 1251 0080 0A       		.uleb128 0xa
 1252 0081 00       		.byte	0x0
 1253 0082 00       		.byte	0x0
 1254 0083 0C       		.uleb128 0xc
 1255 0084 01       		.uleb128 0x1
 1256 0085 01       		.byte	0x1
 1257 0086 49       		.uleb128 0x49
 1258 0087 13       		.uleb128 0x13
 1259 0088 01       		.uleb128 0x1
 1260 0089 13       		.uleb128 0x13
 1261 008a 00       		.byte	0x0
 1262 008b 00       		.byte	0x0
 1263 008c 0D       		.uleb128 0xd
 1264 008d 21       		.uleb128 0x21
 1265 008e 00       		.byte	0x0
 1266 008f 49       		.uleb128 0x49
 1267 0090 13       		.uleb128 0x13
 1268 0091 2F       		.uleb128 0x2f
 1269 0092 0B       		.uleb128 0xb
 1270 0093 00       		.byte	0x0
 1271 0094 00       		.byte	0x0
 1272 0095 0E       		.uleb128 0xe
 1273 0096 34       		.uleb128 0x34
 1274 0097 00       		.byte	0x0
 1275 0098 03       		.uleb128 0x3
 1276 0099 0E       		.uleb128 0xe
 1277 009a 3A       		.uleb128 0x3a
 1278 009b 0B       		.uleb128 0xb
 1279 009c 3B       		.uleb128 0x3b
 1280 009d 0B       		.uleb128 0xb
 1281 009e 49       		.uleb128 0x49
 1282 009f 13       		.uleb128 0x13
 1283 00a0 3F       		.uleb128 0x3f
 1284 00a1 0C       		.uleb128 0xc
 1285 00a2 02       		.uleb128 0x2
 1286 00a3 0A       		.uleb128 0xa
 1287 00a4 00       		.byte	0x0
 1288 00a5 00       		.byte	0x0
 1289 00a6 0F       		.uleb128 0xf
 1290 00a7 26       		.uleb128 0x26
 1291 00a8 00       		.byte	0x0
 1292 00a9 49       		.uleb128 0x49
 1293 00aa 13       		.uleb128 0x13
 1294 00ab 00       		.byte	0x0
 1295 00ac 00       		.byte	0x0
 1296 00ad 10       		.uleb128 0x10
 1297 00ae 21       		.uleb128 0x21
 1298 00af 00       		.byte	0x0
 1299 00b0 49       		.uleb128 0x49
 1300 00b1 13       		.uleb128 0x13
 1301 00b2 2F       		.uleb128 0x2f
 1302 00b3 05       		.uleb128 0x5
 1303 00b4 00       		.byte	0x0
 1304 00b5 00       		.byte	0x0
 1305 00b6 11       		.uleb128 0x11
 1306 00b7 34       		.uleb128 0x34
 1307 00b8 00       		.byte	0x0
ARM GAS  C:\Users\KEVIN-~1\AppData\Local\Temp\cclMAa09.s 			page 24


 1308 00b9 03       		.uleb128 0x3
 1309 00ba 0E       		.uleb128 0xe
 1310 00bb 3A       		.uleb128 0x3a
 1311 00bc 0B       		.uleb128 0xb
 1312 00bd 3B       		.uleb128 0x3b
 1313 00be 05       		.uleb128 0x5
 1314 00bf 49       		.uleb128 0x49
 1315 00c0 13       		.uleb128 0x13
 1316 00c1 3F       		.uleb128 0x3f
 1317 00c2 0C       		.uleb128 0xc
 1318 00c3 02       		.uleb128 0x2
 1319 00c4 0A       		.uleb128 0xa
 1320 00c5 00       		.byte	0x0
 1321 00c6 00       		.byte	0x0
 1322 00c7 00       		.byte	0x0
 1323              		.section	.debug_pubnames,"",%progbits
 1324 0000 53030000 		.4byte	0x353
 1325 0004 0200     		.2byte	0x2
 1326 0006 00000000 		.4byte	.Ldebug_info0
 1327 000a EE030000 		.4byte	0x3ee
 1328 000e C2010000 		.4byte	0x1c2
 1329 0012 55534246 		.ascii	"USBFS_DEVICE0_DESCR\000"
 1329      535F4445 
 1329      56494345 
 1329      305F4445 
 1329      53435200 
 1330 0026 E9010000 		.4byte	0x1e9
 1331 002a 55534246 		.ascii	"USBFS_DEVICE0_CONFIGURATION0_DESCR\000"
 1331      535F4445 
 1331      56494345 
 1331      305F434F 
 1331      4E464947 
 1332 004d 11020000 		.4byte	0x211
 1333 0051 55534246 		.ascii	"USBFS_STRING_DESCRIPTORS\000"
 1333      535F5354 
 1333      52494E47 
 1333      5F444553 
 1333      43524950 
 1334 006a 38020000 		.4byte	0x238
 1335 006e 55534246 		.ascii	"USBFS_HIDREPORT_DESCRIPTOR1\000"
 1335      535F4849 
 1335      44524550 
 1335      4F52545F 
 1335      44455343 
 1336 008a 4F020000 		.4byte	0x24f
 1337 008e 55534246 		.ascii	"USBFS_DEVICE0_CONFIGURATION0_INTERFACE0_ALTERNATE0_"
 1337      535F4445 
 1337      56494345 
 1337      305F434F 
 1337      4E464947 
 1338 00c1 4849445F 		.ascii	"HID_IN_RPT_SCB\000"
 1338      494E5F52 
 1338      50545F53 
 1338      434200
 1339 00d0 71020000 		.4byte	0x271
 1340 00d4 55534246 		.ascii	"USBFS_DEVICE0_CONFIGURATION0_INTERFACE0_ALTERNATE0_"
 1340      535F4445 
ARM GAS  C:\Users\KEVIN-~1\AppData\Local\Temp\cclMAa09.s 			page 25


 1340      56494345 
 1340      305F434F 
 1340      4E464947 
 1341 0107 4849445F 		.ascii	"HID_IN_BUF\000"
 1341      494E5F42 
 1341      554600
 1342 0112 93020000 		.4byte	0x293
 1343 0116 55534246 		.ascii	"USBFS_DEVICE0_CONFIGURATION0_INTERFACE0_ALTERNATE0_"
 1343      535F4445 
 1343      56494345 
 1343      305F434F 
 1343      4E464947 
 1344 0149 4849445F 		.ascii	"HID_IN_RPT_TABLE\000"
 1344      494E5F52 
 1344      50545F54 
 1344      41424C45 
 1344      00
 1345 015a AA020000 		.4byte	0x2aa
 1346 015e 55534246 		.ascii	"USBFS_DEVICE0_CONFIGURATION0_INTERFACE0_ALTERNATE0_"
 1346      535F4445 
 1346      56494345 
 1346      305F434F 
 1346      4E464947 
 1347 0191 4849445F 		.ascii	"HID_OUT_RPT_SCB\000"
 1347      4F55545F 
 1347      5250545F 
 1347      53434200 
 1348 01a1 BC020000 		.4byte	0x2bc
 1349 01a5 55534246 		.ascii	"USBFS_DEVICE0_CONFIGURATION0_INTERFACE0_ALTERNATE0_"
 1349      535F4445 
 1349      56494345 
 1349      305F434F 
 1349      4E464947 
 1350 01d8 4849445F 		.ascii	"HID_OUT_BUF\000"
 1350      4F55545F 
 1350      42554600 
 1351 01e4 CE020000 		.4byte	0x2ce
 1352 01e8 55534246 		.ascii	"USBFS_DEVICE0_CONFIGURATION0_INTERFACE0_ALTERNATE0_"
 1352      535F4445 
 1352      56494345 
 1352      305F434F 
 1352      4E464947 
 1353 021b 4849445F 		.ascii	"HID_OUT_RPT_TABLE\000"
 1353      4F55545F 
 1353      5250545F 
 1353      5441424C 
 1353      4500
 1354 022d F5020000 		.4byte	0x2f5
 1355 0231 55534246 		.ascii	"USBFS_DEVICE0_CONFIGURATION0_INTERFACE0_ALTERNATE0_"
 1355      535F4445 
 1355      56494345 
 1355      305F434F 
 1355      4E464947 
 1356 0264 4849445F 		.ascii	"HID_TABLE\000"
 1356      5441424C 
 1356      4500
 1357 026e 1D030000 		.4byte	0x31d
ARM GAS  C:\Users\KEVIN-~1\AppData\Local\Temp\cclMAa09.s 			page 26


 1358 0272 55534246 		.ascii	"USBFS_DEVICE0_CONFIGURATION0_INTERFACE0_TABLE\000"
 1358      535F4445 
 1358      56494345 
 1358      305F434F 
 1358      4E464947 
 1359 02a0 45030000 		.4byte	0x345
 1360 02a4 55534246 		.ascii	"USBFS_DEVICE0_CONFIGURATION0_EP_SETTINGS_TABLE\000"
 1360      535F4445 
 1360      56494345 
 1360      305F434F 
 1360      4E464947 
 1361 02d3 6D030000 		.4byte	0x36d
 1362 02d7 55534246 		.ascii	"USBFS_DEVICE0_CONFIGURATION0_INTERFACE_CLASS\000"
 1362      535F4445 
 1362      56494345 
 1362      305F434F 
 1362      4E464947 
 1363 0304 95030000 		.4byte	0x395
 1364 0308 55534246 		.ascii	"USBFS_DEVICE0_CONFIGURATION0_TABLE\000"
 1364      535F4445 
 1364      56494345 
 1364      305F434F 
 1364      4E464947 
 1365 032b BD030000 		.4byte	0x3bd
 1366 032f 55534246 		.ascii	"USBFS_DEVICE0_TABLE\000"
 1366      535F4445 
 1366      56494345 
 1366      305F5441 
 1366      424C4500 
 1367 0343 D5030000 		.4byte	0x3d5
 1368 0347 55534246 		.ascii	"USBFS_TABLE\000"
 1368      535F5441 
 1368      424C4500 
 1369 0353 00000000 		.4byte	0x0
 1370              		.section	.debug_str,"MS",%progbits,1
 1371              	.LASF6:
 1372 0000 6C6F6E67 		.ascii	"long long int\000"
 1372      206C6F6E 
 1372      6720696E 
 1372      7400
 1373              	.LASF27:
 1374 000e 70537461 		.ascii	"pStatusBlock\000"
 1374      74757342 
 1374      6C6F636B 
 1374      00
 1375              	.LASF45:
 1376 001b 55534246 		.ascii	"USBFS_DEVICE0_CONFIGURATION0_INTERFACE_CLASS\000"
 1376      535F4445 
 1376      56494345 
 1376      305F434F 
 1376      4E464947 
 1377              	.LASF41:
 1378 0048 55534246 		.ascii	"USBFS_DEVICE0_CONFIGURATION0_INTERFACE0_ALTERNATE0_"
 1378      535F4445 
 1378      56494345 
 1378      305F434F 
 1378      4E464947 
ARM GAS  C:\Users\KEVIN-~1\AppData\Local\Temp\cclMAa09.s 			page 27


 1379 007b 4849445F 		.ascii	"HID_OUT_RPT_TABLE\000"
 1379      4F55545F 
 1379      5250545F 
 1379      5441424C 
 1379      4500
 1380              	.LASF38:
 1381 008d 55534246 		.ascii	"USBFS_DEVICE0_CONFIGURATION0_INTERFACE0_ALTERNATE0_"
 1381      535F4445 
 1381      56494345 
 1381      305F434F 
 1381      4E464947 
 1382 00c0 4849445F 		.ascii	"HID_IN_RPT_TABLE\000"
 1382      494E5F52 
 1382      50545F54 
 1382      41424C45 
 1382      00
 1383              	.LASF48:
 1384 00d1 55534246 		.ascii	"USBFS_TABLE\000"
 1384      535F5441 
 1384      424C4500 
 1385              	.LASF25:
 1386 00dd 636F756E 		.ascii	"count\000"
 1386      7400
 1387              	.LASF43:
 1388 00e3 55534246 		.ascii	"USBFS_DEVICE0_CONFIGURATION0_INTERFACE0_TABLE\000"
 1388      535F4445 
 1388      56494345 
 1388      305F434F 
 1388      4E464947 
 1389              	.LASF3:
 1390 0111 73686F72 		.ascii	"short unsigned int\000"
 1390      7420756E 
 1390      7369676E 
 1390      65642069 
 1390      6E7400
 1391              	.LASF37:
 1392 0124 55534246 		.ascii	"USBFS_DEVICE0_CONFIGURATION0_INTERFACE0_ALTERNATE0_"
 1392      535F4445 
 1392      56494345 
 1392      305F434F 
 1392      4E464947 
 1393 0157 4849445F 		.ascii	"HID_IN_BUF\000"
 1393      494E5F42 
 1393      554600
 1394              	.LASF26:
 1395 0162 70446174 		.ascii	"pData\000"
 1395      6100
 1396              	.LASF28:
 1397 0168 545F5553 		.ascii	"T_USBFS_TD\000"
 1397      4246535F 
 1397      544400
 1398              	.LASF13:
 1399 0173 616C7453 		.ascii	"altSetting\000"
 1399      65747469 
 1399      6E6700
 1400              	.LASF40:
 1401 017e 55534246 		.ascii	"USBFS_DEVICE0_CONFIGURATION0_INTERFACE0_ALTERNATE0_"
ARM GAS  C:\Users\KEVIN-~1\AppData\Local\Temp\cclMAa09.s 			page 28


 1401      535F4445 
 1401      56494345 
 1401      305F434F 
 1401      4E464947 
 1402 01b1 4849445F 		.ascii	"HID_OUT_BUF\000"
 1402      4F55545F 
 1402      42554600 
 1403              	.LASF34:
 1404 01bd 55534246 		.ascii	"USBFS_STRING_DESCRIPTORS\000"
 1404      535F5354 
 1404      52494E47 
 1404      5F444553 
 1404      43524950 
 1405              	.LASF20:
 1406 01d6 5F555342 		.ascii	"_USBFS_XferStatusBlock\000"
 1406      46535F58 
 1406      66657253 
 1406      74617475 
 1406      73426C6F 
 1407              	.LASF15:
 1408 01ed 61747472 		.ascii	"attributes\000"
 1408      69627574 
 1408      657300
 1409              	.LASF23:
 1410 01f8 545F5553 		.ascii	"T_USBFS_XFER_STATUS_BLOCK\000"
 1410      4246535F 
 1410      58464552 
 1410      5F535441 
 1410      5455535F 
 1411              	.LASF46:
 1412 0212 55534246 		.ascii	"USBFS_DEVICE0_CONFIGURATION0_TABLE\000"
 1412      535F4445 
 1412      56494345 
 1412      305F434F 
 1412      4E464947 
 1413              	.LASF14:
 1414 0235 61646472 		.ascii	"addr\000"
 1414      00
 1415              	.LASF47:
 1416 023a 55534246 		.ascii	"USBFS_DEVICE0_TABLE\000"
 1416      535F4445 
 1416      56494345 
 1416      305F5441 
 1416      424C4500 
 1417              	.LASF39:
 1418 024e 55534246 		.ascii	"USBFS_DEVICE0_CONFIGURATION0_INTERFACE0_ALTERNATE0_"
 1418      535F4445 
 1418      56494345 
 1418      305F434F 
 1418      4E464947 
 1419 0281 4849445F 		.ascii	"HID_OUT_RPT_SCB\000"
 1419      4F55545F 
 1419      5250545F 
 1419      53434200 
 1420              	.LASF42:
 1421 0291 55534246 		.ascii	"USBFS_DEVICE0_CONFIGURATION0_INTERFACE0_ALTERNATE0_"
 1421      535F4445 
ARM GAS  C:\Users\KEVIN-~1\AppData\Local\Temp\cclMAa09.s 			page 29


 1421      56494345 
 1421      305F434F 
 1421      4E464947 
 1422 02c4 4849445F 		.ascii	"HID_TABLE\000"
 1422      5441424C 
 1422      4500
 1423              	.LASF5:
 1424 02ce 6C6F6E67 		.ascii	"long unsigned int\000"
 1424      20756E73 
 1424      69676E65 
 1424      6420696E 
 1424      7400
 1425              	.LASF11:
 1426 02e0 75696E74 		.ascii	"uint16\000"
 1426      313600
 1427              	.LASF44:
 1428 02e7 55534246 		.ascii	"USBFS_DEVICE0_CONFIGURATION0_EP_SETTINGS_TABLE\000"
 1428      535F4445 
 1428      56494345 
 1428      305F434F 
 1428      4E464947 
 1429              	.LASF19:
 1430 0316 5F555342 		.ascii	"_USBFS_EpSettingsBlock\000"
 1430      46535F45 
 1430      70536574 
 1430      74696E67 
 1430      73426C6F 
 1431              	.LASF33:
 1432 032d 55534246 		.ascii	"USBFS_DEVICE0_CONFIGURATION0_DESCR\000"
 1432      535F4445 
 1432      56494345 
 1432      305F434F 
 1432      4E464947 
 1433              	.LASF24:
 1434 0350 5F555342 		.ascii	"_USBFS_Td\000"
 1434      46535F54 
 1434      6400
 1435              	.LASF1:
 1436 035a 756E7369 		.ascii	"unsigned char\000"
 1436      676E6564 
 1436      20636861 
 1436      7200
 1437              	.LASF8:
 1438 0368 756E7369 		.ascii	"unsigned int\000"
 1438      676E6564 
 1438      20696E74 
 1438      00
 1439              	.LASF7:
 1440 0375 6C6F6E67 		.ascii	"long long unsigned int\000"
 1440      206C6F6E 
 1440      6720756E 
 1440      7369676E 
 1440      65642069 
 1441              	.LASF30:
 1442 038c 705F6C69 		.ascii	"p_list\000"
 1442      737400
 1443              	.LASF18:
ARM GAS  C:\Users\KEVIN-~1\AppData\Local\Temp\cclMAa09.s 			page 30


 1444 0393 545F5553 		.ascii	"T_USBFS_EP_SETTINGS_BLOCK\000"
 1444      4246535F 
 1444      45505F53 
 1444      45545449 
 1444      4E47535F 
 1445              	.LASF32:
 1446 03ad 55534246 		.ascii	"USBFS_DEVICE0_DESCR\000"
 1446      535F4445 
 1446      56494345 
 1446      305F4445 
 1446      53435200 
 1447              	.LASF51:
 1448 03c1 433A5C55 		.ascii	"C:\\Users\\Kevin-Patxi\\Downloads\\AN82072(PSoC Cre"
 1448      73657273 
 1448      5C4B6576 
 1448      696E2D50 
 1448      61747869 
 1449 03f0 61746F72 		.ascii	"ator 2.1 SP1)\\AN82072\\PSoC Projects\\Project 1\\P"
 1449      20322E31 
 1449      20535031 
 1449      295C414E 
 1449      38323037 
 1450 041f 726F6A65 		.ascii	"roject 1.cydsn\000"
 1450      63742031 
 1450      2E637964 
 1450      736E00
 1451              	.LASF49:
 1452 042e 474E5520 		.ascii	"GNU C 4.4.1\000"
 1452      4320342E 
 1452      342E3100 
 1453              	.LASF31:
 1454 043a 545F5553 		.ascii	"T_USBFS_LUT\000"
 1454      4246535F 
 1454      4C555400 
 1455              	.LASF9:
 1456 0446 63686172 		.ascii	"char\000"
 1456      00
 1457              	.LASF50:
 1458 044b 2E5C4765 		.ascii	".\\Generated_Source\\PSoC5\\USBFS_descr.c\000"
 1458      6E657261 
 1458      7465645F 
 1458      536F7572 
 1458      63655C50 
 1459              	.LASF16:
 1460 0472 62756666 		.ascii	"bufferSize\000"
 1460      65725369 
 1460      7A6500
 1461              	.LASF2:
 1462 047d 73686F72 		.ascii	"short int\000"
 1462      7420696E 
 1462      7400
 1463              	.LASF35:
 1464 0487 55534246 		.ascii	"USBFS_HIDREPORT_DESCRIPTOR1\000"
 1464      535F4849 
 1464      44524550 
 1464      4F52545F 
 1464      44455343 
ARM GAS  C:\Users\KEVIN-~1\AppData\Local\Temp\cclMAa09.s 			page 31


 1465              	.LASF36:
 1466 04a3 55534246 		.ascii	"USBFS_DEVICE0_CONFIGURATION0_INTERFACE0_ALTERNATE0_"
 1466      535F4445 
 1466      56494345 
 1466      305F434F 
 1466      4E464947 
 1467 04d6 4849445F 		.ascii	"HID_IN_RPT_SCB\000"
 1467      494E5F52 
 1467      50545F53 
 1467      434200
 1468              	.LASF10:
 1469 04e5 75696E74 		.ascii	"uint8\000"
 1469      3800
 1470              	.LASF12:
 1471 04eb 696E7465 		.ascii	"interface\000"
 1471      72666163 
 1471      6500
 1472              	.LASF4:
 1473 04f5 6C6F6E67 		.ascii	"long int\000"
 1473      20696E74 
 1473      00
 1474              	.LASF21:
 1475 04fe 73746174 		.ascii	"status\000"
 1475      757300
 1476              	.LASF0:
 1477 0505 7369676E 		.ascii	"signed char\000"
 1477      65642063 
 1477      68617200 
 1478              	.LASF22:
 1479 0511 6C656E67 		.ascii	"length\000"
 1479      746800
 1480              	.LASF29:
 1481 0518 5F555342 		.ascii	"_USBFS_Lut\000"
 1481      46535F4C 
 1481      757400
 1482              	.LASF17:
 1483 0523 624D6973 		.ascii	"bMisc\000"
 1483      6300
 1484              		.ident	"GCC: (Sourcery G++ Lite 2010q1-188) 4.4.1"
